[2024-11-12T15:29:39.103-0500] {local_task_job_runner.py:123} INFO - ::group::Pre task execution logs
[2024-11-12T15:29:39.613-0500] {taskinstance.py:2613} INFO - Dependencies all met for dep_context=non-requeueable deps ti=<TaskInstance: publications_processing_dag.download_publications scheduled__2024-11-11T00:00:00+00:00 [queued]>
[2024-11-12T15:29:39.784-0500] {taskinstance.py:2613} INFO - Dependencies all met for dep_context=requeueable deps ti=<TaskInstance: publications_processing_dag.download_publications scheduled__2024-11-11T00:00:00+00:00 [queued]>
[2024-11-12T15:29:39.786-0500] {taskinstance.py:2866} INFO - Starting attempt 1 of 2
[2024-11-12T15:29:39.997-0500] {taskinstance.py:2889} INFO - Executing <Task(PythonOperator): download_publications> on 2024-11-11 00:00:00+00:00
[2024-11-12T15:29:40.013-0500] {standard_task_runner.py:72} INFO - Started process 50643 to run task
[2024-11-12T15:29:40.016-0500] {standard_task_runner.py:104} INFO - Running: ['airflow', 'tasks', 'run', 'publications_processing_dag', 'download_publications', 'scheduled__2024-11-11T00:00:00+00:00', '--job-id', '3', '--raw', '--subdir', 'DAGS_FOLDER/publications_dag.py', '--cfg-path', '/tmp/tmp8ctsq8oz']
[2024-11-12T15:29:40.027-0500] {standard_task_runner.py:105} INFO - Job 3: Subtask download_publications
[2024-11-12T15:29:42.050-0500] {task_command.py:467} INFO - Running <TaskInstance: publications_processing_dag.download_publications scheduled__2024-11-11T00:00:00+00:00 [running]> on host LAPTOP-GD5THE3N.
[2024-11-12T15:29:44.262-0500] {taskinstance.py:3132} INFO - Exporting env vars: AIRFLOW_CTX_DAG_OWNER='airflow' AIRFLOW_CTX_DAG_ID='publications_processing_dag' AIRFLOW_CTX_TASK_ID='download_publications' AIRFLOW_CTX_EXECUTION_DATE='2024-11-11T00:00:00+00:00' AIRFLOW_CTX_TRY_NUMBER='1' AIRFLOW_CTX_DAG_RUN_ID='scheduled__2024-11-11T00:00:00+00:00'
[2024-11-12T15:29:44.264-0500] {logging_mixin.py:190} INFO - Task instance is in running state
[2024-11-12T15:29:44.265-0500] {logging_mixin.py:190} INFO -  Previous state of the Task instance: queued
[2024-11-12T15:29:44.266-0500] {logging_mixin.py:190} INFO - Current task name:download_publications state:running start_date:2024-11-12 20:29:39.617189+00:00
[2024-11-12T15:29:44.267-0500] {logging_mixin.py:190} INFO - Dag name:publications_processing_dag and current dag run status:running
[2024-11-12T15:29:44.268-0500] {taskinstance.py:731} INFO - ::endgroup::
[2024-11-12T15:29:45.541-0500] {logging_mixin.py:190} INFO - Downloaded 10-years-after-global-financial-crisis.pdf
[2024-11-12T15:29:46.287-0500] {logging_mixin.py:190} INFO - Downloaded 2023-international-valuation-guide-to-cost-of-capital.pdf
[2024-11-12T15:29:46.290-0500] {python.py:240} INFO - Done. Returned value was: None
[2024-11-12T15:29:46.871-0500] {taskinstance.py:340} INFO - ::group::Post task execution logs
[2024-11-12T15:29:46.873-0500] {taskinstance.py:352} INFO - Marking task as SUCCESS. dag_id=publications_processing_dag, task_id=download_publications, run_id=scheduled__2024-11-11T00:00:00+00:00, execution_date=20241111T000000, start_date=20241112T202939, end_date=20241112T202946
[2024-11-12T15:29:47.062-0500] {logging_mixin.py:190} INFO - Task instance in success state
[2024-11-12T15:29:47.063-0500] {logging_mixin.py:190} INFO -  Previous state of the Task instance: running
[2024-11-12T15:29:47.065-0500] {logging_mixin.py:190} INFO - Dag name:publications_processing_dag queued_at:2024-11-12 20:29:33.282790+00:00
[2024-11-12T15:29:47.067-0500] {logging_mixin.py:190} INFO - Task hostname:LAPTOP-GD5THE3N. operator:PythonOperator
[2024-11-12T15:29:47.110-0500] {local_task_job_runner.py:266} INFO - Task exited with return code 0
[2024-11-12T15:29:47.671-0500] {taskinstance.py:3895} INFO - 1 downstream tasks scheduled from follow-on schedule check
[2024-11-12T15:29:47.708-0500] {local_task_job_runner.py:245} INFO - ::endgroup::
