[2024-11-12T15:29:52.962-0500] {local_task_job_runner.py:123} INFO - ::group::Pre task execution logs
[2024-11-12T15:29:53.428-0500] {taskinstance.py:2613} INFO - Dependencies all met for dep_context=non-requeueable deps ti=<TaskInstance: publications_processing_dag.parsing_publications scheduled__2024-11-11T00:00:00+00:00 [queued]>
[2024-11-12T15:29:53.573-0500] {taskinstance.py:2613} INFO - Dependencies all met for dep_context=requeueable deps ti=<TaskInstance: publications_processing_dag.parsing_publications scheduled__2024-11-11T00:00:00+00:00 [queued]>
[2024-11-12T15:29:53.574-0500] {taskinstance.py:2866} INFO - Starting attempt 1 of 2
[2024-11-12T15:29:53.757-0500] {taskinstance.py:2889} INFO - Executing <Task(PythonOperator): parsing_publications> on 2024-11-11 00:00:00+00:00
[2024-11-12T15:29:53.762-0500] {standard_task_runner.py:72} INFO - Started process 50779 to run task
[2024-11-12T15:29:53.765-0500] {standard_task_runner.py:104} INFO - Running: ['airflow', 'tasks', 'run', 'publications_processing_dag', 'parsing_publications', 'scheduled__2024-11-11T00:00:00+00:00', '--job-id', '4', '--raw', '--subdir', 'DAGS_FOLDER/publications_dag.py', '--cfg-path', '/tmp/tmp8wu8h5nc']
[2024-11-12T15:29:53.767-0500] {standard_task_runner.py:105} INFO - Job 4: Subtask parsing_publications
[2024-11-12T15:29:55.486-0500] {task_command.py:467} INFO - Running <TaskInstance: publications_processing_dag.parsing_publications scheduled__2024-11-11T00:00:00+00:00 [running]> on host LAPTOP-GD5THE3N.
[2024-11-12T15:29:57.528-0500] {taskinstance.py:3132} INFO - Exporting env vars: AIRFLOW_CTX_DAG_OWNER='airflow' AIRFLOW_CTX_DAG_ID='publications_processing_dag' AIRFLOW_CTX_TASK_ID='parsing_publications' AIRFLOW_CTX_EXECUTION_DATE='2024-11-11T00:00:00+00:00' AIRFLOW_CTX_TRY_NUMBER='1' AIRFLOW_CTX_DAG_RUN_ID='scheduled__2024-11-11T00:00:00+00:00'
[2024-11-12T15:29:57.531-0500] {logging_mixin.py:190} INFO - Task instance is in running state
[2024-11-12T15:29:57.532-0500] {logging_mixin.py:190} INFO -  Previous state of the Task instance: queued
[2024-11-12T15:29:57.534-0500] {logging_mixin.py:190} INFO - Current task name:parsing_publications state:running start_date:2024-11-12 20:29:53.430560+00:00
[2024-11-12T15:29:57.534-0500] {logging_mixin.py:190} INFO - Dag name:publications_processing_dag and current dag run status:running
[2024-11-12T15:29:57.536-0500] {taskinstance.py:731} INFO - ::endgroup::
[2024-11-12T15:30:01.353-0500] {logging_mixin.py:190} INFO - Processing 2023-international-valuation-guide-to-cost-of-capital.pdf...
[2024-11-12T15:30:01.547-0500] {document_converter.py:202} INFO - Going to convert document batch...
[2024-11-12T15:30:02.877-0500] {logging_mixin.py:190} WARNING - Fetching 9 files:   0%|          | 0/9 [00:00<?, ?it/s]
[2024-11-12T15:30:02.878-0500] {logging_mixin.py:190} WARNING - Fetching 9 files: 100%|##########| 9/9 [00:00<00:00, 162011.74it/s]
[2024-11-12T15:30:06.199-0500] {base_pipeline.py:37} INFO - Processing document 2023-international-valuation-guide-to-cost-of-capital.pdf
[2024-11-12T15:34:20.429-0500] {document_converter.py:219} INFO - Finished converting document 2023-international-valuation-guide-to-cost-of-capital.pdf in 259.07 sec.
[2024-11-12T15:34:20.465-0500] {logging_mixin.py:190} INFO - Parsed 2023-international-valuation-guide-to-cost-of-capital.pdf to 2023-international-valuation-guide-to-cost-of-capital.md
[2024-11-12T15:34:20.469-0500] {logging_mixin.py:190} INFO - Processing 10-years-after-global-financial-crisis.pdf...
[2024-11-12T15:34:20.648-0500] {document_converter.py:202} INFO - Going to convert document batch...
[2024-11-12T15:34:20.650-0500] {base_pipeline.py:37} INFO - Processing document 10-years-after-global-financial-crisis.pdf
[2024-11-12T15:35:09.669-0500] {document_converter.py:219} INFO - Finished converting document 10-years-after-global-financial-crisis.pdf in 49.20 sec.
[2024-11-12T15:35:09.689-0500] {logging_mixin.py:190} INFO - Parsed 10-years-after-global-financial-crisis.pdf to 10-years-after-global-financial-crisis.md
[2024-11-12T15:35:09.748-0500] {python.py:240} INFO - Done. Returned value was: None
[2024-11-12T15:35:10.271-0500] {taskinstance.py:340} INFO - ::group::Post task execution logs
[2024-11-12T15:35:10.273-0500] {taskinstance.py:352} INFO - Marking task as SUCCESS. dag_id=publications_processing_dag, task_id=parsing_publications, run_id=scheduled__2024-11-11T00:00:00+00:00, execution_date=20241111T000000, start_date=20241112T202953, end_date=20241112T203510
[2024-11-12T15:35:10.455-0500] {logging_mixin.py:190} INFO - Task instance in success state
[2024-11-12T15:35:10.457-0500] {logging_mixin.py:190} INFO -  Previous state of the Task instance: running
[2024-11-12T15:35:10.458-0500] {logging_mixin.py:190} INFO - Dag name:publications_processing_dag queued_at:2024-11-12 20:29:33.282790+00:00
[2024-11-12T15:35:10.459-0500] {logging_mixin.py:190} INFO - Task hostname:LAPTOP-GD5THE3N. operator:PythonOperator
