[2024-11-12T15:10:54.482-0500] {processor.py:186} INFO - Started process (PID=45429) to work on /home/patrick/.cache/pypoetry/virtualenvs/airflow-DG3uFiME-py3.10/lib/python3.10/site-packages/airflow/example_dags/example_time_delta_sensor_async.py
[2024-11-12T15:10:54.484-0500] {processor.py:914} INFO - Processing file /home/patrick/.cache/pypoetry/virtualenvs/airflow-DG3uFiME-py3.10/lib/python3.10/site-packages/airflow/example_dags/example_time_delta_sensor_async.py for tasks to queue
[2024-11-12T15:10:54.486-0500] {logging_mixin.py:190} INFO - [2024-11-12T15:10:54.486-0500] {dagbag.py:588} INFO - Filling up the DagBag from /home/patrick/.cache/pypoetry/virtualenvs/airflow-DG3uFiME-py3.10/lib/python3.10/site-packages/airflow/example_dags/example_time_delta_sensor_async.py
[2024-11-12T15:10:54.493-0500] {processor.py:925} INFO - DAG(s) 'example_time_delta_sensor_async' retrieved from /home/patrick/.cache/pypoetry/virtualenvs/airflow-DG3uFiME-py3.10/lib/python3.10/site-packages/airflow/example_dags/example_time_delta_sensor_async.py
[2024-11-12T15:10:55.772-0500] {logging_mixin.py:190} INFO - [2024-11-12T15:10:55.772-0500] {override.py:1911} INFO - Created Permission View: can read on DAG:example_time_delta_sensor_async
[2024-11-12T15:10:56.088-0500] {logging_mixin.py:190} INFO - [2024-11-12T15:10:56.088-0500] {override.py:1911} INFO - Created Permission View: can delete on DAG:example_time_delta_sensor_async
[2024-11-12T15:10:56.409-0500] {logging_mixin.py:190} INFO - [2024-11-12T15:10:56.409-0500] {override.py:1911} INFO - Created Permission View: can edit on DAG:example_time_delta_sensor_async
[2024-11-12T15:10:56.828-0500] {logging_mixin.py:190} INFO - [2024-11-12T15:10:56.828-0500] {override.py:1911} INFO - Created Permission View: can read on DAG Run:example_time_delta_sensor_async
[2024-11-12T15:10:57.159-0500] {logging_mixin.py:190} INFO - [2024-11-12T15:10:57.159-0500] {override.py:1911} INFO - Created Permission View: can create on DAG Run:example_time_delta_sensor_async
[2024-11-12T15:10:57.483-0500] {logging_mixin.py:190} INFO - [2024-11-12T15:10:57.482-0500] {override.py:1911} INFO - Created Permission View: can delete on DAG Run:example_time_delta_sensor_async
[2024-11-12T15:10:57.809-0500] {logging_mixin.py:190} INFO - [2024-11-12T15:10:57.808-0500] {override.py:1911} INFO - Created Permission View: menu access on DAG Run:example_time_delta_sensor_async
[2024-11-12T15:10:57.810-0500] {logging_mixin.py:190} INFO - [2024-11-12T15:10:57.810-0500] {dag.py:3239} INFO - Sync 1 DAGs
[2024-11-12T15:10:57.944-0500] {logging_mixin.py:190} INFO - [2024-11-12T15:10:57.943-0500] {dag.py:3262} INFO - Creating ORM DAG for example_time_delta_sensor_async
[2024-11-12T15:10:57.945-0500] {logging_mixin.py:190} INFO - [2024-11-12T15:10:57.945-0500] {dag.py:4180} INFO - Setting next_dagrun for example_time_delta_sensor_async to None, run_after=None
[2024-11-12T15:10:58.487-0500] {processor.py:208} INFO - Processing /home/patrick/.cache/pypoetry/virtualenvs/airflow-DG3uFiME-py3.10/lib/python3.10/site-packages/airflow/example_dags/example_time_delta_sensor_async.py took 4.009 seconds
[2024-11-12T15:29:56.247-0500] {processor.py:186} INFO - Started process (PID=50806) to work on /home/patrick/.cache/pypoetry/virtualenvs/airflow-DG3uFiME-py3.10/lib/python3.10/site-packages/airflow/example_dags/example_time_delta_sensor_async.py
[2024-11-12T15:29:56.249-0500] {processor.py:914} INFO - Processing file /home/patrick/.cache/pypoetry/virtualenvs/airflow-DG3uFiME-py3.10/lib/python3.10/site-packages/airflow/example_dags/example_time_delta_sensor_async.py for tasks to queue
[2024-11-12T15:29:56.251-0500] {logging_mixin.py:190} INFO - [2024-11-12T15:29:56.251-0500] {dagbag.py:588} INFO - Filling up the DagBag from /home/patrick/.cache/pypoetry/virtualenvs/airflow-DG3uFiME-py3.10/lib/python3.10/site-packages/airflow/example_dags/example_time_delta_sensor_async.py
[2024-11-12T15:29:56.257-0500] {processor.py:925} INFO - DAG(s) 'example_time_delta_sensor_async' retrieved from /home/patrick/.cache/pypoetry/virtualenvs/airflow-DG3uFiME-py3.10/lib/python3.10/site-packages/airflow/example_dags/example_time_delta_sensor_async.py
[2024-11-12T15:29:57.018-0500] {logging_mixin.py:190} INFO - [2024-11-12T15:29:57.018-0500] {dag.py:3239} INFO - Sync 1 DAGs
[2024-11-12T15:29:57.064-0500] {logging_mixin.py:190} INFO - [2024-11-12T15:29:57.064-0500] {dag.py:4180} INFO - Setting next_dagrun for example_time_delta_sensor_async to None, run_after=None
[2024-11-12T15:29:57.572-0500] {processor.py:208} INFO - Processing /home/patrick/.cache/pypoetry/virtualenvs/airflow-DG3uFiME-py3.10/lib/python3.10/site-packages/airflow/example_dags/example_time_delta_sensor_async.py took 1.330 seconds
