[2024-11-12T15:09:19.595-0500] {processor.py:186} INFO - Started process (PID=44886) to work on /home/patrick/.cache/pypoetry/virtualenvs/airflow-DG3uFiME-py3.10/lib/python3.10/site-packages/airflow/example_dags/example_outlet_event_extra.py
[2024-11-12T15:09:19.596-0500] {processor.py:914} INFO - Processing file /home/patrick/.cache/pypoetry/virtualenvs/airflow-DG3uFiME-py3.10/lib/python3.10/site-packages/airflow/example_dags/example_outlet_event_extra.py for tasks to queue
[2024-11-12T15:09:19.598-0500] {logging_mixin.py:190} INFO - [2024-11-12T15:09:19.598-0500] {dagbag.py:588} INFO - Filling up the DagBag from /home/patrick/.cache/pypoetry/virtualenvs/airflow-DG3uFiME-py3.10/lib/python3.10/site-packages/airflow/example_dags/example_outlet_event_extra.py
[2024-11-12T15:09:19.609-0500] {processor.py:925} INFO - DAG(s) 'dataset_with_extra_from_classic_operator', 'dataset_with_extra_by_context', 'dataset_with_extra_by_yield' retrieved from /home/patrick/.cache/pypoetry/virtualenvs/airflow-DG3uFiME-py3.10/lib/python3.10/site-packages/airflow/example_dags/example_outlet_event_extra.py
[2024-11-12T15:09:20.845-0500] {logging_mixin.py:190} INFO - [2024-11-12T15:09:20.844-0500] {override.py:1911} INFO - Created Permission View: can read on DAG:dataset_with_extra_from_classic_operator
[2024-11-12T15:09:21.165-0500] {logging_mixin.py:190} INFO - [2024-11-12T15:09:21.165-0500] {override.py:1911} INFO - Created Permission View: can delete on DAG:dataset_with_extra_from_classic_operator
[2024-11-12T15:09:21.474-0500] {logging_mixin.py:190} INFO - [2024-11-12T15:09:21.474-0500] {override.py:1911} INFO - Created Permission View: can edit on DAG:dataset_with_extra_from_classic_operator
[2024-11-12T15:09:21.884-0500] {logging_mixin.py:190} INFO - [2024-11-12T15:09:21.884-0500] {override.py:1911} INFO - Created Permission View: can read on DAG Run:dataset_with_extra_from_classic_operator
[2024-11-12T15:09:22.191-0500] {logging_mixin.py:190} INFO - [2024-11-12T15:09:22.191-0500] {override.py:1911} INFO - Created Permission View: can create on DAG Run:dataset_with_extra_from_classic_operator
[2024-11-12T15:09:22.504-0500] {logging_mixin.py:190} INFO - [2024-11-12T15:09:22.503-0500] {override.py:1911} INFO - Created Permission View: can delete on DAG Run:dataset_with_extra_from_classic_operator
[2024-11-12T15:09:22.791-0500] {logging_mixin.py:190} INFO - [2024-11-12T15:09:22.791-0500] {override.py:1911} INFO - Created Permission View: menu access on DAG Run:dataset_with_extra_from_classic_operator
[2024-11-12T15:09:23.316-0500] {logging_mixin.py:190} INFO - [2024-11-12T15:09:23.316-0500] {override.py:1911} INFO - Created Permission View: can read on DAG:dataset_with_extra_by_context
[2024-11-12T15:09:23.635-0500] {logging_mixin.py:190} INFO - [2024-11-12T15:09:23.635-0500] {override.py:1911} INFO - Created Permission View: can delete on DAG:dataset_with_extra_by_context
[2024-11-12T15:09:23.955-0500] {logging_mixin.py:190} INFO - [2024-11-12T15:09:23.955-0500] {override.py:1911} INFO - Created Permission View: can edit on DAG:dataset_with_extra_by_context
[2024-11-12T15:09:24.376-0500] {logging_mixin.py:190} INFO - [2024-11-12T15:09:24.376-0500] {override.py:1911} INFO - Created Permission View: can read on DAG Run:dataset_with_extra_by_context
[2024-11-12T15:09:24.684-0500] {logging_mixin.py:190} INFO - [2024-11-12T15:09:24.683-0500] {override.py:1911} INFO - Created Permission View: can create on DAG Run:dataset_with_extra_by_context
[2024-11-12T15:09:25.017-0500] {logging_mixin.py:190} INFO - [2024-11-12T15:09:25.017-0500] {override.py:1911} INFO - Created Permission View: can delete on DAG Run:dataset_with_extra_by_context
[2024-11-12T15:09:25.345-0500] {logging_mixin.py:190} INFO - [2024-11-12T15:09:25.345-0500] {override.py:1911} INFO - Created Permission View: menu access on DAG Run:dataset_with_extra_by_context
[2024-11-12T15:09:25.915-0500] {logging_mixin.py:190} INFO - [2024-11-12T15:09:25.915-0500] {override.py:1911} INFO - Created Permission View: can read on DAG:dataset_with_extra_by_yield
[2024-11-12T15:09:26.228-0500] {logging_mixin.py:190} INFO - [2024-11-12T15:09:26.227-0500] {override.py:1911} INFO - Created Permission View: can delete on DAG:dataset_with_extra_by_yield
[2024-11-12T15:09:26.544-0500] {logging_mixin.py:190} INFO - [2024-11-12T15:09:26.544-0500] {override.py:1911} INFO - Created Permission View: can edit on DAG:dataset_with_extra_by_yield
[2024-11-12T15:09:26.974-0500] {logging_mixin.py:190} INFO - [2024-11-12T15:09:26.974-0500] {override.py:1911} INFO - Created Permission View: can read on DAG Run:dataset_with_extra_by_yield
[2024-11-12T15:09:27.288-0500] {logging_mixin.py:190} INFO - [2024-11-12T15:09:27.288-0500] {override.py:1911} INFO - Created Permission View: can create on DAG Run:dataset_with_extra_by_yield
[2024-11-12T15:09:27.585-0500] {logging_mixin.py:190} INFO - [2024-11-12T15:09:27.585-0500] {override.py:1911} INFO - Created Permission View: can delete on DAG Run:dataset_with_extra_by_yield
[2024-11-12T15:09:27.890-0500] {logging_mixin.py:190} INFO - [2024-11-12T15:09:27.890-0500] {override.py:1911} INFO - Created Permission View: menu access on DAG Run:dataset_with_extra_by_yield
[2024-11-12T15:09:27.891-0500] {logging_mixin.py:190} INFO - [2024-11-12T15:09:27.891-0500] {dag.py:3239} INFO - Sync 3 DAGs
[2024-11-12T15:09:28.021-0500] {logging_mixin.py:190} INFO - [2024-11-12T15:09:28.021-0500] {dag.py:3262} INFO - Creating ORM DAG for dataset_with_extra_by_context
[2024-11-12T15:09:28.022-0500] {logging_mixin.py:190} INFO - [2024-11-12T15:09:28.022-0500] {dag.py:3262} INFO - Creating ORM DAG for dataset_with_extra_from_classic_operator
[2024-11-12T15:09:28.023-0500] {logging_mixin.py:190} INFO - [2024-11-12T15:09:28.023-0500] {dag.py:3262} INFO - Creating ORM DAG for dataset_with_extra_by_yield
[2024-11-12T15:09:28.099-0500] {logging_mixin.py:190} INFO - [2024-11-12T15:09:28.099-0500] {dag.py:4180} INFO - Setting next_dagrun for dataset_with_extra_by_context to 2024-11-11 00:00:00+00:00, run_after=2024-11-12 00:00:00+00:00
[2024-11-12T15:09:28.101-0500] {logging_mixin.py:190} INFO - [2024-11-12T15:09:28.101-0500] {dag.py:4180} INFO - Setting next_dagrun for dataset_with_extra_by_yield to 2024-11-11 00:00:00+00:00, run_after=2024-11-12 00:00:00+00:00
[2024-11-12T15:09:28.102-0500] {logging_mixin.py:190} INFO - [2024-11-12T15:09:28.102-0500] {dag.py:4180} INFO - Setting next_dagrun for dataset_with_extra_from_classic_operator to 2024-11-11 00:00:00+00:00, run_after=2024-11-12 00:00:00+00:00
[2024-11-12T15:09:28.815-0500] {processor.py:208} INFO - Processing /home/patrick/.cache/pypoetry/virtualenvs/airflow-DG3uFiME-py3.10/lib/python3.10/site-packages/airflow/example_dags/example_outlet_event_extra.py took 9.224 seconds
[2024-11-12T15:29:22.316-0500] {processor.py:186} INFO - Started process (PID=50492) to work on /home/patrick/.cache/pypoetry/virtualenvs/airflow-DG3uFiME-py3.10/lib/python3.10/site-packages/airflow/example_dags/example_outlet_event_extra.py
[2024-11-12T15:29:22.318-0500] {processor.py:914} INFO - Processing file /home/patrick/.cache/pypoetry/virtualenvs/airflow-DG3uFiME-py3.10/lib/python3.10/site-packages/airflow/example_dags/example_outlet_event_extra.py for tasks to queue
[2024-11-12T15:29:22.322-0500] {logging_mixin.py:190} INFO - [2024-11-12T15:29:22.322-0500] {dagbag.py:588} INFO - Filling up the DagBag from /home/patrick/.cache/pypoetry/virtualenvs/airflow-DG3uFiME-py3.10/lib/python3.10/site-packages/airflow/example_dags/example_outlet_event_extra.py
[2024-11-12T15:29:22.335-0500] {processor.py:925} INFO - DAG(s) 'dataset_with_extra_by_yield', 'dataset_with_extra_from_classic_operator', 'dataset_with_extra_by_context' retrieved from /home/patrick/.cache/pypoetry/virtualenvs/airflow-DG3uFiME-py3.10/lib/python3.10/site-packages/airflow/example_dags/example_outlet_event_extra.py
[2024-11-12T15:29:23.383-0500] {logging_mixin.py:190} INFO - [2024-11-12T15:29:23.383-0500] {dag.py:3239} INFO - Sync 3 DAGs
[2024-11-12T15:29:23.542-0500] {logging_mixin.py:190} INFO - [2024-11-12T15:29:23.541-0500] {dag.py:4180} INFO - Setting next_dagrun for dataset_with_extra_by_context to 2024-11-11 00:00:00+00:00, run_after=2024-11-12 00:00:00+00:00
[2024-11-12T15:29:23.586-0500] {logging_mixin.py:190} INFO - [2024-11-12T15:29:23.586-0500] {dag.py:4180} INFO - Setting next_dagrun for dataset_with_extra_by_yield to 2024-11-11 00:00:00+00:00, run_after=2024-11-12 00:00:00+00:00
[2024-11-12T15:29:23.627-0500] {logging_mixin.py:190} INFO - [2024-11-12T15:29:23.626-0500] {dag.py:4180} INFO - Setting next_dagrun for dataset_with_extra_from_classic_operator to 2024-11-11 00:00:00+00:00, run_after=2024-11-12 00:00:00+00:00
[2024-11-12T15:29:24.292-0500] {processor.py:208} INFO - Processing /home/patrick/.cache/pypoetry/virtualenvs/airflow-DG3uFiME-py3.10/lib/python3.10/site-packages/airflow/example_dags/example_outlet_event_extra.py took 1.982 seconds
