[2024-11-12T15:10:58.091-0500] {processor.py:186} INFO - Started process (PID=45449) to work on /home/patrick/.cache/pypoetry/virtualenvs/airflow-DG3uFiME-py3.10/lib/python3.10/site-packages/airflow/example_dags/example_bash_operator.py
[2024-11-12T15:10:58.093-0500] {processor.py:914} INFO - Processing file /home/patrick/.cache/pypoetry/virtualenvs/airflow-DG3uFiME-py3.10/lib/python3.10/site-packages/airflow/example_dags/example_bash_operator.py for tasks to queue
[2024-11-12T15:10:58.095-0500] {logging_mixin.py:190} INFO - [2024-11-12T15:10:58.095-0500] {dagbag.py:588} INFO - Filling up the DagBag from /home/patrick/.cache/pypoetry/virtualenvs/airflow-DG3uFiME-py3.10/lib/python3.10/site-packages/airflow/example_dags/example_bash_operator.py
[2024-11-12T15:10:58.106-0500] {processor.py:925} INFO - DAG(s) 'example_bash_operator' retrieved from /home/patrick/.cache/pypoetry/virtualenvs/airflow-DG3uFiME-py3.10/lib/python3.10/site-packages/airflow/example_dags/example_bash_operator.py
[2024-11-12T15:10:59.406-0500] {logging_mixin.py:190} INFO - [2024-11-12T15:10:59.405-0500] {override.py:1911} INFO - Created Permission View: can read on DAG:example_bash_operator
[2024-11-12T15:10:59.728-0500] {logging_mixin.py:190} INFO - [2024-11-12T15:10:59.728-0500] {override.py:1911} INFO - Created Permission View: can delete on DAG:example_bash_operator
[2024-11-12T15:11:00.053-0500] {logging_mixin.py:190} INFO - [2024-11-12T15:11:00.053-0500] {override.py:1911} INFO - Created Permission View: can edit on DAG:example_bash_operator
[2024-11-12T15:11:00.476-0500] {logging_mixin.py:190} INFO - [2024-11-12T15:11:00.476-0500] {override.py:1911} INFO - Created Permission View: can read on DAG Run:example_bash_operator
[2024-11-12T15:11:00.787-0500] {logging_mixin.py:190} INFO - [2024-11-12T15:11:00.786-0500] {override.py:1911} INFO - Created Permission View: can create on DAG Run:example_bash_operator
[2024-11-12T15:11:01.096-0500] {logging_mixin.py:190} INFO - [2024-11-12T15:11:01.096-0500] {override.py:1911} INFO - Created Permission View: can delete on DAG Run:example_bash_operator
[2024-11-12T15:11:01.434-0500] {logging_mixin.py:190} INFO - [2024-11-12T15:11:01.434-0500] {override.py:1911} INFO - Created Permission View: menu access on DAG Run:example_bash_operator
[2024-11-12T15:11:01.435-0500] {logging_mixin.py:190} INFO - [2024-11-12T15:11:01.435-0500] {dag.py:3239} INFO - Sync 1 DAGs
[2024-11-12T15:11:01.558-0500] {logging_mixin.py:190} INFO - [2024-11-12T15:11:01.557-0500] {dag.py:3262} INFO - Creating ORM DAG for example_bash_operator
[2024-11-12T15:11:01.645-0500] {logging_mixin.py:190} INFO - [2024-11-12T15:11:01.644-0500] {dag.py:4180} INFO - Setting next_dagrun for example_bash_operator to 2024-11-11 00:00:00+00:00, run_after=2024-11-12 00:00:00+00:00
[2024-11-12T15:11:02.189-0500] {processor.py:208} INFO - Processing /home/patrick/.cache/pypoetry/virtualenvs/airflow-DG3uFiME-py3.10/lib/python3.10/site-packages/airflow/example_dags/example_bash_operator.py took 4.102 seconds
[2024-11-12T15:29:57.337-0500] {processor.py:186} INFO - Started process (PID=50815) to work on /home/patrick/.cache/pypoetry/virtualenvs/airflow-DG3uFiME-py3.10/lib/python3.10/site-packages/airflow/example_dags/example_bash_operator.py
[2024-11-12T15:29:57.338-0500] {processor.py:914} INFO - Processing file /home/patrick/.cache/pypoetry/virtualenvs/airflow-DG3uFiME-py3.10/lib/python3.10/site-packages/airflow/example_dags/example_bash_operator.py for tasks to queue
[2024-11-12T15:29:57.340-0500] {logging_mixin.py:190} INFO - [2024-11-12T15:29:57.340-0500] {dagbag.py:588} INFO - Filling up the DagBag from /home/patrick/.cache/pypoetry/virtualenvs/airflow-DG3uFiME-py3.10/lib/python3.10/site-packages/airflow/example_dags/example_bash_operator.py
[2024-11-12T15:29:57.350-0500] {processor.py:925} INFO - DAG(s) 'example_bash_operator' retrieved from /home/patrick/.cache/pypoetry/virtualenvs/airflow-DG3uFiME-py3.10/lib/python3.10/site-packages/airflow/example_dags/example_bash_operator.py
[2024-11-12T15:29:58.171-0500] {logging_mixin.py:190} INFO - [2024-11-12T15:29:58.171-0500] {dag.py:3239} INFO - Sync 1 DAGs
[2024-11-12T15:29:58.294-0500] {logging_mixin.py:190} INFO - [2024-11-12T15:29:58.294-0500] {dag.py:4180} INFO - Setting next_dagrun for example_bash_operator to 2024-11-11 00:00:00+00:00, run_after=2024-11-12 00:00:00+00:00
[2024-11-12T15:29:58.768-0500] {processor.py:208} INFO - Processing /home/patrick/.cache/pypoetry/virtualenvs/airflow-DG3uFiME-py3.10/lib/python3.10/site-packages/airflow/example_dags/example_bash_operator.py took 1.435 seconds
