[2024-11-12T15:10:19.982-0500] {processor.py:186} INFO - Started process (PID=45213) to work on /home/patrick/.cache/pypoetry/virtualenvs/airflow-DG3uFiME-py3.10/lib/python3.10/site-packages/airflow/example_dags/example_sensors.py
[2024-11-12T15:10:19.985-0500] {processor.py:914} INFO - Processing file /home/patrick/.cache/pypoetry/virtualenvs/airflow-DG3uFiME-py3.10/lib/python3.10/site-packages/airflow/example_dags/example_sensors.py for tasks to queue
[2024-11-12T15:10:19.996-0500] {logging_mixin.py:190} INFO - [2024-11-12T15:10:19.996-0500] {dagbag.py:588} INFO - Filling up the DagBag from /home/patrick/.cache/pypoetry/virtualenvs/airflow-DG3uFiME-py3.10/lib/python3.10/site-packages/airflow/example_dags/example_sensors.py
[2024-11-12T15:10:20.011-0500] {processor.py:925} INFO - DAG(s) 'example_sensors' retrieved from /home/patrick/.cache/pypoetry/virtualenvs/airflow-DG3uFiME-py3.10/lib/python3.10/site-packages/airflow/example_dags/example_sensors.py
[2024-11-12T15:10:21.364-0500] {logging_mixin.py:190} INFO - [2024-11-12T15:10:21.363-0500] {override.py:1911} INFO - Created Permission View: can read on DAG:example_sensors
[2024-11-12T15:10:21.688-0500] {logging_mixin.py:190} INFO - [2024-11-12T15:10:21.688-0500] {override.py:1911} INFO - Created Permission View: can delete on DAG:example_sensors
[2024-11-12T15:10:22.008-0500] {logging_mixin.py:190} INFO - [2024-11-12T15:10:22.008-0500] {override.py:1911} INFO - Created Permission View: can edit on DAG:example_sensors
[2024-11-12T15:10:22.443-0500] {logging_mixin.py:190} INFO - [2024-11-12T15:10:22.443-0500] {override.py:1911} INFO - Created Permission View: can read on DAG Run:example_sensors
[2024-11-12T15:10:22.747-0500] {logging_mixin.py:190} INFO - [2024-11-12T15:10:22.747-0500] {override.py:1911} INFO - Created Permission View: can create on DAG Run:example_sensors
[2024-11-12T15:10:23.073-0500] {logging_mixin.py:190} INFO - [2024-11-12T15:10:23.072-0500] {override.py:1911} INFO - Created Permission View: can delete on DAG Run:example_sensors
[2024-11-12T15:10:23.369-0500] {logging_mixin.py:190} INFO - [2024-11-12T15:10:23.369-0500] {override.py:1911} INFO - Created Permission View: menu access on DAG Run:example_sensors
[2024-11-12T15:10:23.370-0500] {logging_mixin.py:190} INFO - [2024-11-12T15:10:23.370-0500] {dag.py:3239} INFO - Sync 1 DAGs
[2024-11-12T15:10:23.484-0500] {logging_mixin.py:190} INFO - [2024-11-12T15:10:23.483-0500] {dag.py:3262} INFO - Creating ORM DAG for example_sensors
[2024-11-12T15:10:23.485-0500] {logging_mixin.py:190} INFO - [2024-11-12T15:10:23.485-0500] {dag.py:4180} INFO - Setting next_dagrun for example_sensors to None, run_after=None
[2024-11-12T15:10:24.014-0500] {processor.py:208} INFO - Processing /home/patrick/.cache/pypoetry/virtualenvs/airflow-DG3uFiME-py3.10/lib/python3.10/site-packages/airflow/example_dags/example_sensors.py took 4.036 seconds
[2024-11-12T15:29:42.124-0500] {processor.py:186} INFO - Started process (PID=50662) to work on /home/patrick/.cache/pypoetry/virtualenvs/airflow-DG3uFiME-py3.10/lib/python3.10/site-packages/airflow/example_dags/example_sensors.py
[2024-11-12T15:29:42.125-0500] {processor.py:914} INFO - Processing file /home/patrick/.cache/pypoetry/virtualenvs/airflow-DG3uFiME-py3.10/lib/python3.10/site-packages/airflow/example_dags/example_sensors.py for tasks to queue
[2024-11-12T15:29:42.127-0500] {logging_mixin.py:190} INFO - [2024-11-12T15:29:42.126-0500] {dagbag.py:588} INFO - Filling up the DagBag from /home/patrick/.cache/pypoetry/virtualenvs/airflow-DG3uFiME-py3.10/lib/python3.10/site-packages/airflow/example_dags/example_sensors.py
[2024-11-12T15:29:42.135-0500] {processor.py:925} INFO - DAG(s) 'example_sensors' retrieved from /home/patrick/.cache/pypoetry/virtualenvs/airflow-DG3uFiME-py3.10/lib/python3.10/site-packages/airflow/example_dags/example_sensors.py
[2024-11-12T15:29:42.987-0500] {logging_mixin.py:190} INFO - [2024-11-12T15:29:42.987-0500] {dag.py:3239} INFO - Sync 1 DAGs
[2024-11-12T15:29:43.035-0500] {logging_mixin.py:190} INFO - [2024-11-12T15:29:43.035-0500] {dag.py:4180} INFO - Setting next_dagrun for example_sensors to None, run_after=None
[2024-11-12T15:29:43.516-0500] {processor.py:208} INFO - Processing /home/patrick/.cache/pypoetry/virtualenvs/airflow-DG3uFiME-py3.10/lib/python3.10/site-packages/airflow/example_dags/example_sensors.py took 1.397 seconds
