[2024-11-12T15:10:16.423-0500] {processor.py:186} INFO - Started process (PID=45194) to work on /home/patrick/.cache/pypoetry/virtualenvs/airflow-DG3uFiME-py3.10/lib/python3.10/site-packages/airflow/example_dags/example_skip_dag.py
[2024-11-12T15:10:16.424-0500] {processor.py:914} INFO - Processing file /home/patrick/.cache/pypoetry/virtualenvs/airflow-DG3uFiME-py3.10/lib/python3.10/site-packages/airflow/example_dags/example_skip_dag.py for tasks to queue
[2024-11-12T15:10:16.426-0500] {logging_mixin.py:190} INFO - [2024-11-12T15:10:16.426-0500] {dagbag.py:588} INFO - Filling up the DagBag from /home/patrick/.cache/pypoetry/virtualenvs/airflow-DG3uFiME-py3.10/lib/python3.10/site-packages/airflow/example_dags/example_skip_dag.py
[2024-11-12T15:10:16.435-0500] {processor.py:925} INFO - DAG(s) 'example_skip_dag' retrieved from /home/patrick/.cache/pypoetry/virtualenvs/airflow-DG3uFiME-py3.10/lib/python3.10/site-packages/airflow/example_dags/example_skip_dag.py
[2024-11-12T15:10:17.769-0500] {logging_mixin.py:190} INFO - [2024-11-12T15:10:17.768-0500] {override.py:1911} INFO - Created Permission View: can read on DAG:example_skip_dag
[2024-11-12T15:10:18.080-0500] {logging_mixin.py:190} INFO - [2024-11-12T15:10:18.080-0500] {override.py:1911} INFO - Created Permission View: can delete on DAG:example_skip_dag
[2024-11-12T15:10:18.409-0500] {logging_mixin.py:190} INFO - [2024-11-12T15:10:18.409-0500] {override.py:1911} INFO - Created Permission View: can edit on DAG:example_skip_dag
[2024-11-12T15:10:18.853-0500] {logging_mixin.py:190} INFO - [2024-11-12T15:10:18.853-0500] {override.py:1911} INFO - Created Permission View: can read on DAG Run:example_skip_dag
[2024-11-12T15:10:19.175-0500] {logging_mixin.py:190} INFO - [2024-11-12T15:10:19.174-0500] {override.py:1911} INFO - Created Permission View: can create on DAG Run:example_skip_dag
[2024-11-12T15:10:19.514-0500] {logging_mixin.py:190} INFO - [2024-11-12T15:10:19.514-0500] {override.py:1911} INFO - Created Permission View: can delete on DAG Run:example_skip_dag
[2024-11-12T15:10:19.829-0500] {logging_mixin.py:190} INFO - [2024-11-12T15:10:19.829-0500] {override.py:1911} INFO - Created Permission View: menu access on DAG Run:example_skip_dag
[2024-11-12T15:10:19.831-0500] {logging_mixin.py:190} INFO - [2024-11-12T15:10:19.831-0500] {dag.py:3239} INFO - Sync 1 DAGs
[2024-11-12T15:10:19.949-0500] {logging_mixin.py:190} INFO - [2024-11-12T15:10:19.949-0500] {dag.py:3262} INFO - Creating ORM DAG for example_skip_dag
[2024-11-12T15:10:20.044-0500] {logging_mixin.py:190} INFO - [2024-11-12T15:10:20.044-0500] {dag.py:4180} INFO - Setting next_dagrun for example_skip_dag to 2024-11-11 00:00:00+00:00, run_after=2024-11-12 00:00:00+00:00
[2024-11-12T15:10:20.594-0500] {processor.py:208} INFO - Processing /home/patrick/.cache/pypoetry/virtualenvs/airflow-DG3uFiME-py3.10/lib/python3.10/site-packages/airflow/example_dags/example_skip_dag.py took 4.175 seconds
[2024-11-12T15:29:40.392-0500] {processor.py:186} INFO - Started process (PID=50649) to work on /home/patrick/.cache/pypoetry/virtualenvs/airflow-DG3uFiME-py3.10/lib/python3.10/site-packages/airflow/example_dags/example_skip_dag.py
[2024-11-12T15:29:40.393-0500] {processor.py:914} INFO - Processing file /home/patrick/.cache/pypoetry/virtualenvs/airflow-DG3uFiME-py3.10/lib/python3.10/site-packages/airflow/example_dags/example_skip_dag.py for tasks to queue
[2024-11-12T15:29:40.395-0500] {logging_mixin.py:190} INFO - [2024-11-12T15:29:40.395-0500] {dagbag.py:588} INFO - Filling up the DagBag from /home/patrick/.cache/pypoetry/virtualenvs/airflow-DG3uFiME-py3.10/lib/python3.10/site-packages/airflow/example_dags/example_skip_dag.py
[2024-11-12T15:29:40.401-0500] {processor.py:925} INFO - DAG(s) 'example_skip_dag' retrieved from /home/patrick/.cache/pypoetry/virtualenvs/airflow-DG3uFiME-py3.10/lib/python3.10/site-packages/airflow/example_dags/example_skip_dag.py
[2024-11-12T15:29:41.205-0500] {logging_mixin.py:190} INFO - [2024-11-12T15:29:41.205-0500] {dag.py:3239} INFO - Sync 1 DAGs
[2024-11-12T15:29:41.361-0500] {logging_mixin.py:190} INFO - [2024-11-12T15:29:41.360-0500] {dag.py:4180} INFO - Setting next_dagrun for example_skip_dag to 2024-11-11 00:00:00+00:00, run_after=2024-11-12 00:00:00+00:00
[2024-11-12T15:29:41.829-0500] {processor.py:208} INFO - Processing /home/patrick/.cache/pypoetry/virtualenvs/airflow-DG3uFiME-py3.10/lib/python3.10/site-packages/airflow/example_dags/example_skip_dag.py took 1.441 seconds
