[2024-11-12T15:11:02.556-0500] {processor.py:186} INFO - Started process (PID=45476) to work on /home/patrick/.cache/pypoetry/virtualenvs/airflow-DG3uFiME-py3.10/lib/python3.10/site-packages/airflow/example_dags/example_task_group_decorator.py
[2024-11-12T15:11:02.563-0500] {processor.py:914} INFO - Processing file /home/patrick/.cache/pypoetry/virtualenvs/airflow-DG3uFiME-py3.10/lib/python3.10/site-packages/airflow/example_dags/example_task_group_decorator.py for tasks to queue
[2024-11-12T15:11:02.564-0500] {logging_mixin.py:190} INFO - [2024-11-12T15:11:02.564-0500] {dagbag.py:588} INFO - Filling up the DagBag from /home/patrick/.cache/pypoetry/virtualenvs/airflow-DG3uFiME-py3.10/lib/python3.10/site-packages/airflow/example_dags/example_task_group_decorator.py
[2024-11-12T15:11:02.575-0500] {processor.py:925} INFO - DAG(s) 'example_task_group_decorator' retrieved from /home/patrick/.cache/pypoetry/virtualenvs/airflow-DG3uFiME-py3.10/lib/python3.10/site-packages/airflow/example_dags/example_task_group_decorator.py
[2024-11-12T15:11:03.928-0500] {logging_mixin.py:190} INFO - [2024-11-12T15:11:03.928-0500] {override.py:1911} INFO - Created Permission View: can read on DAG:example_task_group_decorator
[2024-11-12T15:11:04.258-0500] {logging_mixin.py:190} INFO - [2024-11-12T15:11:04.257-0500] {override.py:1911} INFO - Created Permission View: can delete on DAG:example_task_group_decorator
[2024-11-12T15:11:04.577-0500] {logging_mixin.py:190} INFO - [2024-11-12T15:11:04.577-0500] {override.py:1911} INFO - Created Permission View: can edit on DAG:example_task_group_decorator
[2024-11-12T15:11:04.985-0500] {logging_mixin.py:190} INFO - [2024-11-12T15:11:04.985-0500] {override.py:1911} INFO - Created Permission View: can read on DAG Run:example_task_group_decorator
[2024-11-12T15:11:05.333-0500] {logging_mixin.py:190} INFO - [2024-11-12T15:11:05.333-0500] {override.py:1911} INFO - Created Permission View: can create on DAG Run:example_task_group_decorator
[2024-11-12T15:11:05.633-0500] {logging_mixin.py:190} INFO - [2024-11-12T15:11:05.632-0500] {override.py:1911} INFO - Created Permission View: can delete on DAG Run:example_task_group_decorator
[2024-11-12T15:11:05.962-0500] {logging_mixin.py:190} INFO - [2024-11-12T15:11:05.962-0500] {override.py:1911} INFO - Created Permission View: menu access on DAG Run:example_task_group_decorator
[2024-11-12T15:11:05.967-0500] {logging_mixin.py:190} INFO - [2024-11-12T15:11:05.966-0500] {dag.py:3239} INFO - Sync 1 DAGs
[2024-11-12T15:11:06.079-0500] {logging_mixin.py:190} INFO - [2024-11-12T15:11:06.078-0500] {dag.py:3262} INFO - Creating ORM DAG for example_task_group_decorator
[2024-11-12T15:11:06.080-0500] {logging_mixin.py:190} INFO - [2024-11-12T15:11:06.080-0500] {dag.py:4180} INFO - Setting next_dagrun for example_task_group_decorator to None, run_after=None
[2024-11-12T15:11:06.589-0500] {processor.py:208} INFO - Processing /home/patrick/.cache/pypoetry/virtualenvs/airflow-DG3uFiME-py3.10/lib/python3.10/site-packages/airflow/example_dags/example_task_group_decorator.py took 4.038 seconds
[2024-11-12T15:29:59.080-0500] {processor.py:186} INFO - Started process (PID=50852) to work on /home/patrick/.cache/pypoetry/virtualenvs/airflow-DG3uFiME-py3.10/lib/python3.10/site-packages/airflow/example_dags/example_task_group_decorator.py
[2024-11-12T15:29:59.082-0500] {processor.py:914} INFO - Processing file /home/patrick/.cache/pypoetry/virtualenvs/airflow-DG3uFiME-py3.10/lib/python3.10/site-packages/airflow/example_dags/example_task_group_decorator.py for tasks to queue
[2024-11-12T15:29:59.084-0500] {logging_mixin.py:190} INFO - [2024-11-12T15:29:59.084-0500] {dagbag.py:588} INFO - Filling up the DagBag from /home/patrick/.cache/pypoetry/virtualenvs/airflow-DG3uFiME-py3.10/lib/python3.10/site-packages/airflow/example_dags/example_task_group_decorator.py
[2024-11-12T15:29:59.094-0500] {processor.py:925} INFO - DAG(s) 'example_task_group_decorator' retrieved from /home/patrick/.cache/pypoetry/virtualenvs/airflow-DG3uFiME-py3.10/lib/python3.10/site-packages/airflow/example_dags/example_task_group_decorator.py
[2024-11-12T15:29:59.921-0500] {logging_mixin.py:190} INFO - [2024-11-12T15:29:59.921-0500] {dag.py:3239} INFO - Sync 1 DAGs
[2024-11-12T15:29:59.989-0500] {logging_mixin.py:190} INFO - [2024-11-12T15:29:59.988-0500] {dag.py:4180} INFO - Setting next_dagrun for example_task_group_decorator to None, run_after=None
[2024-11-12T15:30:00.498-0500] {processor.py:208} INFO - Processing /home/patrick/.cache/pypoetry/virtualenvs/airflow-DG3uFiME-py3.10/lib/python3.10/site-packages/airflow/example_dags/example_task_group_decorator.py took 1.422 seconds
