[2024-11-12T15:09:14.589-0500] {processor.py:186} INFO - Started process (PID=44843) to work on /home/patrick/.cache/pypoetry/virtualenvs/airflow-DG3uFiME-py3.10/lib/python3.10/site-packages/airflow/example_dags/example_workday_timetable.py
[2024-11-12T15:09:14.590-0500] {processor.py:914} INFO - Processing file /home/patrick/.cache/pypoetry/virtualenvs/airflow-DG3uFiME-py3.10/lib/python3.10/site-packages/airflow/example_dags/example_workday_timetable.py for tasks to queue
[2024-11-12T15:09:14.592-0500] {logging_mixin.py:190} INFO - [2024-11-12T15:09:14.592-0500] {dagbag.py:588} INFO - Filling up the DagBag from /home/patrick/.cache/pypoetry/virtualenvs/airflow-DG3uFiME-py3.10/lib/python3.10/site-packages/airflow/example_dags/example_workday_timetable.py
[2024-11-12T15:09:14.599-0500] {processor.py:925} INFO - DAG(s) 'example_workday_timetable' retrieved from /home/patrick/.cache/pypoetry/virtualenvs/airflow-DG3uFiME-py3.10/lib/python3.10/site-packages/airflow/example_dags/example_workday_timetable.py
[2024-11-12T15:09:15.868-0500] {logging_mixin.py:190} INFO - [2024-11-12T15:09:15.867-0500] {override.py:1911} INFO - Created Permission View: can read on DAG:example_workday_timetable
[2024-11-12T15:09:16.177-0500] {logging_mixin.py:190} INFO - [2024-11-12T15:09:16.177-0500] {override.py:1911} INFO - Created Permission View: can delete on DAG:example_workday_timetable
[2024-11-12T15:09:16.465-0500] {logging_mixin.py:190} INFO - [2024-11-12T15:09:16.465-0500] {override.py:1911} INFO - Created Permission View: can edit on DAG:example_workday_timetable
[2024-11-12T15:09:16.862-0500] {logging_mixin.py:190} INFO - [2024-11-12T15:09:16.862-0500] {override.py:1911} INFO - Created Permission View: can read on DAG Run:example_workday_timetable
[2024-11-12T15:09:17.171-0500] {logging_mixin.py:190} INFO - [2024-11-12T15:09:17.171-0500] {override.py:1911} INFO - Created Permission View: can create on DAG Run:example_workday_timetable
[2024-11-12T15:09:17.509-0500] {logging_mixin.py:190} INFO - [2024-11-12T15:09:17.509-0500] {override.py:1911} INFO - Created Permission View: can delete on DAG Run:example_workday_timetable
[2024-11-12T15:09:17.827-0500] {logging_mixin.py:190} INFO - [2024-11-12T15:09:17.827-0500] {override.py:1911} INFO - Created Permission View: menu access on DAG Run:example_workday_timetable
[2024-11-12T15:09:17.829-0500] {logging_mixin.py:190} INFO - [2024-11-12T15:09:17.829-0500] {dag.py:3239} INFO - Sync 1 DAGs
[2024-11-12T15:09:17.956-0500] {logging_mixin.py:190} INFO - [2024-11-12T15:09:17.956-0500] {dag.py:3262} INFO - Creating ORM DAG for example_workday_timetable
[2024-11-12T15:09:18.055-0500] {logging_mixin.py:190} INFO - [2024-11-12T15:09:18.055-0500] {dag.py:4180} INFO - Setting next_dagrun for example_workday_timetable to 2021-01-04 00:00:00+00:00, run_after=2021-01-05 00:00:00+00:00
[2024-11-12T15:09:18.589-0500] {processor.py:208} INFO - Processing /home/patrick/.cache/pypoetry/virtualenvs/airflow-DG3uFiME-py3.10/lib/python3.10/site-packages/airflow/example_dags/example_workday_timetable.py took 4.005 seconds
[2024-11-12T15:29:19.570-0500] {processor.py:186} INFO - Started process (PID=50465) to work on /home/patrick/.cache/pypoetry/virtualenvs/airflow-DG3uFiME-py3.10/lib/python3.10/site-packages/airflow/example_dags/example_workday_timetable.py
[2024-11-12T15:29:19.571-0500] {processor.py:914} INFO - Processing file /home/patrick/.cache/pypoetry/virtualenvs/airflow-DG3uFiME-py3.10/lib/python3.10/site-packages/airflow/example_dags/example_workday_timetable.py for tasks to queue
[2024-11-12T15:29:19.573-0500] {logging_mixin.py:190} INFO - [2024-11-12T15:29:19.573-0500] {dagbag.py:588} INFO - Filling up the DagBag from /home/patrick/.cache/pypoetry/virtualenvs/airflow-DG3uFiME-py3.10/lib/python3.10/site-packages/airflow/example_dags/example_workday_timetable.py
[2024-11-12T15:29:19.578-0500] {processor.py:925} INFO - DAG(s) 'example_workday_timetable' retrieved from /home/patrick/.cache/pypoetry/virtualenvs/airflow-DG3uFiME-py3.10/lib/python3.10/site-packages/airflow/example_dags/example_workday_timetable.py
[2024-11-12T15:29:20.453-0500] {logging_mixin.py:190} INFO - [2024-11-12T15:29:20.453-0500] {dag.py:3239} INFO - Sync 1 DAGs
[2024-11-12T15:29:20.602-0500] {logging_mixin.py:190} INFO - [2024-11-12T15:29:20.602-0500] {dag.py:4180} INFO - Setting next_dagrun for example_workday_timetable to 2021-01-04 00:00:00+00:00, run_after=2021-01-05 00:00:00+00:00
[2024-11-12T15:29:21.098-0500] {processor.py:208} INFO - Processing /home/patrick/.cache/pypoetry/virtualenvs/airflow-DG3uFiME-py3.10/lib/python3.10/site-packages/airflow/example_dags/example_workday_timetable.py took 1.532 seconds
