[2024-11-12T15:09:30.680-0500] {processor.py:186} INFO - Started process (PID=44952) to work on /home/patrick/.cache/pypoetry/virtualenvs/airflow-DG3uFiME-py3.10/lib/python3.10/site-packages/airflow/example_dags/example_branch_labels.py
[2024-11-12T15:09:30.681-0500] {processor.py:914} INFO - Processing file /home/patrick/.cache/pypoetry/virtualenvs/airflow-DG3uFiME-py3.10/lib/python3.10/site-packages/airflow/example_dags/example_branch_labels.py for tasks to queue
[2024-11-12T15:09:30.683-0500] {logging_mixin.py:190} INFO - [2024-11-12T15:09:30.683-0500] {dagbag.py:588} INFO - Filling up the DagBag from /home/patrick/.cache/pypoetry/virtualenvs/airflow-DG3uFiME-py3.10/lib/python3.10/site-packages/airflow/example_dags/example_branch_labels.py
[2024-11-12T15:09:30.692-0500] {processor.py:925} INFO - DAG(s) 'example_branch_labels' retrieved from /home/patrick/.cache/pypoetry/virtualenvs/airflow-DG3uFiME-py3.10/lib/python3.10/site-packages/airflow/example_dags/example_branch_labels.py
[2024-11-12T15:09:32.066-0500] {logging_mixin.py:190} INFO - [2024-11-12T15:09:32.066-0500] {override.py:1911} INFO - Created Permission View: can read on DAG:example_branch_labels
[2024-11-12T15:09:32.394-0500] {logging_mixin.py:190} INFO - [2024-11-12T15:09:32.394-0500] {override.py:1911} INFO - Created Permission View: can delete on DAG:example_branch_labels
[2024-11-12T15:09:32.704-0500] {logging_mixin.py:190} INFO - [2024-11-12T15:09:32.704-0500] {override.py:1911} INFO - Created Permission View: can edit on DAG:example_branch_labels
[2024-11-12T15:09:33.125-0500] {logging_mixin.py:190} INFO - [2024-11-12T15:09:33.125-0500] {override.py:1911} INFO - Created Permission View: can read on DAG Run:example_branch_labels
[2024-11-12T15:09:33.442-0500] {logging_mixin.py:190} INFO - [2024-11-12T15:09:33.442-0500] {override.py:1911} INFO - Created Permission View: can create on DAG Run:example_branch_labels
[2024-11-12T15:09:33.746-0500] {logging_mixin.py:190} INFO - [2024-11-12T15:09:33.746-0500] {override.py:1911} INFO - Created Permission View: can delete on DAG Run:example_branch_labels
[2024-11-12T15:09:34.048-0500] {logging_mixin.py:190} INFO - [2024-11-12T15:09:34.048-0500] {override.py:1911} INFO - Created Permission View: menu access on DAG Run:example_branch_labels
[2024-11-12T15:09:34.049-0500] {logging_mixin.py:190} INFO - [2024-11-12T15:09:34.049-0500] {dag.py:3239} INFO - Sync 1 DAGs
[2024-11-12T15:09:34.159-0500] {logging_mixin.py:190} INFO - [2024-11-12T15:09:34.159-0500] {dag.py:3262} INFO - Creating ORM DAG for example_branch_labels
[2024-11-12T15:09:34.243-0500] {logging_mixin.py:190} INFO - [2024-11-12T15:09:34.243-0500] {dag.py:4180} INFO - Setting next_dagrun for example_branch_labels to 2024-11-11 00:00:00+00:00, run_after=2024-11-12 00:00:00+00:00
[2024-11-12T15:09:34.762-0500] {processor.py:208} INFO - Processing /home/patrick/.cache/pypoetry/virtualenvs/airflow-DG3uFiME-py3.10/lib/python3.10/site-packages/airflow/example_dags/example_branch_labels.py took 4.086 seconds
[2024-11-12T15:29:26.116-0500] {processor.py:186} INFO - Started process (PID=50527) to work on /home/patrick/.cache/pypoetry/virtualenvs/airflow-DG3uFiME-py3.10/lib/python3.10/site-packages/airflow/example_dags/example_branch_labels.py
[2024-11-12T15:29:26.117-0500] {processor.py:914} INFO - Processing file /home/patrick/.cache/pypoetry/virtualenvs/airflow-DG3uFiME-py3.10/lib/python3.10/site-packages/airflow/example_dags/example_branch_labels.py for tasks to queue
[2024-11-12T15:29:26.119-0500] {logging_mixin.py:190} INFO - [2024-11-12T15:29:26.119-0500] {dagbag.py:588} INFO - Filling up the DagBag from /home/patrick/.cache/pypoetry/virtualenvs/airflow-DG3uFiME-py3.10/lib/python3.10/site-packages/airflow/example_dags/example_branch_labels.py
[2024-11-12T15:29:26.127-0500] {processor.py:925} INFO - DAG(s) 'example_branch_labels' retrieved from /home/patrick/.cache/pypoetry/virtualenvs/airflow-DG3uFiME-py3.10/lib/python3.10/site-packages/airflow/example_dags/example_branch_labels.py
[2024-11-12T15:29:26.928-0500] {logging_mixin.py:190} INFO - [2024-11-12T15:29:26.927-0500] {dag.py:3239} INFO - Sync 1 DAGs
[2024-11-12T15:29:27.046-0500] {logging_mixin.py:190} INFO - [2024-11-12T15:29:27.046-0500] {dag.py:4180} INFO - Setting next_dagrun for example_branch_labels to 2024-11-11 00:00:00+00:00, run_after=2024-11-12 00:00:00+00:00
[2024-11-12T15:29:27.536-0500] {processor.py:208} INFO - Processing /home/patrick/.cache/pypoetry/virtualenvs/airflow-DG3uFiME-py3.10/lib/python3.10/site-packages/airflow/example_dags/example_branch_labels.py took 1.425 seconds
