[2024-11-12T15:09:40.657-0500] {processor.py:186} INFO - Started process (PID=45018) to work on /home/patrick/.cache/pypoetry/virtualenvs/airflow-DG3uFiME-py3.10/lib/python3.10/site-packages/airflow/example_dags/example_display_name.py
[2024-11-12T15:09:40.658-0500] {processor.py:914} INFO - Processing file /home/patrick/.cache/pypoetry/virtualenvs/airflow-DG3uFiME-py3.10/lib/python3.10/site-packages/airflow/example_dags/example_display_name.py for tasks to queue
[2024-11-12T15:09:40.661-0500] {logging_mixin.py:190} INFO - [2024-11-12T15:09:40.661-0500] {dagbag.py:588} INFO - Filling up the DagBag from /home/patrick/.cache/pypoetry/virtualenvs/airflow-DG3uFiME-py3.10/lib/python3.10/site-packages/airflow/example_dags/example_display_name.py
[2024-11-12T15:09:40.670-0500] {processor.py:925} INFO - DAG(s) 'example_display_name' retrieved from /home/patrick/.cache/pypoetry/virtualenvs/airflow-DG3uFiME-py3.10/lib/python3.10/site-packages/airflow/example_dags/example_display_name.py
[2024-11-12T15:09:42.051-0500] {logging_mixin.py:190} INFO - [2024-11-12T15:09:42.051-0500] {override.py:1911} INFO - Created Permission View: can read on DAG:example_display_name
[2024-11-12T15:09:42.393-0500] {logging_mixin.py:190} INFO - [2024-11-12T15:09:42.392-0500] {override.py:1911} INFO - Created Permission View: can delete on DAG:example_display_name
[2024-11-12T15:09:42.706-0500] {logging_mixin.py:190} INFO - [2024-11-12T15:09:42.706-0500] {override.py:1911} INFO - Created Permission View: can edit on DAG:example_display_name
[2024-11-12T15:09:43.135-0500] {logging_mixin.py:190} INFO - [2024-11-12T15:09:43.135-0500] {override.py:1911} INFO - Created Permission View: can read on DAG Run:example_display_name
[2024-11-12T15:09:43.429-0500] {logging_mixin.py:190} INFO - [2024-11-12T15:09:43.429-0500] {override.py:1911} INFO - Created Permission View: can create on DAG Run:example_display_name
[2024-11-12T15:09:43.754-0500] {logging_mixin.py:190} INFO - [2024-11-12T15:09:43.754-0500] {override.py:1911} INFO - Created Permission View: can delete on DAG Run:example_display_name
[2024-11-12T15:09:44.092-0500] {logging_mixin.py:190} INFO - [2024-11-12T15:09:44.091-0500] {override.py:1911} INFO - Created Permission View: menu access on DAG Run:example_display_name
[2024-11-12T15:09:44.093-0500] {logging_mixin.py:190} INFO - [2024-11-12T15:09:44.093-0500] {dag.py:3239} INFO - Sync 1 DAGs
[2024-11-12T15:09:44.202-0500] {logging_mixin.py:190} INFO - [2024-11-12T15:09:44.201-0500] {dag.py:3262} INFO - Creating ORM DAG for example_display_name
[2024-11-12T15:09:44.213-0500] {logging_mixin.py:190} INFO - [2024-11-12T15:09:44.213-0500] {dag.py:4180} INFO - Setting next_dagrun for example_display_name to None, run_after=None
[2024-11-12T15:09:44.743-0500] {processor.py:208} INFO - Processing /home/patrick/.cache/pypoetry/virtualenvs/airflow-DG3uFiME-py3.10/lib/python3.10/site-packages/airflow/example_dags/example_display_name.py took 4.093 seconds
[2024-11-12T15:29:30.721-0500] {processor.py:186} INFO - Started process (PID=50570) to work on /home/patrick/.cache/pypoetry/virtualenvs/airflow-DG3uFiME-py3.10/lib/python3.10/site-packages/airflow/example_dags/example_display_name.py
[2024-11-12T15:29:30.722-0500] {processor.py:914} INFO - Processing file /home/patrick/.cache/pypoetry/virtualenvs/airflow-DG3uFiME-py3.10/lib/python3.10/site-packages/airflow/example_dags/example_display_name.py for tasks to queue
[2024-11-12T15:29:30.724-0500] {logging_mixin.py:190} INFO - [2024-11-12T15:29:30.724-0500] {dagbag.py:588} INFO - Filling up the DagBag from /home/patrick/.cache/pypoetry/virtualenvs/airflow-DG3uFiME-py3.10/lib/python3.10/site-packages/airflow/example_dags/example_display_name.py
[2024-11-12T15:29:30.729-0500] {processor.py:925} INFO - DAG(s) 'example_display_name' retrieved from /home/patrick/.cache/pypoetry/virtualenvs/airflow-DG3uFiME-py3.10/lib/python3.10/site-packages/airflow/example_dags/example_display_name.py
[2024-11-12T15:29:31.536-0500] {logging_mixin.py:190} INFO - [2024-11-12T15:29:31.536-0500] {dag.py:3239} INFO - Sync 1 DAGs
[2024-11-12T15:29:31.584-0500] {logging_mixin.py:190} INFO - [2024-11-12T15:29:31.584-0500] {dag.py:4180} INFO - Setting next_dagrun for example_display_name to None, run_after=None
[2024-11-12T15:29:32.064-0500] {processor.py:208} INFO - Processing /home/patrick/.cache/pypoetry/virtualenvs/airflow-DG3uFiME-py3.10/lib/python3.10/site-packages/airflow/example_dags/example_display_name.py took 1.347 seconds
