[2024-11-12T15:10:39.755-0500] {processor.py:186} INFO - Started process (PID=45336) to work on /home/patrick/.cache/pypoetry/virtualenvs/airflow-DG3uFiME-py3.10/lib/python3.10/site-packages/airflow/example_dags/example_branch_day_of_week_operator.py
[2024-11-12T15:10:39.756-0500] {processor.py:914} INFO - Processing file /home/patrick/.cache/pypoetry/virtualenvs/airflow-DG3uFiME-py3.10/lib/python3.10/site-packages/airflow/example_dags/example_branch_day_of_week_operator.py for tasks to queue
[2024-11-12T15:10:39.758-0500] {logging_mixin.py:190} INFO - [2024-11-12T15:10:39.758-0500] {dagbag.py:588} INFO - Filling up the DagBag from /home/patrick/.cache/pypoetry/virtualenvs/airflow-DG3uFiME-py3.10/lib/python3.10/site-packages/airflow/example_dags/example_branch_day_of_week_operator.py
[2024-11-12T15:10:39.767-0500] {processor.py:925} INFO - DAG(s) 'example_weekday_branch_operator' retrieved from /home/patrick/.cache/pypoetry/virtualenvs/airflow-DG3uFiME-py3.10/lib/python3.10/site-packages/airflow/example_dags/example_branch_day_of_week_operator.py
[2024-11-12T15:10:41.152-0500] {logging_mixin.py:190} INFO - [2024-11-12T15:10:41.152-0500] {override.py:1911} INFO - Created Permission View: can read on DAG:example_weekday_branch_operator
[2024-11-12T15:10:41.476-0500] {logging_mixin.py:190} INFO - [2024-11-12T15:10:41.475-0500] {override.py:1911} INFO - Created Permission View: can delete on DAG:example_weekday_branch_operator
[2024-11-12T15:10:41.803-0500] {logging_mixin.py:190} INFO - [2024-11-12T15:10:41.802-0500] {override.py:1911} INFO - Created Permission View: can edit on DAG:example_weekday_branch_operator
[2024-11-12T15:10:42.269-0500] {logging_mixin.py:190} INFO - [2024-11-12T15:10:42.269-0500] {override.py:1911} INFO - Created Permission View: can read on DAG Run:example_weekday_branch_operator
[2024-11-12T15:10:42.592-0500] {logging_mixin.py:190} INFO - [2024-11-12T15:10:42.592-0500] {override.py:1911} INFO - Created Permission View: can create on DAG Run:example_weekday_branch_operator
[2024-11-12T15:10:42.938-0500] {logging_mixin.py:190} INFO - [2024-11-12T15:10:42.938-0500] {override.py:1911} INFO - Created Permission View: can delete on DAG Run:example_weekday_branch_operator
[2024-11-12T15:10:43.298-0500] {logging_mixin.py:190} INFO - [2024-11-12T15:10:43.297-0500] {override.py:1911} INFO - Created Permission View: menu access on DAG Run:example_weekday_branch_operator
[2024-11-12T15:10:43.309-0500] {logging_mixin.py:190} INFO - [2024-11-12T15:10:43.309-0500] {dag.py:3239} INFO - Sync 1 DAGs
[2024-11-12T15:10:43.431-0500] {logging_mixin.py:190} INFO - [2024-11-12T15:10:43.431-0500] {dag.py:3262} INFO - Creating ORM DAG for example_weekday_branch_operator
[2024-11-12T15:10:43.527-0500] {logging_mixin.py:190} INFO - [2024-11-12T15:10:43.527-0500] {dag.py:4180} INFO - Setting next_dagrun for example_weekday_branch_operator to 2024-11-11 00:00:00+00:00, run_after=2024-11-12 00:00:00+00:00
[2024-11-12T15:10:44.080-0500] {processor.py:208} INFO - Processing /home/patrick/.cache/pypoetry/virtualenvs/airflow-DG3uFiME-py3.10/lib/python3.10/site-packages/airflow/example_dags/example_branch_day_of_week_operator.py took 4.329 seconds
[2024-11-12T15:29:50.375-0500] {processor.py:186} INFO - Started process (PID=50745) to work on /home/patrick/.cache/pypoetry/virtualenvs/airflow-DG3uFiME-py3.10/lib/python3.10/site-packages/airflow/example_dags/example_branch_day_of_week_operator.py
[2024-11-12T15:29:50.376-0500] {processor.py:914} INFO - Processing file /home/patrick/.cache/pypoetry/virtualenvs/airflow-DG3uFiME-py3.10/lib/python3.10/site-packages/airflow/example_dags/example_branch_day_of_week_operator.py for tasks to queue
[2024-11-12T15:29:50.378-0500] {logging_mixin.py:190} INFO - [2024-11-12T15:29:50.378-0500] {dagbag.py:588} INFO - Filling up the DagBag from /home/patrick/.cache/pypoetry/virtualenvs/airflow-DG3uFiME-py3.10/lib/python3.10/site-packages/airflow/example_dags/example_branch_day_of_week_operator.py
[2024-11-12T15:29:50.385-0500] {processor.py:925} INFO - DAG(s) 'example_weekday_branch_operator' retrieved from /home/patrick/.cache/pypoetry/virtualenvs/airflow-DG3uFiME-py3.10/lib/python3.10/site-packages/airflow/example_dags/example_branch_day_of_week_operator.py
[2024-11-12T15:29:51.143-0500] {logging_mixin.py:190} INFO - [2024-11-12T15:29:51.143-0500] {dag.py:3239} INFO - Sync 1 DAGs
[2024-11-12T15:29:51.279-0500] {logging_mixin.py:190} INFO - [2024-11-12T15:29:51.278-0500] {dag.py:4180} INFO - Setting next_dagrun for example_weekday_branch_operator to 2024-11-11 00:00:00+00:00, run_after=2024-11-12 00:00:00+00:00
[2024-11-12T15:29:51.761-0500] {processor.py:208} INFO - Processing /home/patrick/.cache/pypoetry/virtualenvs/airflow-DG3uFiME-py3.10/lib/python3.10/site-packages/airflow/example_dags/example_branch_day_of_week_operator.py took 1.390 seconds
