[2024-11-12T15:10:58.865-0500] {processor.py:186} INFO - Started process (PID=45457) to work on /home/patrick/.cache/pypoetry/virtualenvs/airflow-DG3uFiME-py3.10/lib/python3.10/site-packages/airflow/example_dags/example_branch_datetime_operator.py
[2024-11-12T15:10:58.871-0500] {processor.py:914} INFO - Processing file /home/patrick/.cache/pypoetry/virtualenvs/airflow-DG3uFiME-py3.10/lib/python3.10/site-packages/airflow/example_dags/example_branch_datetime_operator.py for tasks to queue
[2024-11-12T15:10:58.873-0500] {logging_mixin.py:190} INFO - [2024-11-12T15:10:58.873-0500] {dagbag.py:588} INFO - Filling up the DagBag from /home/patrick/.cache/pypoetry/virtualenvs/airflow-DG3uFiME-py3.10/lib/python3.10/site-packages/airflow/example_dags/example_branch_datetime_operator.py
[2024-11-12T15:10:58.900-0500] {processor.py:925} INFO - DAG(s) 'example_branch_datetime_operator', 'example_branch_datetime_operator_2', 'example_branch_datetime_operator_3' retrieved from /home/patrick/.cache/pypoetry/virtualenvs/airflow-DG3uFiME-py3.10/lib/python3.10/site-packages/airflow/example_dags/example_branch_datetime_operator.py
[2024-11-12T15:11:00.202-0500] {logging_mixin.py:190} INFO - [2024-11-12T15:11:00.202-0500] {override.py:1911} INFO - Created Permission View: can read on DAG:example_branch_datetime_operator
[2024-11-12T15:11:00.539-0500] {logging_mixin.py:190} INFO - [2024-11-12T15:11:00.539-0500] {override.py:1911} INFO - Created Permission View: can delete on DAG:example_branch_datetime_operator
[2024-11-12T15:11:00.875-0500] {logging_mixin.py:190} INFO - [2024-11-12T15:11:00.875-0500] {override.py:1911} INFO - Created Permission View: can edit on DAG:example_branch_datetime_operator
[2024-11-12T15:11:01.304-0500] {logging_mixin.py:190} INFO - [2024-11-12T15:11:01.303-0500] {override.py:1911} INFO - Created Permission View: can read on DAG Run:example_branch_datetime_operator
[2024-11-12T15:11:01.631-0500] {logging_mixin.py:190} INFO - [2024-11-12T15:11:01.631-0500] {override.py:1911} INFO - Created Permission View: can create on DAG Run:example_branch_datetime_operator
[2024-11-12T15:11:01.961-0500] {logging_mixin.py:190} INFO - [2024-11-12T15:11:01.960-0500] {override.py:1911} INFO - Created Permission View: can delete on DAG Run:example_branch_datetime_operator
[2024-11-12T15:11:02.295-0500] {logging_mixin.py:190} INFO - [2024-11-12T15:11:02.294-0500] {override.py:1911} INFO - Created Permission View: menu access on DAG Run:example_branch_datetime_operator
[2024-11-12T15:11:02.897-0500] {logging_mixin.py:190} INFO - [2024-11-12T15:11:02.897-0500] {override.py:1911} INFO - Created Permission View: can read on DAG:example_branch_datetime_operator_2
[2024-11-12T15:11:03.194-0500] {logging_mixin.py:190} INFO - [2024-11-12T15:11:03.194-0500] {override.py:1911} INFO - Created Permission View: can delete on DAG:example_branch_datetime_operator_2
[2024-11-12T15:11:03.506-0500] {logging_mixin.py:190} INFO - [2024-11-12T15:11:03.506-0500] {override.py:1911} INFO - Created Permission View: can edit on DAG:example_branch_datetime_operator_2
[2024-11-12T15:11:03.959-0500] {logging_mixin.py:190} INFO - [2024-11-12T15:11:03.959-0500] {override.py:1911} INFO - Created Permission View: can read on DAG Run:example_branch_datetime_operator_2
[2024-11-12T15:11:04.299-0500] {logging_mixin.py:190} INFO - [2024-11-12T15:11:04.299-0500] {override.py:1911} INFO - Created Permission View: can create on DAG Run:example_branch_datetime_operator_2
[2024-11-12T15:11:04.601-0500] {logging_mixin.py:190} INFO - [2024-11-12T15:11:04.600-0500] {override.py:1911} INFO - Created Permission View: can delete on DAG Run:example_branch_datetime_operator_2
[2024-11-12T15:11:04.950-0500] {logging_mixin.py:190} INFO - [2024-11-12T15:11:04.949-0500] {override.py:1911} INFO - Created Permission View: menu access on DAG Run:example_branch_datetime_operator_2
[2024-11-12T15:11:05.509-0500] {logging_mixin.py:190} INFO - [2024-11-12T15:11:05.509-0500] {override.py:1911} INFO - Created Permission View: can read on DAG:example_branch_datetime_operator_3
[2024-11-12T15:11:05.836-0500] {logging_mixin.py:190} INFO - [2024-11-12T15:11:05.836-0500] {override.py:1911} INFO - Created Permission View: can delete on DAG:example_branch_datetime_operator_3
[2024-11-12T15:11:06.130-0500] {logging_mixin.py:190} INFO - [2024-11-12T15:11:06.129-0500] {override.py:1911} INFO - Created Permission View: can edit on DAG:example_branch_datetime_operator_3
[2024-11-12T15:11:06.534-0500] {logging_mixin.py:190} INFO - [2024-11-12T15:11:06.534-0500] {override.py:1911} INFO - Created Permission View: can read on DAG Run:example_branch_datetime_operator_3
[2024-11-12T15:11:06.852-0500] {logging_mixin.py:190} INFO - [2024-11-12T15:11:06.852-0500] {override.py:1911} INFO - Created Permission View: can create on DAG Run:example_branch_datetime_operator_3
[2024-11-12T15:11:07.162-0500] {logging_mixin.py:190} INFO - [2024-11-12T15:11:07.161-0500] {override.py:1911} INFO - Created Permission View: can delete on DAG Run:example_branch_datetime_operator_3
[2024-11-12T15:11:07.490-0500] {logging_mixin.py:190} INFO - [2024-11-12T15:11:07.490-0500] {override.py:1911} INFO - Created Permission View: menu access on DAG Run:example_branch_datetime_operator_3
[2024-11-12T15:11:07.491-0500] {logging_mixin.py:190} INFO - [2024-11-12T15:11:07.491-0500] {dag.py:3239} INFO - Sync 3 DAGs
[2024-11-12T15:11:07.601-0500] {logging_mixin.py:190} INFO - [2024-11-12T15:11:07.601-0500] {dag.py:3262} INFO - Creating ORM DAG for example_branch_datetime_operator_3
[2024-11-12T15:11:07.603-0500] {logging_mixin.py:190} INFO - [2024-11-12T15:11:07.602-0500] {dag.py:3262} INFO - Creating ORM DAG for example_branch_datetime_operator_2
[2024-11-12T15:11:07.604-0500] {logging_mixin.py:190} INFO - [2024-11-12T15:11:07.603-0500] {dag.py:3262} INFO - Creating ORM DAG for example_branch_datetime_operator
[2024-11-12T15:11:07.689-0500] {logging_mixin.py:190} INFO - [2024-11-12T15:11:07.689-0500] {dag.py:4180} INFO - Setting next_dagrun for example_branch_datetime_operator to 2024-11-11 00:00:00+00:00, run_after=2024-11-12 00:00:00+00:00
[2024-11-12T15:11:07.692-0500] {logging_mixin.py:190} INFO - [2024-11-12T15:11:07.691-0500] {dag.py:4180} INFO - Setting next_dagrun for example_branch_datetime_operator_2 to 2024-11-11 00:00:00+00:00, run_after=2024-11-12 00:00:00+00:00
[2024-11-12T15:11:07.693-0500] {logging_mixin.py:190} INFO - [2024-11-12T15:11:07.693-0500] {dag.py:4180} INFO - Setting next_dagrun for example_branch_datetime_operator_3 to 2024-11-11 00:00:00+00:00, run_after=2024-11-12 00:00:00+00:00
[2024-11-12T15:11:08.249-0500] {processor.py:208} INFO - Processing /home/patrick/.cache/pypoetry/virtualenvs/airflow-DG3uFiME-py3.10/lib/python3.10/site-packages/airflow/example_dags/example_branch_datetime_operator.py took 9.388 seconds
[2024-11-12T15:29:57.888-0500] {processor.py:186} INFO - Started process (PID=50823) to work on /home/patrick/.cache/pypoetry/virtualenvs/airflow-DG3uFiME-py3.10/lib/python3.10/site-packages/airflow/example_dags/example_branch_datetime_operator.py
[2024-11-12T15:29:57.889-0500] {processor.py:914} INFO - Processing file /home/patrick/.cache/pypoetry/virtualenvs/airflow-DG3uFiME-py3.10/lib/python3.10/site-packages/airflow/example_dags/example_branch_datetime_operator.py for tasks to queue
[2024-11-12T15:29:57.891-0500] {logging_mixin.py:190} INFO - [2024-11-12T15:29:57.891-0500] {dagbag.py:588} INFO - Filling up the DagBag from /home/patrick/.cache/pypoetry/virtualenvs/airflow-DG3uFiME-py3.10/lib/python3.10/site-packages/airflow/example_dags/example_branch_datetime_operator.py
[2024-11-12T15:29:57.900-0500] {processor.py:925} INFO - DAG(s) 'example_branch_datetime_operator_3', 'example_branch_datetime_operator_2', 'example_branch_datetime_operator' retrieved from /home/patrick/.cache/pypoetry/virtualenvs/airflow-DG3uFiME-py3.10/lib/python3.10/site-packages/airflow/example_dags/example_branch_datetime_operator.py
[2024-11-12T15:29:58.820-0500] {logging_mixin.py:190} INFO - [2024-11-12T15:29:58.820-0500] {dag.py:3239} INFO - Sync 3 DAGs
[2024-11-12T15:29:58.944-0500] {logging_mixin.py:190} INFO - [2024-11-12T15:29:58.944-0500] {dag.py:4180} INFO - Setting next_dagrun for example_branch_datetime_operator to 2024-11-11 00:00:00+00:00, run_after=2024-11-12 00:00:00+00:00
[2024-11-12T15:29:58.980-0500] {logging_mixin.py:190} INFO - [2024-11-12T15:29:58.980-0500] {dag.py:4180} INFO - Setting next_dagrun for example_branch_datetime_operator_2 to 2024-11-11 00:00:00+00:00, run_after=2024-11-12 00:00:00+00:00
[2024-11-12T15:29:59.011-0500] {logging_mixin.py:190} INFO - [2024-11-12T15:29:59.011-0500] {dag.py:4180} INFO - Setting next_dagrun for example_branch_datetime_operator_3 to 2024-11-11 00:00:00+00:00, run_after=2024-11-12 00:00:00+00:00
[2024-11-12T15:29:59.498-0500] {processor.py:208} INFO - Processing /home/patrick/.cache/pypoetry/virtualenvs/airflow-DG3uFiME-py3.10/lib/python3.10/site-packages/airflow/example_dags/example_branch_datetime_operator.py took 1.614 seconds
