[2024-11-12T15:10:24.366-0500] {processor.py:186} INFO - Started process (PID=45240) to work on /home/patrick/.cache/pypoetry/virtualenvs/airflow-DG3uFiME-py3.10/lib/python3.10/site-packages/airflow/example_dags/example_setup_teardown_taskflow.py
[2024-11-12T15:10:24.368-0500] {processor.py:914} INFO - Processing file /home/patrick/.cache/pypoetry/virtualenvs/airflow-DG3uFiME-py3.10/lib/python3.10/site-packages/airflow/example_dags/example_setup_teardown_taskflow.py for tasks to queue
[2024-11-12T15:10:24.370-0500] {logging_mixin.py:190} INFO - [2024-11-12T15:10:24.370-0500] {dagbag.py:588} INFO - Filling up the DagBag from /home/patrick/.cache/pypoetry/virtualenvs/airflow-DG3uFiME-py3.10/lib/python3.10/site-packages/airflow/example_dags/example_setup_teardown_taskflow.py
[2024-11-12T15:10:24.381-0500] {processor.py:925} INFO - DAG(s) 'example_setup_teardown_taskflow' retrieved from /home/patrick/.cache/pypoetry/virtualenvs/airflow-DG3uFiME-py3.10/lib/python3.10/site-packages/airflow/example_dags/example_setup_teardown_taskflow.py
[2024-11-12T15:10:25.692-0500] {logging_mixin.py:190} INFO - [2024-11-12T15:10:25.691-0500] {override.py:1911} INFO - Created Permission View: can read on DAG:example_setup_teardown_taskflow
[2024-11-12T15:10:26.028-0500] {logging_mixin.py:190} INFO - [2024-11-12T15:10:26.028-0500] {override.py:1911} INFO - Created Permission View: can delete on DAG:example_setup_teardown_taskflow
[2024-11-12T15:10:26.329-0500] {logging_mixin.py:190} INFO - [2024-11-12T15:10:26.328-0500] {override.py:1911} INFO - Created Permission View: can edit on DAG:example_setup_teardown_taskflow
[2024-11-12T15:10:26.742-0500] {logging_mixin.py:190} INFO - [2024-11-12T15:10:26.742-0500] {override.py:1911} INFO - Created Permission View: can read on DAG Run:example_setup_teardown_taskflow
[2024-11-12T15:10:27.058-0500] {logging_mixin.py:190} INFO - [2024-11-12T15:10:27.058-0500] {override.py:1911} INFO - Created Permission View: can create on DAG Run:example_setup_teardown_taskflow
[2024-11-12T15:10:27.368-0500] {logging_mixin.py:190} INFO - [2024-11-12T15:10:27.368-0500] {override.py:1911} INFO - Created Permission View: can delete on DAG Run:example_setup_teardown_taskflow
[2024-11-12T15:10:27.694-0500] {logging_mixin.py:190} INFO - [2024-11-12T15:10:27.694-0500] {override.py:1911} INFO - Created Permission View: menu access on DAG Run:example_setup_teardown_taskflow
[2024-11-12T15:10:27.698-0500] {logging_mixin.py:190} INFO - [2024-11-12T15:10:27.697-0500] {dag.py:3239} INFO - Sync 1 DAGs
[2024-11-12T15:10:27.806-0500] {logging_mixin.py:190} INFO - [2024-11-12T15:10:27.806-0500] {dag.py:3262} INFO - Creating ORM DAG for example_setup_teardown_taskflow
[2024-11-12T15:10:27.807-0500] {logging_mixin.py:190} INFO - [2024-11-12T15:10:27.807-0500] {dag.py:4180} INFO - Setting next_dagrun for example_setup_teardown_taskflow to None, run_after=None
[2024-11-12T15:10:28.344-0500] {processor.py:208} INFO - Processing /home/patrick/.cache/pypoetry/virtualenvs/airflow-DG3uFiME-py3.10/lib/python3.10/site-packages/airflow/example_dags/example_setup_teardown_taskflow.py took 3.982 seconds
[2024-11-12T15:29:43.822-0500] {processor.py:186} INFO - Started process (PID=50677) to work on /home/patrick/.cache/pypoetry/virtualenvs/airflow-DG3uFiME-py3.10/lib/python3.10/site-packages/airflow/example_dags/example_setup_teardown_taskflow.py
[2024-11-12T15:29:43.823-0500] {processor.py:914} INFO - Processing file /home/patrick/.cache/pypoetry/virtualenvs/airflow-DG3uFiME-py3.10/lib/python3.10/site-packages/airflow/example_dags/example_setup_teardown_taskflow.py for tasks to queue
[2024-11-12T15:29:43.825-0500] {logging_mixin.py:190} INFO - [2024-11-12T15:29:43.825-0500] {dagbag.py:588} INFO - Filling up the DagBag from /home/patrick/.cache/pypoetry/virtualenvs/airflow-DG3uFiME-py3.10/lib/python3.10/site-packages/airflow/example_dags/example_setup_teardown_taskflow.py
[2024-11-12T15:29:43.833-0500] {processor.py:925} INFO - DAG(s) 'example_setup_teardown_taskflow' retrieved from /home/patrick/.cache/pypoetry/virtualenvs/airflow-DG3uFiME-py3.10/lib/python3.10/site-packages/airflow/example_dags/example_setup_teardown_taskflow.py
[2024-11-12T15:29:44.812-0500] {logging_mixin.py:190} INFO - [2024-11-12T15:29:44.811-0500] {dag.py:3239} INFO - Sync 1 DAGs
[2024-11-12T15:29:44.865-0500] {logging_mixin.py:190} INFO - [2024-11-12T15:29:44.865-0500] {dag.py:4180} INFO - Setting next_dagrun for example_setup_teardown_taskflow to None, run_after=None
[2024-11-12T15:29:45.386-0500] {processor.py:208} INFO - Processing /home/patrick/.cache/pypoetry/virtualenvs/airflow-DG3uFiME-py3.10/lib/python3.10/site-packages/airflow/example_dags/example_setup_teardown_taskflow.py took 1.569 seconds
