[2024-11-12T15:11:09.772-0500] {processor.py:186} INFO - Started process (PID=45520) to work on /home/patrick/.cache/pypoetry/virtualenvs/airflow-DG3uFiME-py3.10/lib/python3.10/site-packages/airflow/example_dags/example_trigger_controller_dag.py
[2024-11-12T15:11:09.773-0500] {processor.py:914} INFO - Processing file /home/patrick/.cache/pypoetry/virtualenvs/airflow-DG3uFiME-py3.10/lib/python3.10/site-packages/airflow/example_dags/example_trigger_controller_dag.py for tasks to queue
[2024-11-12T15:11:09.775-0500] {logging_mixin.py:190} INFO - [2024-11-12T15:11:09.775-0500] {dagbag.py:588} INFO - Filling up the DagBag from /home/patrick/.cache/pypoetry/virtualenvs/airflow-DG3uFiME-py3.10/lib/python3.10/site-packages/airflow/example_dags/example_trigger_controller_dag.py
[2024-11-12T15:11:09.781-0500] {processor.py:925} INFO - DAG(s) 'example_trigger_controller_dag' retrieved from /home/patrick/.cache/pypoetry/virtualenvs/airflow-DG3uFiME-py3.10/lib/python3.10/site-packages/airflow/example_dags/example_trigger_controller_dag.py
[2024-11-12T15:11:11.129-0500] {logging_mixin.py:190} INFO - [2024-11-12T15:11:11.128-0500] {override.py:1911} INFO - Created Permission View: can read on DAG:example_trigger_controller_dag
[2024-11-12T15:11:11.432-0500] {logging_mixin.py:190} INFO - [2024-11-12T15:11:11.432-0500] {override.py:1911} INFO - Created Permission View: can delete on DAG:example_trigger_controller_dag
[2024-11-12T15:11:11.730-0500] {logging_mixin.py:190} INFO - [2024-11-12T15:11:11.729-0500] {override.py:1911} INFO - Created Permission View: can edit on DAG:example_trigger_controller_dag
[2024-11-12T15:11:12.136-0500] {logging_mixin.py:190} INFO - [2024-11-12T15:11:12.136-0500] {override.py:1911} INFO - Created Permission View: can read on DAG Run:example_trigger_controller_dag
[2024-11-12T15:11:12.463-0500] {logging_mixin.py:190} INFO - [2024-11-12T15:11:12.463-0500] {override.py:1911} INFO - Created Permission View: can create on DAG Run:example_trigger_controller_dag
[2024-11-12T15:11:12.772-0500] {logging_mixin.py:190} INFO - [2024-11-12T15:11:12.772-0500] {override.py:1911} INFO - Created Permission View: can delete on DAG Run:example_trigger_controller_dag
[2024-11-12T15:11:13.079-0500] {logging_mixin.py:190} INFO - [2024-11-12T15:11:13.078-0500] {override.py:1911} INFO - Created Permission View: menu access on DAG Run:example_trigger_controller_dag
[2024-11-12T15:11:13.079-0500] {logging_mixin.py:190} INFO - [2024-11-12T15:11:13.079-0500] {dag.py:3239} INFO - Sync 1 DAGs
[2024-11-12T15:11:13.190-0500] {logging_mixin.py:190} INFO - [2024-11-12T15:11:13.190-0500] {dag.py:3262} INFO - Creating ORM DAG for example_trigger_controller_dag
[2024-11-12T15:11:13.272-0500] {logging_mixin.py:190} INFO - [2024-11-12T15:11:13.272-0500] {dag.py:4180} INFO - Setting next_dagrun for example_trigger_controller_dag to 2021-01-01 00:00:00+00:00, run_after=2021-01-01 00:00:00+00:00
[2024-11-12T15:11:13.813-0500] {processor.py:208} INFO - Processing /home/patrick/.cache/pypoetry/virtualenvs/airflow-DG3uFiME-py3.10/lib/python3.10/site-packages/airflow/example_dags/example_trigger_controller_dag.py took 4.045 seconds
[2024-11-12T15:30:01.545-0500] {processor.py:186} INFO - Started process (PID=50941) to work on /home/patrick/.cache/pypoetry/virtualenvs/airflow-DG3uFiME-py3.10/lib/python3.10/site-packages/airflow/example_dags/example_trigger_controller_dag.py
[2024-11-12T15:30:01.546-0500] {processor.py:914} INFO - Processing file /home/patrick/.cache/pypoetry/virtualenvs/airflow-DG3uFiME-py3.10/lib/python3.10/site-packages/airflow/example_dags/example_trigger_controller_dag.py for tasks to queue
[2024-11-12T15:30:01.548-0500] {logging_mixin.py:190} INFO - [2024-11-12T15:30:01.548-0500] {dagbag.py:588} INFO - Filling up the DagBag from /home/patrick/.cache/pypoetry/virtualenvs/airflow-DG3uFiME-py3.10/lib/python3.10/site-packages/airflow/example_dags/example_trigger_controller_dag.py
[2024-11-12T15:30:01.553-0500] {processor.py:925} INFO - DAG(s) 'example_trigger_controller_dag' retrieved from /home/patrick/.cache/pypoetry/virtualenvs/airflow-DG3uFiME-py3.10/lib/python3.10/site-packages/airflow/example_dags/example_trigger_controller_dag.py
[2024-11-12T15:30:02.143-0500] {logging_mixin.py:190} INFO - [2024-11-12T15:30:02.143-0500] {process_utils.py:266} INFO - Waiting up to 5 seconds for processes to exit...
