[2024-11-12T15:09:46.401-0500] {processor.py:186} INFO - Started process (PID=45055) to work on /home/patrick/.cache/pypoetry/virtualenvs/airflow-DG3uFiME-py3.10/lib/python3.10/site-packages/airflow/example_dags/example_datasets.py
[2024-11-12T15:09:46.403-0500] {processor.py:914} INFO - Processing file /home/patrick/.cache/pypoetry/virtualenvs/airflow-DG3uFiME-py3.10/lib/python3.10/site-packages/airflow/example_dags/example_datasets.py for tasks to queue
[2024-11-12T15:09:46.404-0500] {logging_mixin.py:190} INFO - [2024-11-12T15:09:46.404-0500] {dagbag.py:588} INFO - Filling up the DagBag from /home/patrick/.cache/pypoetry/virtualenvs/airflow-DG3uFiME-py3.10/lib/python3.10/site-packages/airflow/example_dags/example_datasets.py
[2024-11-12T15:09:46.415-0500] {processor.py:925} INFO - DAG(s) 'dataset_consumes_unknown_never_scheduled', 'dataset_consumes_1_never_scheduled', 'consume_1_and_2_with_dataset_expressions', 'dataset_consumes_1_and_2', 'consume_1_or_2_with_dataset_expressions', 'consume_1_or_both_2_and_3_with_dataset_expressions', 'dataset_produces_2', 'conditional_dataset_and_time_based_timetable', 'dataset_produces_1', 'dataset_consumes_1' retrieved from /home/patrick/.cache/pypoetry/virtualenvs/airflow-DG3uFiME-py3.10/lib/python3.10/site-packages/airflow/example_dags/example_datasets.py
[2024-11-12T15:09:47.815-0500] {logging_mixin.py:190} INFO - [2024-11-12T15:09:47.814-0500] {override.py:1911} INFO - Created Permission View: can read on DAG:dataset_consumes_unknown_never_scheduled
[2024-11-12T15:09:48.141-0500] {logging_mixin.py:190} INFO - [2024-11-12T15:09:48.140-0500] {override.py:1911} INFO - Created Permission View: can delete on DAG:dataset_consumes_unknown_never_scheduled
[2024-11-12T15:09:48.462-0500] {logging_mixin.py:190} INFO - [2024-11-12T15:09:48.462-0500] {override.py:1911} INFO - Created Permission View: can edit on DAG:dataset_consumes_unknown_never_scheduled
[2024-11-12T15:09:48.865-0500] {logging_mixin.py:190} INFO - [2024-11-12T15:09:48.865-0500] {override.py:1911} INFO - Created Permission View: can read on DAG Run:dataset_consumes_unknown_never_scheduled
[2024-11-12T15:09:49.186-0500] {logging_mixin.py:190} INFO - [2024-11-12T15:09:49.186-0500] {override.py:1911} INFO - Created Permission View: can create on DAG Run:dataset_consumes_unknown_never_scheduled
[2024-11-12T15:09:49.533-0500] {logging_mixin.py:190} INFO - [2024-11-12T15:09:49.532-0500] {override.py:1911} INFO - Created Permission View: can delete on DAG Run:dataset_consumes_unknown_never_scheduled
[2024-11-12T15:09:49.844-0500] {logging_mixin.py:190} INFO - [2024-11-12T15:09:49.844-0500] {override.py:1911} INFO - Created Permission View: menu access on DAG Run:dataset_consumes_unknown_never_scheduled
[2024-11-12T15:09:50.418-0500] {logging_mixin.py:190} INFO - [2024-11-12T15:09:50.417-0500] {override.py:1911} INFO - Created Permission View: can read on DAG:dataset_consumes_1_never_scheduled
[2024-11-12T15:09:50.729-0500] {logging_mixin.py:190} INFO - [2024-11-12T15:09:50.729-0500] {override.py:1911} INFO - Created Permission View: can delete on DAG:dataset_consumes_1_never_scheduled
[2024-11-12T15:09:51.068-0500] {logging_mixin.py:190} INFO - [2024-11-12T15:09:51.068-0500] {override.py:1911} INFO - Created Permission View: can edit on DAG:dataset_consumes_1_never_scheduled
[2024-11-12T15:09:51.485-0500] {logging_mixin.py:190} INFO - [2024-11-12T15:09:51.484-0500] {override.py:1911} INFO - Created Permission View: can read on DAG Run:dataset_consumes_1_never_scheduled
[2024-11-12T15:09:51.808-0500] {logging_mixin.py:190} INFO - [2024-11-12T15:09:51.807-0500] {override.py:1911} INFO - Created Permission View: can create on DAG Run:dataset_consumes_1_never_scheduled
[2024-11-12T15:09:52.140-0500] {logging_mixin.py:190} INFO - [2024-11-12T15:09:52.139-0500] {override.py:1911} INFO - Created Permission View: can delete on DAG Run:dataset_consumes_1_never_scheduled
[2024-11-12T15:09:52.476-0500] {logging_mixin.py:190} INFO - [2024-11-12T15:09:52.476-0500] {override.py:1911} INFO - Created Permission View: menu access on DAG Run:dataset_consumes_1_never_scheduled
[2024-11-12T15:09:53.065-0500] {logging_mixin.py:190} INFO - [2024-11-12T15:09:53.064-0500] {override.py:1911} INFO - Created Permission View: can read on DAG:consume_1_and_2_with_dataset_expressions
[2024-11-12T15:09:53.411-0500] {logging_mixin.py:190} INFO - [2024-11-12T15:09:53.410-0500] {override.py:1911} INFO - Created Permission View: can delete on DAG:consume_1_and_2_with_dataset_expressions
[2024-11-12T15:09:53.761-0500] {logging_mixin.py:190} INFO - [2024-11-12T15:09:53.761-0500] {override.py:1911} INFO - Created Permission View: can edit on DAG:consume_1_and_2_with_dataset_expressions
[2024-11-12T15:09:54.188-0500] {logging_mixin.py:190} INFO - [2024-11-12T15:09:54.187-0500] {override.py:1911} INFO - Created Permission View: can read on DAG Run:consume_1_and_2_with_dataset_expressions
[2024-11-12T15:09:54.504-0500] {logging_mixin.py:190} INFO - [2024-11-12T15:09:54.504-0500] {override.py:1911} INFO - Created Permission View: can create on DAG Run:consume_1_and_2_with_dataset_expressions
[2024-11-12T15:09:54.830-0500] {logging_mixin.py:190} INFO - [2024-11-12T15:09:54.830-0500] {override.py:1911} INFO - Created Permission View: can delete on DAG Run:consume_1_and_2_with_dataset_expressions
[2024-11-12T15:09:55.151-0500] {logging_mixin.py:190} INFO - [2024-11-12T15:09:55.151-0500] {override.py:1911} INFO - Created Permission View: menu access on DAG Run:consume_1_and_2_with_dataset_expressions
[2024-11-12T15:09:55.770-0500] {logging_mixin.py:190} INFO - [2024-11-12T15:09:55.770-0500] {override.py:1911} INFO - Created Permission View: can read on DAG:dataset_consumes_1_and_2
[2024-11-12T15:09:56.107-0500] {logging_mixin.py:190} INFO - [2024-11-12T15:09:56.107-0500] {override.py:1911} INFO - Created Permission View: can delete on DAG:dataset_consumes_1_and_2
[2024-11-12T15:09:56.428-0500] {logging_mixin.py:190} INFO - [2024-11-12T15:09:56.427-0500] {override.py:1911} INFO - Created Permission View: can edit on DAG:dataset_consumes_1_and_2
[2024-11-12T15:09:56.870-0500] {logging_mixin.py:190} INFO - [2024-11-12T15:09:56.870-0500] {override.py:1911} INFO - Created Permission View: can read on DAG Run:dataset_consumes_1_and_2
[2024-11-12T15:09:57.212-0500] {logging_mixin.py:190} INFO - [2024-11-12T15:09:57.212-0500] {override.py:1911} INFO - Created Permission View: can create on DAG Run:dataset_consumes_1_and_2
[2024-11-12T15:09:57.550-0500] {logging_mixin.py:190} INFO - [2024-11-12T15:09:57.549-0500] {override.py:1911} INFO - Created Permission View: can delete on DAG Run:dataset_consumes_1_and_2
[2024-11-12T15:09:57.871-0500] {logging_mixin.py:190} INFO - [2024-11-12T15:09:57.870-0500] {override.py:1911} INFO - Created Permission View: menu access on DAG Run:dataset_consumes_1_and_2
[2024-11-12T15:09:58.459-0500] {logging_mixin.py:190} INFO - [2024-11-12T15:09:58.458-0500] {override.py:1911} INFO - Created Permission View: can read on DAG:consume_1_or_2_with_dataset_expressions
[2024-11-12T15:09:58.767-0500] {logging_mixin.py:190} INFO - [2024-11-12T15:09:58.767-0500] {override.py:1911} INFO - Created Permission View: can delete on DAG:consume_1_or_2_with_dataset_expressions
[2024-11-12T15:09:59.129-0500] {logging_mixin.py:190} INFO - [2024-11-12T15:09:59.128-0500] {override.py:1911} INFO - Created Permission View: can edit on DAG:consume_1_or_2_with_dataset_expressions
[2024-11-12T15:09:59.551-0500] {logging_mixin.py:190} INFO - [2024-11-12T15:09:59.550-0500] {override.py:1911} INFO - Created Permission View: can read on DAG Run:consume_1_or_2_with_dataset_expressions
[2024-11-12T15:09:59.886-0500] {logging_mixin.py:190} INFO - [2024-11-12T15:09:59.886-0500] {override.py:1911} INFO - Created Permission View: can create on DAG Run:consume_1_or_2_with_dataset_expressions
[2024-11-12T15:10:00.220-0500] {logging_mixin.py:190} INFO - [2024-11-12T15:10:00.219-0500] {override.py:1911} INFO - Created Permission View: can delete on DAG Run:consume_1_or_2_with_dataset_expressions
[2024-11-12T15:10:00.560-0500] {logging_mixin.py:190} INFO - [2024-11-12T15:10:00.560-0500] {override.py:1911} INFO - Created Permission View: menu access on DAG Run:consume_1_or_2_with_dataset_expressions
[2024-11-12T15:10:01.158-0500] {logging_mixin.py:190} INFO - [2024-11-12T15:10:01.157-0500] {override.py:1911} INFO - Created Permission View: can read on DAG:consume_1_or_both_2_and_3_with_dataset_expressions
[2024-11-12T15:10:01.495-0500] {logging_mixin.py:190} INFO - [2024-11-12T15:10:01.494-0500] {override.py:1911} INFO - Created Permission View: can delete on DAG:consume_1_or_both_2_and_3_with_dataset_expressions
[2024-11-12T15:10:01.853-0500] {logging_mixin.py:190} INFO - [2024-11-12T15:10:01.853-0500] {override.py:1911} INFO - Created Permission View: can edit on DAG:consume_1_or_both_2_and_3_with_dataset_expressions
[2024-11-12T15:10:02.275-0500] {logging_mixin.py:190} INFO - [2024-11-12T15:10:02.275-0500] {override.py:1911} INFO - Created Permission View: can read on DAG Run:consume_1_or_both_2_and_3_with_dataset_expressions
[2024-11-12T15:10:02.606-0500] {logging_mixin.py:190} INFO - [2024-11-12T15:10:02.606-0500] {override.py:1911} INFO - Created Permission View: can create on DAG Run:consume_1_or_both_2_and_3_with_dataset_expressions
[2024-11-12T15:10:02.940-0500] {logging_mixin.py:190} INFO - [2024-11-12T15:10:02.939-0500] {override.py:1911} INFO - Created Permission View: can delete on DAG Run:consume_1_or_both_2_and_3_with_dataset_expressions
[2024-11-12T15:10:03.260-0500] {logging_mixin.py:190} INFO - [2024-11-12T15:10:03.259-0500] {override.py:1911} INFO - Created Permission View: menu access on DAG Run:consume_1_or_both_2_and_3_with_dataset_expressions
[2024-11-12T15:10:03.878-0500] {logging_mixin.py:190} INFO - [2024-11-12T15:10:03.877-0500] {override.py:1911} INFO - Created Permission View: can read on DAG:dataset_produces_2
[2024-11-12T15:10:04.194-0500] {logging_mixin.py:190} INFO - [2024-11-12T15:10:04.193-0500] {override.py:1911} INFO - Created Permission View: can delete on DAG:dataset_produces_2
[2024-11-12T15:10:04.535-0500] {logging_mixin.py:190} INFO - [2024-11-12T15:10:04.535-0500] {override.py:1911} INFO - Created Permission View: can edit on DAG:dataset_produces_2
[2024-11-12T15:10:04.961-0500] {logging_mixin.py:190} INFO - [2024-11-12T15:10:04.961-0500] {override.py:1911} INFO - Created Permission View: can read on DAG Run:dataset_produces_2
[2024-11-12T15:10:05.289-0500] {logging_mixin.py:190} INFO - [2024-11-12T15:10:05.289-0500] {override.py:1911} INFO - Created Permission View: can create on DAG Run:dataset_produces_2
[2024-11-12T15:10:05.619-0500] {logging_mixin.py:190} INFO - [2024-11-12T15:10:05.618-0500] {override.py:1911} INFO - Created Permission View: can delete on DAG Run:dataset_produces_2
[2024-11-12T15:10:05.975-0500] {logging_mixin.py:190} INFO - [2024-11-12T15:10:05.975-0500] {override.py:1911} INFO - Created Permission View: menu access on DAG Run:dataset_produces_2
[2024-11-12T15:10:06.553-0500] {logging_mixin.py:190} INFO - [2024-11-12T15:10:06.552-0500] {override.py:1911} INFO - Created Permission View: can read on DAG:conditional_dataset_and_time_based_timetable
[2024-11-12T15:10:06.882-0500] {logging_mixin.py:190} INFO - [2024-11-12T15:10:06.882-0500] {override.py:1911} INFO - Created Permission View: can delete on DAG:conditional_dataset_and_time_based_timetable
[2024-11-12T15:10:07.251-0500] {logging_mixin.py:190} INFO - [2024-11-12T15:10:07.250-0500] {override.py:1911} INFO - Created Permission View: can edit on DAG:conditional_dataset_and_time_based_timetable
[2024-11-12T15:10:07.670-0500] {logging_mixin.py:190} INFO - [2024-11-12T15:10:07.669-0500] {override.py:1911} INFO - Created Permission View: can read on DAG Run:conditional_dataset_and_time_based_timetable
[2024-11-12T15:10:07.973-0500] {logging_mixin.py:190} INFO - [2024-11-12T15:10:07.972-0500] {override.py:1911} INFO - Created Permission View: can create on DAG Run:conditional_dataset_and_time_based_timetable
[2024-11-12T15:10:08.306-0500] {logging_mixin.py:190} INFO - [2024-11-12T15:10:08.306-0500] {override.py:1911} INFO - Created Permission View: can delete on DAG Run:conditional_dataset_and_time_based_timetable
[2024-11-12T15:10:08.633-0500] {logging_mixin.py:190} INFO - [2024-11-12T15:10:08.632-0500] {override.py:1911} INFO - Created Permission View: menu access on DAG Run:conditional_dataset_and_time_based_timetable
[2024-11-12T15:10:09.230-0500] {logging_mixin.py:190} INFO - [2024-11-12T15:10:09.230-0500] {override.py:1911} INFO - Created Permission View: can read on DAG:dataset_produces_1
[2024-11-12T15:10:09.568-0500] {logging_mixin.py:190} INFO - [2024-11-12T15:10:09.568-0500] {override.py:1911} INFO - Created Permission View: can delete on DAG:dataset_produces_1
[2024-11-12T15:10:09.901-0500] {logging_mixin.py:190} INFO - [2024-11-12T15:10:09.900-0500] {override.py:1911} INFO - Created Permission View: can edit on DAG:dataset_produces_1
[2024-11-12T15:10:10.367-0500] {logging_mixin.py:190} INFO - [2024-11-12T15:10:10.367-0500] {override.py:1911} INFO - Created Permission View: can read on DAG Run:dataset_produces_1
[2024-11-12T15:10:10.691-0500] {logging_mixin.py:190} INFO - [2024-11-12T15:10:10.690-0500] {override.py:1911} INFO - Created Permission View: can create on DAG Run:dataset_produces_1
[2024-11-12T15:10:11.004-0500] {logging_mixin.py:190} INFO - [2024-11-12T15:10:11.004-0500] {override.py:1911} INFO - Created Permission View: can delete on DAG Run:dataset_produces_1
[2024-11-12T15:10:11.332-0500] {logging_mixin.py:190} INFO - [2024-11-12T15:10:11.332-0500] {override.py:1911} INFO - Created Permission View: menu access on DAG Run:dataset_produces_1
[2024-11-12T15:10:11.912-0500] {logging_mixin.py:190} INFO - [2024-11-12T15:10:11.912-0500] {override.py:1911} INFO - Created Permission View: can read on DAG:dataset_consumes_1
[2024-11-12T15:10:12.234-0500] {logging_mixin.py:190} INFO - [2024-11-12T15:10:12.234-0500] {override.py:1911} INFO - Created Permission View: can delete on DAG:dataset_consumes_1
[2024-11-12T15:10:12.579-0500] {logging_mixin.py:190} INFO - [2024-11-12T15:10:12.578-0500] {override.py:1911} INFO - Created Permission View: can edit on DAG:dataset_consumes_1
[2024-11-12T15:10:13.021-0500] {logging_mixin.py:190} INFO - [2024-11-12T15:10:13.021-0500] {override.py:1911} INFO - Created Permission View: can read on DAG Run:dataset_consumes_1
[2024-11-12T15:10:13.347-0500] {logging_mixin.py:190} INFO - [2024-11-12T15:10:13.347-0500] {override.py:1911} INFO - Created Permission View: can create on DAG Run:dataset_consumes_1
[2024-11-12T15:10:13.677-0500] {logging_mixin.py:190} INFO - [2024-11-12T15:10:13.677-0500] {override.py:1911} INFO - Created Permission View: can delete on DAG Run:dataset_consumes_1
[2024-11-12T15:10:14.010-0500] {logging_mixin.py:190} INFO - [2024-11-12T15:10:14.010-0500] {override.py:1911} INFO - Created Permission View: menu access on DAG Run:dataset_consumes_1
[2024-11-12T15:10:14.012-0500] {logging_mixin.py:190} INFO - [2024-11-12T15:10:14.011-0500] {dag.py:3239} INFO - Sync 10 DAGs
[2024-11-12T15:10:14.127-0500] {logging_mixin.py:190} INFO - [2024-11-12T15:10:14.126-0500] {dag.py:3262} INFO - Creating ORM DAG for dataset_consumes_1_never_scheduled
[2024-11-12T15:10:14.128-0500] {logging_mixin.py:190} INFO - [2024-11-12T15:10:14.128-0500] {dag.py:3262} INFO - Creating ORM DAG for dataset_produces_1
[2024-11-12T15:10:14.129-0500] {logging_mixin.py:190} INFO - [2024-11-12T15:10:14.129-0500] {dag.py:3262} INFO - Creating ORM DAG for dataset_consumes_unknown_never_scheduled
[2024-11-12T15:10:14.130-0500] {logging_mixin.py:190} INFO - [2024-11-12T15:10:14.130-0500] {dag.py:3262} INFO - Creating ORM DAG for consume_1_or_both_2_and_3_with_dataset_expressions
[2024-11-12T15:10:14.130-0500] {logging_mixin.py:190} INFO - [2024-11-12T15:10:14.130-0500] {dag.py:3262} INFO - Creating ORM DAG for consume_1_and_2_with_dataset_expressions
[2024-11-12T15:10:14.132-0500] {logging_mixin.py:190} INFO - [2024-11-12T15:10:14.131-0500] {dag.py:3262} INFO - Creating ORM DAG for dataset_consumes_1
[2024-11-12T15:10:14.132-0500] {logging_mixin.py:190} INFO - [2024-11-12T15:10:14.132-0500] {dag.py:3262} INFO - Creating ORM DAG for dataset_produces_2
[2024-11-12T15:10:14.133-0500] {logging_mixin.py:190} INFO - [2024-11-12T15:10:14.133-0500] {dag.py:3262} INFO - Creating ORM DAG for consume_1_or_2_with_dataset_expressions
[2024-11-12T15:10:14.134-0500] {logging_mixin.py:190} INFO - [2024-11-12T15:10:14.134-0500] {dag.py:3262} INFO - Creating ORM DAG for dataset_consumes_1_and_2
[2024-11-12T15:10:14.135-0500] {logging_mixin.py:190} INFO - [2024-11-12T15:10:14.135-0500] {dag.py:3262} INFO - Creating ORM DAG for conditional_dataset_and_time_based_timetable
[2024-11-12T15:10:14.213-0500] {logging_mixin.py:190} INFO - [2024-11-12T15:10:14.212-0500] {dag.py:4180} INFO - Setting next_dagrun for conditional_dataset_and_time_based_timetable to 2024-11-06 01:00:00+00:00, run_after=2024-11-06 01:00:00+00:00
[2024-11-12T15:10:14.214-0500] {logging_mixin.py:190} INFO - [2024-11-12T15:10:14.214-0500] {dag.py:4180} INFO - Setting next_dagrun for consume_1_and_2_with_dataset_expressions to None, run_after=None
[2024-11-12T15:10:14.214-0500] {logging_mixin.py:190} INFO - [2024-11-12T15:10:14.214-0500] {dag.py:4180} INFO - Setting next_dagrun for consume_1_or_2_with_dataset_expressions to None, run_after=None
[2024-11-12T15:10:14.215-0500] {logging_mixin.py:190} INFO - [2024-11-12T15:10:14.215-0500] {dag.py:4180} INFO - Setting next_dagrun for consume_1_or_both_2_and_3_with_dataset_expressions to None, run_after=None
[2024-11-12T15:10:14.216-0500] {logging_mixin.py:190} INFO - [2024-11-12T15:10:14.215-0500] {dag.py:4180} INFO - Setting next_dagrun for dataset_consumes_1 to None, run_after=None
[2024-11-12T15:10:14.217-0500] {logging_mixin.py:190} INFO - [2024-11-12T15:10:14.216-0500] {dag.py:4180} INFO - Setting next_dagrun for dataset_consumes_1_and_2 to None, run_after=None
[2024-11-12T15:10:14.218-0500] {logging_mixin.py:190} INFO - [2024-11-12T15:10:14.218-0500] {dag.py:4180} INFO - Setting next_dagrun for dataset_consumes_1_never_scheduled to None, run_after=None
[2024-11-12T15:10:14.219-0500] {logging_mixin.py:190} INFO - [2024-11-12T15:10:14.219-0500] {dag.py:4180} INFO - Setting next_dagrun for dataset_consumes_unknown_never_scheduled to None, run_after=None
[2024-11-12T15:10:14.220-0500] {logging_mixin.py:190} INFO - [2024-11-12T15:10:14.220-0500] {dag.py:4180} INFO - Setting next_dagrun for dataset_produces_1 to 2024-11-11 00:00:00+00:00, run_after=2024-11-12 00:00:00+00:00
[2024-11-12T15:10:14.221-0500] {logging_mixin.py:190} INFO - [2024-11-12T15:10:14.221-0500] {dag.py:4180} INFO - Setting next_dagrun for dataset_produces_2 to None, run_after=None
[2024-11-12T15:10:16.097-0500] {processor.py:208} INFO - Processing /home/patrick/.cache/pypoetry/virtualenvs/airflow-DG3uFiME-py3.10/lib/python3.10/site-packages/airflow/example_dags/example_datasets.py took 29.700 seconds
[2024-11-12T15:29:35.841-0500] {processor.py:186} INFO - Started process (PID=50611) to work on /home/patrick/.cache/pypoetry/virtualenvs/airflow-DG3uFiME-py3.10/lib/python3.10/site-packages/airflow/example_dags/example_datasets.py
[2024-11-12T15:29:35.842-0500] {processor.py:914} INFO - Processing file /home/patrick/.cache/pypoetry/virtualenvs/airflow-DG3uFiME-py3.10/lib/python3.10/site-packages/airflow/example_dags/example_datasets.py for tasks to queue
[2024-11-12T15:29:35.843-0500] {logging_mixin.py:190} INFO - [2024-11-12T15:29:35.843-0500] {dagbag.py:588} INFO - Filling up the DagBag from /home/patrick/.cache/pypoetry/virtualenvs/airflow-DG3uFiME-py3.10/lib/python3.10/site-packages/airflow/example_dags/example_datasets.py
[2024-11-12T15:29:35.855-0500] {processor.py:925} INFO - DAG(s) 'dataset_produces_2', 'dataset_consumes_1_and_2', 'dataset_consumes_1', 'conditional_dataset_and_time_based_timetable', 'dataset_consumes_unknown_never_scheduled', 'consume_1_or_both_2_and_3_with_dataset_expressions', 'dataset_consumes_1_never_scheduled', 'consume_1_or_2_with_dataset_expressions', 'dataset_produces_1', 'consume_1_and_2_with_dataset_expressions' retrieved from /home/patrick/.cache/pypoetry/virtualenvs/airflow-DG3uFiME-py3.10/lib/python3.10/site-packages/airflow/example_dags/example_datasets.py
[2024-11-12T15:29:37.489-0500] {logging_mixin.py:190} INFO - [2024-11-12T15:29:37.488-0500] {dag.py:3239} INFO - Sync 10 DAGs
[2024-11-12T15:29:37.629-0500] {logging_mixin.py:190} INFO - [2024-11-12T15:29:37.629-0500] {dag.py:4180} INFO - Setting next_dagrun for conditional_dataset_and_time_based_timetable to 2024-11-06 01:00:00+00:00, run_after=2024-11-06 01:00:00+00:00
[2024-11-12T15:29:37.665-0500] {logging_mixin.py:190} INFO - [2024-11-12T15:29:37.665-0500] {dag.py:4180} INFO - Setting next_dagrun for consume_1_and_2_with_dataset_expressions to None, run_after=None
[2024-11-12T15:29:37.701-0500] {logging_mixin.py:190} INFO - [2024-11-12T15:29:37.701-0500] {dag.py:4180} INFO - Setting next_dagrun for consume_1_or_2_with_dataset_expressions to None, run_after=None
[2024-11-12T15:29:37.737-0500] {logging_mixin.py:190} INFO - [2024-11-12T15:29:37.737-0500] {dag.py:4180} INFO - Setting next_dagrun for consume_1_or_both_2_and_3_with_dataset_expressions to None, run_after=None
[2024-11-12T15:29:37.773-0500] {logging_mixin.py:190} INFO - [2024-11-12T15:29:37.772-0500] {dag.py:4180} INFO - Setting next_dagrun for dataset_consumes_1 to None, run_after=None
[2024-11-12T15:29:37.808-0500] {logging_mixin.py:190} INFO - [2024-11-12T15:29:37.808-0500] {dag.py:4180} INFO - Setting next_dagrun for dataset_consumes_1_and_2 to None, run_after=None
[2024-11-12T15:29:37.845-0500] {logging_mixin.py:190} INFO - [2024-11-12T15:29:37.844-0500] {dag.py:4180} INFO - Setting next_dagrun for dataset_consumes_1_never_scheduled to None, run_after=None
[2024-11-12T15:29:37.880-0500] {logging_mixin.py:190} INFO - [2024-11-12T15:29:37.880-0500] {dag.py:4180} INFO - Setting next_dagrun for dataset_consumes_unknown_never_scheduled to None, run_after=None
[2024-11-12T15:29:37.916-0500] {logging_mixin.py:190} INFO - [2024-11-12T15:29:37.916-0500] {dag.py:4180} INFO - Setting next_dagrun for dataset_produces_1 to 2024-11-11 00:00:00+00:00, run_after=2024-11-12 00:00:00+00:00
[2024-11-12T15:29:37.956-0500] {logging_mixin.py:190} INFO - [2024-11-12T15:29:37.956-0500] {dag.py:4180} INFO - Setting next_dagrun for dataset_produces_2 to None, run_after=None
[2024-11-12T15:29:39.186-0500] {processor.py:208} INFO - Processing /home/patrick/.cache/pypoetry/virtualenvs/airflow-DG3uFiME-py3.10/lib/python3.10/site-packages/airflow/example_dags/example_datasets.py took 3.350 seconds
