[2024-11-12T15:09:15.249-0500] {processor.py:186} INFO - Started process (PID=44851) to work on /home/patrick/.cache/pypoetry/virtualenvs/airflow-DG3uFiME-py3.10/lib/python3.10/site-packages/airflow/example_dags/example_short_circuit_operator.py
[2024-11-12T15:09:15.251-0500] {processor.py:914} INFO - Processing file /home/patrick/.cache/pypoetry/virtualenvs/airflow-DG3uFiME-py3.10/lib/python3.10/site-packages/airflow/example_dags/example_short_circuit_operator.py for tasks to queue
[2024-11-12T15:09:15.253-0500] {logging_mixin.py:190} INFO - [2024-11-12T15:09:15.253-0500] {dagbag.py:588} INFO - Filling up the DagBag from /home/patrick/.cache/pypoetry/virtualenvs/airflow-DG3uFiME-py3.10/lib/python3.10/site-packages/airflow/example_dags/example_short_circuit_operator.py
[2024-11-12T15:09:15.260-0500] {processor.py:925} INFO - DAG(s) 'example_short_circuit_operator' retrieved from /home/patrick/.cache/pypoetry/virtualenvs/airflow-DG3uFiME-py3.10/lib/python3.10/site-packages/airflow/example_dags/example_short_circuit_operator.py
[2024-11-12T15:09:16.578-0500] {logging_mixin.py:190} INFO - [2024-11-12T15:09:16.577-0500] {override.py:1911} INFO - Created Permission View: can read on DAG:example_short_circuit_operator
[2024-11-12T15:09:16.916-0500] {logging_mixin.py:190} INFO - [2024-11-12T15:09:16.916-0500] {override.py:1911} INFO - Created Permission View: can delete on DAG:example_short_circuit_operator
[2024-11-12T15:09:17.241-0500] {logging_mixin.py:190} INFO - [2024-11-12T15:09:17.241-0500] {override.py:1911} INFO - Created Permission View: can edit on DAG:example_short_circuit_operator
[2024-11-12T15:09:17.683-0500] {logging_mixin.py:190} INFO - [2024-11-12T15:09:17.682-0500] {override.py:1911} INFO - Created Permission View: can read on DAG Run:example_short_circuit_operator
[2024-11-12T15:09:17.994-0500] {logging_mixin.py:190} INFO - [2024-11-12T15:09:17.994-0500] {override.py:1911} INFO - Created Permission View: can create on DAG Run:example_short_circuit_operator
[2024-11-12T15:09:18.312-0500] {logging_mixin.py:190} INFO - [2024-11-12T15:09:18.311-0500] {override.py:1911} INFO - Created Permission View: can delete on DAG Run:example_short_circuit_operator
[2024-11-12T15:09:18.629-0500] {logging_mixin.py:190} INFO - [2024-11-12T15:09:18.628-0500] {override.py:1911} INFO - Created Permission View: menu access on DAG Run:example_short_circuit_operator
[2024-11-12T15:09:18.630-0500] {logging_mixin.py:190} INFO - [2024-11-12T15:09:18.629-0500] {dag.py:3239} INFO - Sync 1 DAGs
[2024-11-12T15:09:18.746-0500] {logging_mixin.py:190} INFO - [2024-11-12T15:09:18.746-0500] {dag.py:3262} INFO - Creating ORM DAG for example_short_circuit_operator
[2024-11-12T15:09:18.747-0500] {logging_mixin.py:190} INFO - [2024-11-12T15:09:18.747-0500] {dag.py:4180} INFO - Setting next_dagrun for example_short_circuit_operator to None, run_after=None
[2024-11-12T15:09:19.286-0500] {processor.py:208} INFO - Processing /home/patrick/.cache/pypoetry/virtualenvs/airflow-DG3uFiME-py3.10/lib/python3.10/site-packages/airflow/example_dags/example_short_circuit_operator.py took 4.041 seconds
[2024-11-12T15:29:20.655-0500] {processor.py:186} INFO - Started process (PID=50476) to work on /home/patrick/.cache/pypoetry/virtualenvs/airflow-DG3uFiME-py3.10/lib/python3.10/site-packages/airflow/example_dags/example_short_circuit_operator.py
[2024-11-12T15:29:20.656-0500] {processor.py:914} INFO - Processing file /home/patrick/.cache/pypoetry/virtualenvs/airflow-DG3uFiME-py3.10/lib/python3.10/site-packages/airflow/example_dags/example_short_circuit_operator.py for tasks to queue
[2024-11-12T15:29:20.658-0500] {logging_mixin.py:190} INFO - [2024-11-12T15:29:20.658-0500] {dagbag.py:588} INFO - Filling up the DagBag from /home/patrick/.cache/pypoetry/virtualenvs/airflow-DG3uFiME-py3.10/lib/python3.10/site-packages/airflow/example_dags/example_short_circuit_operator.py
[2024-11-12T15:29:20.665-0500] {processor.py:925} INFO - DAG(s) 'example_short_circuit_operator' retrieved from /home/patrick/.cache/pypoetry/virtualenvs/airflow-DG3uFiME-py3.10/lib/python3.10/site-packages/airflow/example_dags/example_short_circuit_operator.py
[2024-11-12T15:29:21.434-0500] {logging_mixin.py:190} INFO - [2024-11-12T15:29:21.434-0500] {dag.py:3239} INFO - Sync 1 DAGs
[2024-11-12T15:29:21.483-0500] {logging_mixin.py:190} INFO - [2024-11-12T15:29:21.483-0500] {dag.py:4180} INFO - Setting next_dagrun for example_short_circuit_operator to None, run_after=None
[2024-11-12T15:29:21.996-0500] {processor.py:208} INFO - Processing /home/patrick/.cache/pypoetry/virtualenvs/airflow-DG3uFiME-py3.10/lib/python3.10/site-packages/airflow/example_dags/example_short_circuit_operator.py took 1.345 seconds
