[2024-11-12T15:10:46.065-0500] {processor.py:186} INFO - Started process (PID=45376) to work on /home/patrick/.cache/pypoetry/virtualenvs/airflow-DG3uFiME-py3.10/lib/python3.10/site-packages/airflow/example_dags/example_python_operator.py
[2024-11-12T15:10:46.066-0500] {processor.py:914} INFO - Processing file /home/patrick/.cache/pypoetry/virtualenvs/airflow-DG3uFiME-py3.10/lib/python3.10/site-packages/airflow/example_dags/example_python_operator.py for tasks to queue
[2024-11-12T15:10:46.068-0500] {logging_mixin.py:190} INFO - [2024-11-12T15:10:46.067-0500] {dagbag.py:588} INFO - Filling up the DagBag from /home/patrick/.cache/pypoetry/virtualenvs/airflow-DG3uFiME-py3.10/lib/python3.10/site-packages/airflow/example_dags/example_python_operator.py
[2024-11-12T15:10:46.370-0500] {logging_mixin.py:190} INFO - [2024-11-12T15:10:46.370-0500] {example_python_operator.py:93} WARNING - The virtalenv_python example task requires virtualenv, please install it.
[2024-11-12T15:10:46.372-0500] {processor.py:925} INFO - DAG(s) 'example_python_operator' retrieved from /home/patrick/.cache/pypoetry/virtualenvs/airflow-DG3uFiME-py3.10/lib/python3.10/site-packages/airflow/example_dags/example_python_operator.py
[2024-11-12T15:10:47.674-0500] {logging_mixin.py:190} INFO - [2024-11-12T15:10:47.674-0500] {override.py:1911} INFO - Created Permission View: can read on DAG:example_python_operator
[2024-11-12T15:10:48.038-0500] {logging_mixin.py:190} INFO - [2024-11-12T15:10:48.038-0500] {override.py:1911} INFO - Created Permission View: can delete on DAG:example_python_operator
[2024-11-12T15:10:48.370-0500] {logging_mixin.py:190} INFO - [2024-11-12T15:10:48.370-0500] {override.py:1911} INFO - Created Permission View: can edit on DAG:example_python_operator
[2024-11-12T15:10:48.789-0500] {logging_mixin.py:190} INFO - [2024-11-12T15:10:48.789-0500] {override.py:1911} INFO - Created Permission View: can read on DAG Run:example_python_operator
[2024-11-12T15:10:49.107-0500] {logging_mixin.py:190} INFO - [2024-11-12T15:10:49.107-0500] {override.py:1911} INFO - Created Permission View: can create on DAG Run:example_python_operator
[2024-11-12T15:10:49.446-0500] {logging_mixin.py:190} INFO - [2024-11-12T15:10:49.446-0500] {override.py:1911} INFO - Created Permission View: can delete on DAG Run:example_python_operator
[2024-11-12T15:10:50.228-0500] {logging_mixin.py:190} INFO - [2024-11-12T15:10:50.228-0500] {override.py:1911} INFO - Created Permission View: menu access on DAG Run:example_python_operator
[2024-11-12T15:10:50.229-0500] {logging_mixin.py:190} INFO - [2024-11-12T15:10:50.229-0500] {dag.py:3239} INFO - Sync 1 DAGs
[2024-11-12T15:10:50.346-0500] {logging_mixin.py:190} INFO - [2024-11-12T15:10:50.345-0500] {dag.py:3262} INFO - Creating ORM DAG for example_python_operator
[2024-11-12T15:10:50.347-0500] {logging_mixin.py:190} INFO - [2024-11-12T15:10:50.347-0500] {dag.py:4180} INFO - Setting next_dagrun for example_python_operator to None, run_after=None
[2024-11-12T15:10:50.910-0500] {processor.py:208} INFO - Processing /home/patrick/.cache/pypoetry/virtualenvs/airflow-DG3uFiME-py3.10/lib/python3.10/site-packages/airflow/example_dags/example_python_operator.py took 4.850 seconds
[2024-11-12T15:29:53.146-0500] {processor.py:186} INFO - Started process (PID=50772) to work on /home/patrick/.cache/pypoetry/virtualenvs/airflow-DG3uFiME-py3.10/lib/python3.10/site-packages/airflow/example_dags/example_python_operator.py
[2024-11-12T15:29:53.147-0500] {processor.py:914} INFO - Processing file /home/patrick/.cache/pypoetry/virtualenvs/airflow-DG3uFiME-py3.10/lib/python3.10/site-packages/airflow/example_dags/example_python_operator.py for tasks to queue
[2024-11-12T15:29:53.149-0500] {logging_mixin.py:190} INFO - [2024-11-12T15:29:53.149-0500] {dagbag.py:588} INFO - Filling up the DagBag from /home/patrick/.cache/pypoetry/virtualenvs/airflow-DG3uFiME-py3.10/lib/python3.10/site-packages/airflow/example_dags/example_python_operator.py
[2024-11-12T15:29:53.286-0500] {logging_mixin.py:190} INFO - [2024-11-12T15:29:53.286-0500] {example_python_operator.py:93} WARNING - The virtalenv_python example task requires virtualenv, please install it.
[2024-11-12T15:29:53.288-0500] {processor.py:925} INFO - DAG(s) 'example_python_operator' retrieved from /home/patrick/.cache/pypoetry/virtualenvs/airflow-DG3uFiME-py3.10/lib/python3.10/site-packages/airflow/example_dags/example_python_operator.py
[2024-11-12T15:29:54.109-0500] {logging_mixin.py:190} INFO - [2024-11-12T15:29:54.109-0500] {dag.py:3239} INFO - Sync 1 DAGs
[2024-11-12T15:29:54.156-0500] {logging_mixin.py:190} INFO - [2024-11-12T15:29:54.156-0500] {dag.py:4180} INFO - Setting next_dagrun for example_python_operator to None, run_after=None
[2024-11-12T15:29:54.657-0500] {processor.py:208} INFO - Processing /home/patrick/.cache/pypoetry/virtualenvs/airflow-DG3uFiME-py3.10/lib/python3.10/site-packages/airflow/example_dags/example_python_operator.py took 1.516 seconds
