[2024-11-12T15:10:06.644-0500] {processor.py:186} INFO - Started process (PID=45150) to work on /home/patrick/.cache/pypoetry/virtualenvs/airflow-DG3uFiME-py3.10/lib/python3.10/site-packages/airflow/example_dags/example_dataset_alias.py
[2024-11-12T15:10:06.646-0500] {processor.py:914} INFO - Processing file /home/patrick/.cache/pypoetry/virtualenvs/airflow-DG3uFiME-py3.10/lib/python3.10/site-packages/airflow/example_dags/example_dataset_alias.py for tasks to queue
[2024-11-12T15:10:06.648-0500] {logging_mixin.py:190} INFO - [2024-11-12T15:10:06.647-0500] {dagbag.py:588} INFO - Filling up the DagBag from /home/patrick/.cache/pypoetry/virtualenvs/airflow-DG3uFiME-py3.10/lib/python3.10/site-packages/airflow/example_dags/example_dataset_alias.py
[2024-11-12T15:10:07.537-0500] {processor.py:925} INFO - DAG(s) 'dataset_alias_example_alias_producer', 'dataset_alias_example_alias_consumer', 'dataset_s3_bucket_producer', 'dataset_s3_bucket_consumer' retrieved from /home/patrick/.cache/pypoetry/virtualenvs/airflow-DG3uFiME-py3.10/lib/python3.10/site-packages/airflow/example_dags/example_dataset_alias.py
[2024-11-12T15:10:08.306-0500] {logging_mixin.py:190} INFO - [2024-11-12T15:10:08.306-0500] {override.py:1911} INFO - Created Permission View: can read on DAG:dataset_alias_example_alias_producer
[2024-11-12T15:10:08.635-0500] {logging_mixin.py:190} INFO - [2024-11-12T15:10:08.634-0500] {override.py:1911} INFO - Created Permission View: can delete on DAG:dataset_alias_example_alias_producer
[2024-11-12T15:10:08.971-0500] {logging_mixin.py:190} INFO - [2024-11-12T15:10:08.970-0500] {override.py:1911} INFO - Created Permission View: can edit on DAG:dataset_alias_example_alias_producer
[2024-11-12T15:10:09.416-0500] {logging_mixin.py:190} INFO - [2024-11-12T15:10:09.416-0500] {override.py:1911} INFO - Created Permission View: can read on DAG Run:dataset_alias_example_alias_producer
[2024-11-12T15:10:09.758-0500] {logging_mixin.py:190} INFO - [2024-11-12T15:10:09.758-0500] {override.py:1911} INFO - Created Permission View: can create on DAG Run:dataset_alias_example_alias_producer
[2024-11-12T15:10:10.089-0500] {logging_mixin.py:190} INFO - [2024-11-12T15:10:10.089-0500] {override.py:1911} INFO - Created Permission View: can delete on DAG Run:dataset_alias_example_alias_producer
[2024-11-12T15:10:10.442-0500] {logging_mixin.py:190} INFO - [2024-11-12T15:10:10.442-0500] {override.py:1911} INFO - Created Permission View: menu access on DAG Run:dataset_alias_example_alias_producer
[2024-11-12T15:10:11.043-0500] {logging_mixin.py:190} INFO - [2024-11-12T15:10:11.042-0500] {override.py:1911} INFO - Created Permission View: can read on DAG:dataset_alias_example_alias_consumer
[2024-11-12T15:10:11.377-0500] {logging_mixin.py:190} INFO - [2024-11-12T15:10:11.377-0500] {override.py:1911} INFO - Created Permission View: can delete on DAG:dataset_alias_example_alias_consumer
[2024-11-12T15:10:11.699-0500] {logging_mixin.py:190} INFO - [2024-11-12T15:10:11.698-0500] {override.py:1911} INFO - Created Permission View: can edit on DAG:dataset_alias_example_alias_consumer
[2024-11-12T15:10:12.114-0500] {logging_mixin.py:190} INFO - [2024-11-12T15:10:12.114-0500] {override.py:1911} INFO - Created Permission View: can read on DAG Run:dataset_alias_example_alias_consumer
[2024-11-12T15:10:12.459-0500] {logging_mixin.py:190} INFO - [2024-11-12T15:10:12.459-0500] {override.py:1911} INFO - Created Permission View: can create on DAG Run:dataset_alias_example_alias_consumer
[2024-11-12T15:10:12.784-0500] {logging_mixin.py:190} INFO - [2024-11-12T15:10:12.784-0500] {override.py:1911} INFO - Created Permission View: can delete on DAG Run:dataset_alias_example_alias_consumer
[2024-11-12T15:10:13.128-0500] {logging_mixin.py:190} INFO - [2024-11-12T15:10:13.128-0500] {override.py:1911} INFO - Created Permission View: menu access on DAG Run:dataset_alias_example_alias_consumer
[2024-11-12T15:10:13.713-0500] {logging_mixin.py:190} INFO - [2024-11-12T15:10:13.712-0500] {override.py:1911} INFO - Created Permission View: can read on DAG:dataset_s3_bucket_producer
[2024-11-12T15:10:14.048-0500] {logging_mixin.py:190} INFO - [2024-11-12T15:10:14.047-0500] {override.py:1911} INFO - Created Permission View: can delete on DAG:dataset_s3_bucket_producer
[2024-11-12T15:10:14.382-0500] {logging_mixin.py:190} INFO - [2024-11-12T15:10:14.382-0500] {override.py:1911} INFO - Created Permission View: can edit on DAG:dataset_s3_bucket_producer
[2024-11-12T15:10:14.846-0500] {logging_mixin.py:190} INFO - [2024-11-12T15:10:14.846-0500] {override.py:1911} INFO - Created Permission View: can read on DAG Run:dataset_s3_bucket_producer
[2024-11-12T15:10:15.179-0500] {logging_mixin.py:190} INFO - [2024-11-12T15:10:15.179-0500] {override.py:1911} INFO - Created Permission View: can create on DAG Run:dataset_s3_bucket_producer
[2024-11-12T15:10:15.512-0500] {logging_mixin.py:190} INFO - [2024-11-12T15:10:15.511-0500] {override.py:1911} INFO - Created Permission View: can delete on DAG Run:dataset_s3_bucket_producer
[2024-11-12T15:10:15.822-0500] {logging_mixin.py:190} INFO - [2024-11-12T15:10:15.821-0500] {override.py:1911} INFO - Created Permission View: menu access on DAG Run:dataset_s3_bucket_producer
[2024-11-12T15:10:16.393-0500] {logging_mixin.py:190} INFO - [2024-11-12T15:10:16.392-0500] {override.py:1911} INFO - Created Permission View: can read on DAG:dataset_s3_bucket_consumer
[2024-11-12T15:10:16.719-0500] {logging_mixin.py:190} INFO - [2024-11-12T15:10:16.718-0500] {override.py:1911} INFO - Created Permission View: can delete on DAG:dataset_s3_bucket_consumer
[2024-11-12T15:10:17.082-0500] {logging_mixin.py:190} INFO - [2024-11-12T15:10:17.082-0500] {override.py:1911} INFO - Created Permission View: can edit on DAG:dataset_s3_bucket_consumer
[2024-11-12T15:10:17.526-0500] {logging_mixin.py:190} INFO - [2024-11-12T15:10:17.526-0500] {override.py:1911} INFO - Created Permission View: can read on DAG Run:dataset_s3_bucket_consumer
[2024-11-12T15:10:17.855-0500] {logging_mixin.py:190} INFO - [2024-11-12T15:10:17.855-0500] {override.py:1911} INFO - Created Permission View: can create on DAG Run:dataset_s3_bucket_consumer
[2024-11-12T15:10:18.178-0500] {logging_mixin.py:190} INFO - [2024-11-12T15:10:18.178-0500] {override.py:1911} INFO - Created Permission View: can delete on DAG Run:dataset_s3_bucket_consumer
[2024-11-12T15:10:18.487-0500] {logging_mixin.py:190} INFO - [2024-11-12T15:10:18.486-0500] {override.py:1911} INFO - Created Permission View: menu access on DAG Run:dataset_s3_bucket_consumer
[2024-11-12T15:10:18.488-0500] {logging_mixin.py:190} INFO - [2024-11-12T15:10:18.487-0500] {dag.py:3239} INFO - Sync 4 DAGs
[2024-11-12T15:10:18.621-0500] {logging_mixin.py:190} INFO - [2024-11-12T15:10:18.621-0500] {dag.py:3262} INFO - Creating ORM DAG for dataset_s3_bucket_consumer
[2024-11-12T15:10:18.622-0500] {logging_mixin.py:190} INFO - [2024-11-12T15:10:18.622-0500] {dag.py:3262} INFO - Creating ORM DAG for dataset_alias_example_alias_consumer
[2024-11-12T15:10:18.623-0500] {logging_mixin.py:190} INFO - [2024-11-12T15:10:18.623-0500] {dag.py:3262} INFO - Creating ORM DAG for dataset_alias_example_alias_producer
[2024-11-12T15:10:18.624-0500] {logging_mixin.py:190} INFO - [2024-11-12T15:10:18.624-0500] {dag.py:3262} INFO - Creating ORM DAG for dataset_s3_bucket_producer
[2024-11-12T15:10:18.706-0500] {logging_mixin.py:190} INFO - [2024-11-12T15:10:18.705-0500] {dag.py:4180} INFO - Setting next_dagrun for dataset_alias_example_alias_consumer to None, run_after=None
[2024-11-12T15:10:18.720-0500] {logging_mixin.py:190} INFO - [2024-11-12T15:10:18.720-0500] {dag.py:4180} INFO - Setting next_dagrun for dataset_alias_example_alias_producer to None, run_after=None
[2024-11-12T15:10:18.721-0500] {logging_mixin.py:190} INFO - [2024-11-12T15:10:18.721-0500] {dag.py:4180} INFO - Setting next_dagrun for dataset_s3_bucket_consumer to None, run_after=None
[2024-11-12T15:10:18.722-0500] {logging_mixin.py:190} INFO - [2024-11-12T15:10:18.722-0500] {dag.py:4180} INFO - Setting next_dagrun for dataset_s3_bucket_producer to None, run_after=None
[2024-11-12T15:10:19.593-0500] {processor.py:208} INFO - Processing /home/patrick/.cache/pypoetry/virtualenvs/airflow-DG3uFiME-py3.10/lib/python3.10/site-packages/airflow/example_dags/example_dataset_alias.py took 12.953 seconds
[2024-11-12T15:29:39.513-0500] {processor.py:186} INFO - Started process (PID=50638) to work on /home/patrick/.cache/pypoetry/virtualenvs/airflow-DG3uFiME-py3.10/lib/python3.10/site-packages/airflow/example_dags/example_dataset_alias.py
[2024-11-12T15:29:39.515-0500] {processor.py:914} INFO - Processing file /home/patrick/.cache/pypoetry/virtualenvs/airflow-DG3uFiME-py3.10/lib/python3.10/site-packages/airflow/example_dags/example_dataset_alias.py for tasks to queue
[2024-11-12T15:29:39.517-0500] {logging_mixin.py:190} INFO - [2024-11-12T15:29:39.516-0500] {dagbag.py:588} INFO - Filling up the DagBag from /home/patrick/.cache/pypoetry/virtualenvs/airflow-DG3uFiME-py3.10/lib/python3.10/site-packages/airflow/example_dags/example_dataset_alias.py
[2024-11-12T15:29:40.382-0500] {processor.py:925} INFO - DAG(s) 'dataset_alias_example_alias_consumer', 'dataset_s3_bucket_producer', 'dataset_s3_bucket_consumer', 'dataset_alias_example_alias_producer' retrieved from /home/patrick/.cache/pypoetry/virtualenvs/airflow-DG3uFiME-py3.10/lib/python3.10/site-packages/airflow/example_dags/example_dataset_alias.py
[2024-11-12T15:29:40.931-0500] {logging_mixin.py:190} INFO - [2024-11-12T15:29:40.930-0500] {dag.py:3239} INFO - Sync 4 DAGs
[2024-11-12T15:29:41.062-0500] {logging_mixin.py:190} INFO - [2024-11-12T15:29:41.062-0500] {dag.py:4180} INFO - Setting next_dagrun for dataset_alias_example_alias_consumer to None, run_after=None
[2024-11-12T15:29:41.099-0500] {logging_mixin.py:190} INFO - [2024-11-12T15:29:41.099-0500] {dag.py:4180} INFO - Setting next_dagrun for dataset_alias_example_alias_producer to None, run_after=None
[2024-11-12T15:29:41.135-0500] {logging_mixin.py:190} INFO - [2024-11-12T15:29:41.134-0500] {dag.py:4180} INFO - Setting next_dagrun for dataset_s3_bucket_consumer to None, run_after=None
[2024-11-12T15:29:41.167-0500] {logging_mixin.py:190} INFO - [2024-11-12T15:29:41.166-0500] {dag.py:4180} INFO - Setting next_dagrun for dataset_s3_bucket_producer to None, run_after=None
[2024-11-12T15:29:41.795-0500] {processor.py:208} INFO - Processing /home/patrick/.cache/pypoetry/virtualenvs/airflow-DG3uFiME-py3.10/lib/python3.10/site-packages/airflow/example_dags/example_dataset_alias.py took 2.285 seconds
