[2024-11-12T15:10:44.992-0500] {processor.py:186} INFO - Started process (PID=45367) to work on /home/patrick/.cache/pypoetry/virtualenvs/airflow-DG3uFiME-py3.10/lib/python3.10/site-packages/airflow/example_dags/example_latest_only.py
[2024-11-12T15:10:44.994-0500] {processor.py:914} INFO - Processing file /home/patrick/.cache/pypoetry/virtualenvs/airflow-DG3uFiME-py3.10/lib/python3.10/site-packages/airflow/example_dags/example_latest_only.py for tasks to queue
[2024-11-12T15:10:44.996-0500] {logging_mixin.py:190} INFO - [2024-11-12T15:10:44.996-0500] {dagbag.py:588} INFO - Filling up the DagBag from /home/patrick/.cache/pypoetry/virtualenvs/airflow-DG3uFiME-py3.10/lib/python3.10/site-packages/airflow/example_dags/example_latest_only.py
[2024-11-12T15:10:45.005-0500] {processor.py:925} INFO - DAG(s) 'latest_only' retrieved from /home/patrick/.cache/pypoetry/virtualenvs/airflow-DG3uFiME-py3.10/lib/python3.10/site-packages/airflow/example_dags/example_latest_only.py
[2024-11-12T15:10:46.246-0500] {logging_mixin.py:190} INFO - [2024-11-12T15:10:46.245-0500] {override.py:1911} INFO - Created Permission View: can read on DAG:latest_only
[2024-11-12T15:10:46.555-0500] {logging_mixin.py:190} INFO - [2024-11-12T15:10:46.554-0500] {override.py:1911} INFO - Created Permission View: can delete on DAG:latest_only
[2024-11-12T15:10:46.864-0500] {logging_mixin.py:190} INFO - [2024-11-12T15:10:46.864-0500] {override.py:1911} INFO - Created Permission View: can edit on DAG:latest_only
[2024-11-12T15:10:47.259-0500] {logging_mixin.py:190} INFO - [2024-11-12T15:10:47.259-0500] {override.py:1911} INFO - Created Permission View: can read on DAG Run:latest_only
[2024-11-12T15:10:47.559-0500] {logging_mixin.py:190} INFO - [2024-11-12T15:10:47.559-0500] {override.py:1911} INFO - Created Permission View: can create on DAG Run:latest_only
[2024-11-12T15:10:47.899-0500] {logging_mixin.py:190} INFO - [2024-11-12T15:10:47.898-0500] {override.py:1911} INFO - Created Permission View: can delete on DAG Run:latest_only
[2024-11-12T15:10:48.206-0500] {logging_mixin.py:190} INFO - [2024-11-12T15:10:48.205-0500] {override.py:1911} INFO - Created Permission View: menu access on DAG Run:latest_only
[2024-11-12T15:10:48.207-0500] {logging_mixin.py:190} INFO - [2024-11-12T15:10:48.207-0500] {dag.py:3239} INFO - Sync 1 DAGs
[2024-11-12T15:10:48.321-0500] {logging_mixin.py:190} INFO - [2024-11-12T15:10:48.320-0500] {dag.py:3262} INFO - Creating ORM DAG for latest_only
[2024-11-12T15:10:48.393-0500] {logging_mixin.py:190} INFO - [2024-11-12T15:10:48.393-0500] {dag.py:4180} INFO - Setting next_dagrun for latest_only to 2024-11-12 16:00:00+00:00, run_after=2024-11-12 20:00:00+00:00
[2024-11-12T15:10:48.947-0500] {processor.py:208} INFO - Processing /home/patrick/.cache/pypoetry/virtualenvs/airflow-DG3uFiME-py3.10/lib/python3.10/site-packages/airflow/example_dags/example_latest_only.py took 3.960 seconds
[2024-11-12T15:29:52.074-0500] {processor.py:186} INFO - Started process (PID=50763) to work on /home/patrick/.cache/pypoetry/virtualenvs/airflow-DG3uFiME-py3.10/lib/python3.10/site-packages/airflow/example_dags/example_latest_only.py
[2024-11-12T15:29:52.075-0500] {processor.py:914} INFO - Processing file /home/patrick/.cache/pypoetry/virtualenvs/airflow-DG3uFiME-py3.10/lib/python3.10/site-packages/airflow/example_dags/example_latest_only.py for tasks to queue
[2024-11-12T15:29:52.077-0500] {logging_mixin.py:190} INFO - [2024-11-12T15:29:52.077-0500] {dagbag.py:588} INFO - Filling up the DagBag from /home/patrick/.cache/pypoetry/virtualenvs/airflow-DG3uFiME-py3.10/lib/python3.10/site-packages/airflow/example_dags/example_latest_only.py
[2024-11-12T15:29:52.083-0500] {processor.py:925} INFO - DAG(s) 'latest_only' retrieved from /home/patrick/.cache/pypoetry/virtualenvs/airflow-DG3uFiME-py3.10/lib/python3.10/site-packages/airflow/example_dags/example_latest_only.py
[2024-11-12T15:29:52.863-0500] {logging_mixin.py:190} INFO - [2024-11-12T15:29:52.862-0500] {dag.py:3239} INFO - Sync 1 DAGs
[2024-11-12T15:29:52.996-0500] {logging_mixin.py:190} INFO - [2024-11-12T15:29:52.995-0500] {dag.py:4180} INFO - Setting next_dagrun for latest_only to 2024-11-12 16:00:00+00:00, run_after=2024-11-12 20:00:00+00:00
[2024-11-12T15:29:53.479-0500] {processor.py:208} INFO - Processing /home/patrick/.cache/pypoetry/virtualenvs/airflow-DG3uFiME-py3.10/lib/python3.10/site-packages/airflow/example_dags/example_latest_only.py took 1.410 seconds
