[2024-11-12T15:09:10.942-0500] {processor.py:186} INFO - Started process (PID=44824) to work on /home/patrick/.cache/pypoetry/virtualenvs/airflow-DG3uFiME-py3.10/lib/python3.10/site-packages/airflow/example_dags/example_params_ui_tutorial.py
[2024-11-12T15:09:10.943-0500] {processor.py:914} INFO - Processing file /home/patrick/.cache/pypoetry/virtualenvs/airflow-DG3uFiME-py3.10/lib/python3.10/site-packages/airflow/example_dags/example_params_ui_tutorial.py for tasks to queue
[2024-11-12T15:09:10.945-0500] {logging_mixin.py:190} INFO - [2024-11-12T15:09:10.945-0500] {dagbag.py:588} INFO - Filling up the DagBag from /home/patrick/.cache/pypoetry/virtualenvs/airflow-DG3uFiME-py3.10/lib/python3.10/site-packages/airflow/example_dags/example_params_ui_tutorial.py
[2024-11-12T15:09:10.951-0500] {processor.py:925} INFO - DAG(s) 'example_params_ui_tutorial' retrieved from /home/patrick/.cache/pypoetry/virtualenvs/airflow-DG3uFiME-py3.10/lib/python3.10/site-packages/airflow/example_dags/example_params_ui_tutorial.py
[2024-11-12T15:09:12.262-0500] {logging_mixin.py:190} INFO - [2024-11-12T15:09:12.262-0500] {override.py:1911} INFO - Created Permission View: can read on DAG:example_params_ui_tutorial
[2024-11-12T15:09:12.595-0500] {logging_mixin.py:190} INFO - [2024-11-12T15:09:12.595-0500] {override.py:1911} INFO - Created Permission View: can delete on DAG:example_params_ui_tutorial
[2024-11-12T15:09:12.918-0500] {logging_mixin.py:190} INFO - [2024-11-12T15:09:12.918-0500] {override.py:1911} INFO - Created Permission View: can edit on DAG:example_params_ui_tutorial
[2024-11-12T15:09:13.297-0500] {logging_mixin.py:190} INFO - [2024-11-12T15:09:13.296-0500] {override.py:1911} INFO - Created Permission View: can read on DAG Run:example_params_ui_tutorial
[2024-11-12T15:09:13.597-0500] {logging_mixin.py:190} INFO - [2024-11-12T15:09:13.597-0500] {override.py:1911} INFO - Created Permission View: can create on DAG Run:example_params_ui_tutorial
[2024-11-12T15:09:13.924-0500] {logging_mixin.py:190} INFO - [2024-11-12T15:09:13.924-0500] {override.py:1911} INFO - Created Permission View: can delete on DAG Run:example_params_ui_tutorial
[2024-11-12T15:09:14.237-0500] {logging_mixin.py:190} INFO - [2024-11-12T15:09:14.237-0500] {override.py:1911} INFO - Created Permission View: menu access on DAG Run:example_params_ui_tutorial
[2024-11-12T15:09:14.239-0500] {logging_mixin.py:190} INFO - [2024-11-12T15:09:14.238-0500] {dag.py:3239} INFO - Sync 1 DAGs
[2024-11-12T15:09:14.361-0500] {logging_mixin.py:190} INFO - [2024-11-12T15:09:14.361-0500] {dag.py:3262} INFO - Creating ORM DAG for example_params_ui_tutorial
[2024-11-12T15:09:14.364-0500] {logging_mixin.py:190} INFO - [2024-11-12T15:09:14.363-0500] {dag.py:4180} INFO - Setting next_dagrun for example_params_ui_tutorial to None, run_after=None
[2024-11-12T15:09:14.896-0500] {processor.py:208} INFO - Processing /home/patrick/.cache/pypoetry/virtualenvs/airflow-DG3uFiME-py3.10/lib/python3.10/site-packages/airflow/example_dags/example_params_ui_tutorial.py took 3.958 seconds
[2024-11-12T15:29:18.998-0500] {processor.py:186} INFO - Started process (PID=50458) to work on /home/patrick/.cache/pypoetry/virtualenvs/airflow-DG3uFiME-py3.10/lib/python3.10/site-packages/airflow/example_dags/example_params_ui_tutorial.py
[2024-11-12T15:29:18.999-0500] {processor.py:914} INFO - Processing file /home/patrick/.cache/pypoetry/virtualenvs/airflow-DG3uFiME-py3.10/lib/python3.10/site-packages/airflow/example_dags/example_params_ui_tutorial.py for tasks to queue
[2024-11-12T15:29:19.001-0500] {logging_mixin.py:190} INFO - [2024-11-12T15:29:19.001-0500] {dagbag.py:588} INFO - Filling up the DagBag from /home/patrick/.cache/pypoetry/virtualenvs/airflow-DG3uFiME-py3.10/lib/python3.10/site-packages/airflow/example_dags/example_params_ui_tutorial.py
[2024-11-12T15:29:19.007-0500] {processor.py:925} INFO - DAG(s) 'example_params_ui_tutorial' retrieved from /home/patrick/.cache/pypoetry/virtualenvs/airflow-DG3uFiME-py3.10/lib/python3.10/site-packages/airflow/example_dags/example_params_ui_tutorial.py
[2024-11-12T15:29:19.828-0500] {logging_mixin.py:190} INFO - [2024-11-12T15:29:19.828-0500] {dag.py:3239} INFO - Sync 1 DAGs
[2024-11-12T15:29:19.879-0500] {logging_mixin.py:190} INFO - [2024-11-12T15:29:19.879-0500] {dag.py:4180} INFO - Setting next_dagrun for example_params_ui_tutorial to None, run_after=None
[2024-11-12T15:29:20.367-0500] {processor.py:208} INFO - Processing /home/patrick/.cache/pypoetry/virtualenvs/airflow-DG3uFiME-py3.10/lib/python3.10/site-packages/airflow/example_dags/example_params_ui_tutorial.py took 1.372 seconds
