[2024-11-12T15:10:21.240-0500] {processor.py:186} INFO - Started process (PID=45223) to work on /home/patrick/.cache/pypoetry/virtualenvs/airflow-DG3uFiME-py3.10/lib/python3.10/site-packages/airflow/example_dags/example_params_trigger_ui.py
[2024-11-12T15:10:21.242-0500] {processor.py:914} INFO - Processing file /home/patrick/.cache/pypoetry/virtualenvs/airflow-DG3uFiME-py3.10/lib/python3.10/site-packages/airflow/example_dags/example_params_trigger_ui.py for tasks to queue
[2024-11-12T15:10:21.244-0500] {logging_mixin.py:190} INFO - [2024-11-12T15:10:21.243-0500] {dagbag.py:588} INFO - Filling up the DagBag from /home/patrick/.cache/pypoetry/virtualenvs/airflow-DG3uFiME-py3.10/lib/python3.10/site-packages/airflow/example_dags/example_params_trigger_ui.py
[2024-11-12T15:10:21.258-0500] {processor.py:925} INFO - DAG(s) 'example_params_trigger_ui' retrieved from /home/patrick/.cache/pypoetry/virtualenvs/airflow-DG3uFiME-py3.10/lib/python3.10/site-packages/airflow/example_dags/example_params_trigger_ui.py
[2024-11-12T15:10:22.627-0500] {logging_mixin.py:190} INFO - [2024-11-12T15:10:22.626-0500] {override.py:1911} INFO - Created Permission View: can read on DAG:example_params_trigger_ui
[2024-11-12T15:10:22.941-0500] {logging_mixin.py:190} INFO - [2024-11-12T15:10:22.941-0500] {override.py:1911} INFO - Created Permission View: can delete on DAG:example_params_trigger_ui
[2024-11-12T15:10:23.273-0500] {logging_mixin.py:190} INFO - [2024-11-12T15:10:23.273-0500] {override.py:1911} INFO - Created Permission View: can edit on DAG:example_params_trigger_ui
[2024-11-12T15:10:23.687-0500] {logging_mixin.py:190} INFO - [2024-11-12T15:10:23.687-0500] {override.py:1911} INFO - Created Permission View: can read on DAG Run:example_params_trigger_ui
[2024-11-12T15:10:24.014-0500] {logging_mixin.py:190} INFO - [2024-11-12T15:10:24.014-0500] {override.py:1911} INFO - Created Permission View: can create on DAG Run:example_params_trigger_ui
[2024-11-12T15:10:24.333-0500] {logging_mixin.py:190} INFO - [2024-11-12T15:10:24.333-0500] {override.py:1911} INFO - Created Permission View: can delete on DAG Run:example_params_trigger_ui
[2024-11-12T15:10:24.616-0500] {logging_mixin.py:190} INFO - [2024-11-12T15:10:24.616-0500] {override.py:1911} INFO - Created Permission View: menu access on DAG Run:example_params_trigger_ui
[2024-11-12T15:10:24.625-0500] {logging_mixin.py:190} INFO - [2024-11-12T15:10:24.625-0500] {dag.py:3239} INFO - Sync 1 DAGs
[2024-11-12T15:10:24.745-0500] {logging_mixin.py:190} INFO - [2024-11-12T15:10:24.745-0500] {dag.py:3262} INFO - Creating ORM DAG for example_params_trigger_ui
[2024-11-12T15:10:24.746-0500] {logging_mixin.py:190} INFO - [2024-11-12T15:10:24.746-0500] {dag.py:4180} INFO - Setting next_dagrun for example_params_trigger_ui to None, run_after=None
[2024-11-12T15:10:25.287-0500] {processor.py:208} INFO - Processing /home/patrick/.cache/pypoetry/virtualenvs/airflow-DG3uFiME-py3.10/lib/python3.10/site-packages/airflow/example_dags/example_params_trigger_ui.py took 4.052 seconds
[2024-11-12T15:29:42.950-0500] {processor.py:186} INFO - Started process (PID=50669) to work on /home/patrick/.cache/pypoetry/virtualenvs/airflow-DG3uFiME-py3.10/lib/python3.10/site-packages/airflow/example_dags/example_params_trigger_ui.py
[2024-11-12T15:29:42.951-0500] {processor.py:914} INFO - Processing file /home/patrick/.cache/pypoetry/virtualenvs/airflow-DG3uFiME-py3.10/lib/python3.10/site-packages/airflow/example_dags/example_params_trigger_ui.py for tasks to queue
[2024-11-12T15:29:42.953-0500] {logging_mixin.py:190} INFO - [2024-11-12T15:29:42.953-0500] {dagbag.py:588} INFO - Filling up the DagBag from /home/patrick/.cache/pypoetry/virtualenvs/airflow-DG3uFiME-py3.10/lib/python3.10/site-packages/airflow/example_dags/example_params_trigger_ui.py
[2024-11-12T15:29:42.962-0500] {processor.py:925} INFO - DAG(s) 'example_params_trigger_ui' retrieved from /home/patrick/.cache/pypoetry/virtualenvs/airflow-DG3uFiME-py3.10/lib/python3.10/site-packages/airflow/example_dags/example_params_trigger_ui.py
[2024-11-12T15:29:43.801-0500] {logging_mixin.py:190} INFO - [2024-11-12T15:29:43.800-0500] {dag.py:3239} INFO - Sync 1 DAGs
[2024-11-12T15:29:43.849-0500] {logging_mixin.py:190} INFO - [2024-11-12T15:29:43.848-0500] {dag.py:4180} INFO - Setting next_dagrun for example_params_trigger_ui to None, run_after=None
[2024-11-12T15:29:44.357-0500] {processor.py:208} INFO - Processing /home/patrick/.cache/pypoetry/virtualenvs/airflow-DG3uFiME-py3.10/lib/python3.10/site-packages/airflow/example_dags/example_params_trigger_ui.py took 1.411 seconds
