[2024-11-12T15:09:36.326-0500] {processor.py:186} INFO - Started process (PID=44993) to work on /home/patrick/.cache/pypoetry/virtualenvs/airflow-DG3uFiME-py3.10/lib/python3.10/site-packages/airflow/example_dags/example_dynamic_task_mapping_with_no_taskflow_operators.py
[2024-11-12T15:09:36.327-0500] {processor.py:914} INFO - Processing file /home/patrick/.cache/pypoetry/virtualenvs/airflow-DG3uFiME-py3.10/lib/python3.10/site-packages/airflow/example_dags/example_dynamic_task_mapping_with_no_taskflow_operators.py for tasks to queue
[2024-11-12T15:09:36.329-0500] {logging_mixin.py:190} INFO - [2024-11-12T15:09:36.329-0500] {dagbag.py:588} INFO - Filling up the DagBag from /home/patrick/.cache/pypoetry/virtualenvs/airflow-DG3uFiME-py3.10/lib/python3.10/site-packages/airflow/example_dags/example_dynamic_task_mapping_with_no_taskflow_operators.py
[2024-11-12T15:09:36.336-0500] {processor.py:925} INFO - DAG(s) 'example_dynamic_task_mapping_with_no_taskflow_operators' retrieved from /home/patrick/.cache/pypoetry/virtualenvs/airflow-DG3uFiME-py3.10/lib/python3.10/site-packages/airflow/example_dags/example_dynamic_task_mapping_with_no_taskflow_operators.py
[2024-11-12T15:09:37.679-0500] {logging_mixin.py:190} INFO - [2024-11-12T15:09:37.678-0500] {override.py:1911} INFO - Created Permission View: can read on DAG:example_dynamic_task_mapping_with_no_taskflow_operators
[2024-11-12T15:09:37.998-0500] {logging_mixin.py:190} INFO - [2024-11-12T15:09:37.997-0500] {override.py:1911} INFO - Created Permission View: can delete on DAG:example_dynamic_task_mapping_with_no_taskflow_operators
[2024-11-12T15:09:38.326-0500] {logging_mixin.py:190} INFO - [2024-11-12T15:09:38.326-0500] {override.py:1911} INFO - Created Permission View: can edit on DAG:example_dynamic_task_mapping_with_no_taskflow_operators
[2024-11-12T15:09:38.730-0500] {logging_mixin.py:190} INFO - [2024-11-12T15:09:38.729-0500] {override.py:1911} INFO - Created Permission View: can read on DAG Run:example_dynamic_task_mapping_with_no_taskflow_operators
[2024-11-12T15:09:39.061-0500] {logging_mixin.py:190} INFO - [2024-11-12T15:09:39.060-0500] {override.py:1911} INFO - Created Permission View: can create on DAG Run:example_dynamic_task_mapping_with_no_taskflow_operators
[2024-11-12T15:09:39.379-0500] {logging_mixin.py:190} INFO - [2024-11-12T15:09:39.379-0500] {override.py:1911} INFO - Created Permission View: can delete on DAG Run:example_dynamic_task_mapping_with_no_taskflow_operators
[2024-11-12T15:09:39.688-0500] {logging_mixin.py:190} INFO - [2024-11-12T15:09:39.687-0500] {override.py:1911} INFO - Created Permission View: menu access on DAG Run:example_dynamic_task_mapping_with_no_taskflow_operators
[2024-11-12T15:09:39.689-0500] {logging_mixin.py:190} INFO - [2024-11-12T15:09:39.689-0500] {dag.py:3239} INFO - Sync 1 DAGs
[2024-11-12T15:09:39.810-0500] {logging_mixin.py:190} INFO - [2024-11-12T15:09:39.809-0500] {dag.py:3262} INFO - Creating ORM DAG for example_dynamic_task_mapping_with_no_taskflow_operators
[2024-11-12T15:09:39.811-0500] {logging_mixin.py:190} INFO - [2024-11-12T15:09:39.811-0500] {dag.py:4180} INFO - Setting next_dagrun for example_dynamic_task_mapping_with_no_taskflow_operators to None, run_after=None
[2024-11-12T15:09:40.332-0500] {processor.py:208} INFO - Processing /home/patrick/.cache/pypoetry/virtualenvs/airflow-DG3uFiME-py3.10/lib/python3.10/site-packages/airflow/example_dags/example_dynamic_task_mapping_with_no_taskflow_operators.py took 4.010 seconds
[2024-11-12T15:29:29.130-0500] {processor.py:186} INFO - Started process (PID=50556) to work on /home/patrick/.cache/pypoetry/virtualenvs/airflow-DG3uFiME-py3.10/lib/python3.10/site-packages/airflow/example_dags/example_dynamic_task_mapping_with_no_taskflow_operators.py
[2024-11-12T15:29:29.131-0500] {processor.py:914} INFO - Processing file /home/patrick/.cache/pypoetry/virtualenvs/airflow-DG3uFiME-py3.10/lib/python3.10/site-packages/airflow/example_dags/example_dynamic_task_mapping_with_no_taskflow_operators.py for tasks to queue
[2024-11-12T15:29:29.133-0500] {logging_mixin.py:190} INFO - [2024-11-12T15:29:29.132-0500] {dagbag.py:588} INFO - Filling up the DagBag from /home/patrick/.cache/pypoetry/virtualenvs/airflow-DG3uFiME-py3.10/lib/python3.10/site-packages/airflow/example_dags/example_dynamic_task_mapping_with_no_taskflow_operators.py
[2024-11-12T15:29:29.139-0500] {processor.py:925} INFO - DAG(s) 'example_dynamic_task_mapping_with_no_taskflow_operators' retrieved from /home/patrick/.cache/pypoetry/virtualenvs/airflow-DG3uFiME-py3.10/lib/python3.10/site-packages/airflow/example_dags/example_dynamic_task_mapping_with_no_taskflow_operators.py
[2024-11-12T15:29:29.895-0500] {logging_mixin.py:190} INFO - [2024-11-12T15:29:29.895-0500] {dag.py:3239} INFO - Sync 1 DAGs
[2024-11-12T15:29:29.948-0500] {logging_mixin.py:190} INFO - [2024-11-12T15:29:29.948-0500] {dag.py:4180} INFO - Setting next_dagrun for example_dynamic_task_mapping_with_no_taskflow_operators to None, run_after=None
[2024-11-12T15:29:30.443-0500] {processor.py:208} INFO - Processing /home/patrick/.cache/pypoetry/virtualenvs/airflow-DG3uFiME-py3.10/lib/python3.10/site-packages/airflow/example_dags/example_dynamic_task_mapping_with_no_taskflow_operators.py took 1.318 seconds
