[2024-11-12T15:10:53.796-0500] {processor.py:186} INFO - Started process (PID=45424) to work on /home/patrick/.cache/pypoetry/virtualenvs/airflow-DG3uFiME-py3.10/lib/python3.10/site-packages/airflow/example_dags/example_nested_branch_dag.py
[2024-11-12T15:10:53.797-0500] {processor.py:914} INFO - Processing file /home/patrick/.cache/pypoetry/virtualenvs/airflow-DG3uFiME-py3.10/lib/python3.10/site-packages/airflow/example_dags/example_nested_branch_dag.py for tasks to queue
[2024-11-12T15:10:53.800-0500] {logging_mixin.py:190} INFO - [2024-11-12T15:10:53.800-0500] {dagbag.py:588} INFO - Filling up the DagBag from /home/patrick/.cache/pypoetry/virtualenvs/airflow-DG3uFiME-py3.10/lib/python3.10/site-packages/airflow/example_dags/example_nested_branch_dag.py
[2024-11-12T15:10:53.809-0500] {processor.py:925} INFO - DAG(s) 'example_nested_branch_dag' retrieved from /home/patrick/.cache/pypoetry/virtualenvs/airflow-DG3uFiME-py3.10/lib/python3.10/site-packages/airflow/example_dags/example_nested_branch_dag.py
[2024-11-12T15:10:55.073-0500] {logging_mixin.py:190} INFO - [2024-11-12T15:10:55.073-0500] {override.py:1911} INFO - Created Permission View: can read on DAG:example_nested_branch_dag
[2024-11-12T15:10:55.388-0500] {logging_mixin.py:190} INFO - [2024-11-12T15:10:55.388-0500] {override.py:1911} INFO - Created Permission View: can delete on DAG:example_nested_branch_dag
[2024-11-12T15:10:55.704-0500] {logging_mixin.py:190} INFO - [2024-11-12T15:10:55.704-0500] {override.py:1911} INFO - Created Permission View: can edit on DAG:example_nested_branch_dag
[2024-11-12T15:10:56.111-0500] {logging_mixin.py:190} INFO - [2024-11-12T15:10:56.110-0500] {override.py:1911} INFO - Created Permission View: can read on DAG Run:example_nested_branch_dag
[2024-11-12T15:10:56.409-0500] {logging_mixin.py:190} INFO - [2024-11-12T15:10:56.409-0500] {override.py:1911} INFO - Created Permission View: can create on DAG Run:example_nested_branch_dag
[2024-11-12T15:10:56.706-0500] {logging_mixin.py:190} INFO - [2024-11-12T15:10:56.705-0500] {override.py:1911} INFO - Created Permission View: can delete on DAG Run:example_nested_branch_dag
[2024-11-12T15:10:57.016-0500] {logging_mixin.py:190} INFO - [2024-11-12T15:10:57.016-0500] {override.py:1911} INFO - Created Permission View: menu access on DAG Run:example_nested_branch_dag
[2024-11-12T15:10:57.017-0500] {logging_mixin.py:190} INFO - [2024-11-12T15:10:57.017-0500] {dag.py:3239} INFO - Sync 1 DAGs
[2024-11-12T15:10:57.143-0500] {logging_mixin.py:190} INFO - [2024-11-12T15:10:57.142-0500] {dag.py:3262} INFO - Creating ORM DAG for example_nested_branch_dag
[2024-11-12T15:10:57.220-0500] {logging_mixin.py:190} INFO - [2024-11-12T15:10:57.220-0500] {dag.py:4180} INFO - Setting next_dagrun for example_nested_branch_dag to 2024-11-11 00:00:00+00:00, run_after=2024-11-12 00:00:00+00:00
[2024-11-12T15:10:57.741-0500] {processor.py:208} INFO - Processing /home/patrick/.cache/pypoetry/virtualenvs/airflow-DG3uFiME-py3.10/lib/python3.10/site-packages/airflow/example_dags/example_nested_branch_dag.py took 3.949 seconds
[2024-11-12T15:29:55.596-0500] {processor.py:186} INFO - Started process (PID=50799) to work on /home/patrick/.cache/pypoetry/virtualenvs/airflow-DG3uFiME-py3.10/lib/python3.10/site-packages/airflow/example_dags/example_nested_branch_dag.py
[2024-11-12T15:29:55.597-0500] {processor.py:914} INFO - Processing file /home/patrick/.cache/pypoetry/virtualenvs/airflow-DG3uFiME-py3.10/lib/python3.10/site-packages/airflow/example_dags/example_nested_branch_dag.py for tasks to queue
[2024-11-12T15:29:55.600-0500] {logging_mixin.py:190} INFO - [2024-11-12T15:29:55.600-0500] {dagbag.py:588} INFO - Filling up the DagBag from /home/patrick/.cache/pypoetry/virtualenvs/airflow-DG3uFiME-py3.10/lib/python3.10/site-packages/airflow/example_dags/example_nested_branch_dag.py
[2024-11-12T15:29:55.611-0500] {processor.py:925} INFO - DAG(s) 'example_nested_branch_dag' retrieved from /home/patrick/.cache/pypoetry/virtualenvs/airflow-DG3uFiME-py3.10/lib/python3.10/site-packages/airflow/example_dags/example_nested_branch_dag.py
[2024-11-12T15:29:56.417-0500] {logging_mixin.py:190} INFO - [2024-11-12T15:29:56.417-0500] {dag.py:3239} INFO - Sync 1 DAGs
[2024-11-12T15:29:56.531-0500] {logging_mixin.py:190} INFO - [2024-11-12T15:29:56.531-0500] {dag.py:4180} INFO - Setting next_dagrun for example_nested_branch_dag to 2024-11-11 00:00:00+00:00, run_after=2024-11-12 00:00:00+00:00
[2024-11-12T15:29:57.013-0500] {processor.py:208} INFO - Processing /home/patrick/.cache/pypoetry/virtualenvs/airflow-DG3uFiME-py3.10/lib/python3.10/site-packages/airflow/example_dags/example_nested_branch_dag.py took 1.423 seconds
