[2024-11-12T15:10:28.688-0500] {processor.py:186} INFO - Started process (PID=45267) to work on /home/patrick/.cache/pypoetry/virtualenvs/airflow-DG3uFiME-py3.10/lib/python3.10/site-packages/airflow/example_dags/example_sensor_decorator.py
[2024-11-12T15:10:28.689-0500] {processor.py:914} INFO - Processing file /home/patrick/.cache/pypoetry/virtualenvs/airflow-DG3uFiME-py3.10/lib/python3.10/site-packages/airflow/example_dags/example_sensor_decorator.py for tasks to queue
[2024-11-12T15:10:28.691-0500] {logging_mixin.py:190} INFO - [2024-11-12T15:10:28.691-0500] {dagbag.py:588} INFO - Filling up the DagBag from /home/patrick/.cache/pypoetry/virtualenvs/airflow-DG3uFiME-py3.10/lib/python3.10/site-packages/airflow/example_dags/example_sensor_decorator.py
[2024-11-12T15:10:28.697-0500] {processor.py:925} INFO - DAG(s) 'example_sensor_decorator' retrieved from /home/patrick/.cache/pypoetry/virtualenvs/airflow-DG3uFiME-py3.10/lib/python3.10/site-packages/airflow/example_dags/example_sensor_decorator.py
[2024-11-12T15:10:30.045-0500] {logging_mixin.py:190} INFO - [2024-11-12T15:10:30.044-0500] {override.py:1911} INFO - Created Permission View: can read on DAG:example_sensor_decorator
[2024-11-12T15:10:30.371-0500] {logging_mixin.py:190} INFO - [2024-11-12T15:10:30.370-0500] {override.py:1911} INFO - Created Permission View: can delete on DAG:example_sensor_decorator
[2024-11-12T15:10:30.678-0500] {logging_mixin.py:190} INFO - [2024-11-12T15:10:30.678-0500] {override.py:1911} INFO - Created Permission View: can edit on DAG:example_sensor_decorator
[2024-11-12T15:10:31.082-0500] {logging_mixin.py:190} INFO - [2024-11-12T15:10:31.081-0500] {override.py:1911} INFO - Created Permission View: can read on DAG Run:example_sensor_decorator
[2024-11-12T15:10:31.415-0500] {logging_mixin.py:190} INFO - [2024-11-12T15:10:31.415-0500] {override.py:1911} INFO - Created Permission View: can create on DAG Run:example_sensor_decorator
[2024-11-12T15:10:31.707-0500] {logging_mixin.py:190} INFO - [2024-11-12T15:10:31.706-0500] {override.py:1911} INFO - Created Permission View: can delete on DAG Run:example_sensor_decorator
[2024-11-12T15:10:32.018-0500] {logging_mixin.py:190} INFO - [2024-11-12T15:10:32.017-0500] {override.py:1911} INFO - Created Permission View: menu access on DAG Run:example_sensor_decorator
[2024-11-12T15:10:32.024-0500] {logging_mixin.py:190} INFO - [2024-11-12T15:10:32.023-0500] {dag.py:3239} INFO - Sync 1 DAGs
[2024-11-12T15:10:32.145-0500] {logging_mixin.py:190} INFO - [2024-11-12T15:10:32.145-0500] {dag.py:3262} INFO - Creating ORM DAG for example_sensor_decorator
[2024-11-12T15:10:32.147-0500] {logging_mixin.py:190} INFO - [2024-11-12T15:10:32.146-0500] {dag.py:4180} INFO - Setting next_dagrun for example_sensor_decorator to None, run_after=None
[2024-11-12T15:10:32.661-0500] {processor.py:208} INFO - Processing /home/patrick/.cache/pypoetry/virtualenvs/airflow-DG3uFiME-py3.10/lib/python3.10/site-packages/airflow/example_dags/example_sensor_decorator.py took 3.978 seconds
[2024-11-12T15:29:45.765-0500] {processor.py:186} INFO - Started process (PID=50700) to work on /home/patrick/.cache/pypoetry/virtualenvs/airflow-DG3uFiME-py3.10/lib/python3.10/site-packages/airflow/example_dags/example_sensor_decorator.py
[2024-11-12T15:29:45.767-0500] {processor.py:914} INFO - Processing file /home/patrick/.cache/pypoetry/virtualenvs/airflow-DG3uFiME-py3.10/lib/python3.10/site-packages/airflow/example_dags/example_sensor_decorator.py for tasks to queue
[2024-11-12T15:29:45.769-0500] {logging_mixin.py:190} INFO - [2024-11-12T15:29:45.769-0500] {dagbag.py:588} INFO - Filling up the DagBag from /home/patrick/.cache/pypoetry/virtualenvs/airflow-DG3uFiME-py3.10/lib/python3.10/site-packages/airflow/example_dags/example_sensor_decorator.py
[2024-11-12T15:29:45.775-0500] {processor.py:925} INFO - DAG(s) 'example_sensor_decorator' retrieved from /home/patrick/.cache/pypoetry/virtualenvs/airflow-DG3uFiME-py3.10/lib/python3.10/site-packages/airflow/example_dags/example_sensor_decorator.py
[2024-11-12T15:29:47.113-0500] {logging_mixin.py:190} INFO - [2024-11-12T15:29:47.112-0500] {dag.py:3239} INFO - Sync 1 DAGs
[2024-11-12T15:29:47.166-0500] {logging_mixin.py:190} INFO - [2024-11-12T15:29:47.166-0500] {dag.py:4180} INFO - Setting next_dagrun for example_sensor_decorator to None, run_after=None
[2024-11-12T15:29:47.679-0500] {processor.py:208} INFO - Processing /home/patrick/.cache/pypoetry/virtualenvs/airflow-DG3uFiME-py3.10/lib/python3.10/site-packages/airflow/example_dags/example_sensor_decorator.py took 1.918 seconds
