[2024-11-12T15:10:37.291-0500] {processor.py:186} INFO - Started process (PID=45321) to work on /home/patrick/.cache/pypoetry/virtualenvs/airflow-DG3uFiME-py3.10/lib/python3.10/site-packages/airflow/example_dags/example_short_circuit_decorator.py
[2024-11-12T15:10:37.293-0500] {processor.py:914} INFO - Processing file /home/patrick/.cache/pypoetry/virtualenvs/airflow-DG3uFiME-py3.10/lib/python3.10/site-packages/airflow/example_dags/example_short_circuit_decorator.py for tasks to queue
[2024-11-12T15:10:37.294-0500] {logging_mixin.py:190} INFO - [2024-11-12T15:10:37.294-0500] {dagbag.py:588} INFO - Filling up the DagBag from /home/patrick/.cache/pypoetry/virtualenvs/airflow-DG3uFiME-py3.10/lib/python3.10/site-packages/airflow/example_dags/example_short_circuit_decorator.py
[2024-11-12T15:10:37.303-0500] {processor.py:925} INFO - DAG(s) 'example_short_circuit_decorator' retrieved from /home/patrick/.cache/pypoetry/virtualenvs/airflow-DG3uFiME-py3.10/lib/python3.10/site-packages/airflow/example_dags/example_short_circuit_decorator.py
[2024-11-12T15:10:38.583-0500] {logging_mixin.py:190} INFO - [2024-11-12T15:10:38.582-0500] {override.py:1911} INFO - Created Permission View: can read on DAG:example_short_circuit_decorator
[2024-11-12T15:10:38.910-0500] {logging_mixin.py:190} INFO - [2024-11-12T15:10:38.910-0500] {override.py:1911} INFO - Created Permission View: can delete on DAG:example_short_circuit_decorator
[2024-11-12T15:10:39.266-0500] {logging_mixin.py:190} INFO - [2024-11-12T15:10:39.266-0500] {override.py:1911} INFO - Created Permission View: can edit on DAG:example_short_circuit_decorator
[2024-11-12T15:10:39.664-0500] {logging_mixin.py:190} INFO - [2024-11-12T15:10:39.663-0500] {override.py:1911} INFO - Created Permission View: can read on DAG Run:example_short_circuit_decorator
[2024-11-12T15:10:39.991-0500] {logging_mixin.py:190} INFO - [2024-11-12T15:10:39.991-0500] {override.py:1911} INFO - Created Permission View: can create on DAG Run:example_short_circuit_decorator
[2024-11-12T15:10:40.314-0500] {logging_mixin.py:190} INFO - [2024-11-12T15:10:40.313-0500] {override.py:1911} INFO - Created Permission View: can delete on DAG Run:example_short_circuit_decorator
[2024-11-12T15:10:40.645-0500] {logging_mixin.py:190} INFO - [2024-11-12T15:10:40.644-0500] {override.py:1911} INFO - Created Permission View: menu access on DAG Run:example_short_circuit_decorator
[2024-11-12T15:10:40.645-0500] {logging_mixin.py:190} INFO - [2024-11-12T15:10:40.645-0500] {dag.py:3239} INFO - Sync 1 DAGs
[2024-11-12T15:10:40.756-0500] {logging_mixin.py:190} INFO - [2024-11-12T15:10:40.756-0500] {dag.py:3262} INFO - Creating ORM DAG for example_short_circuit_decorator
[2024-11-12T15:10:40.757-0500] {logging_mixin.py:190} INFO - [2024-11-12T15:10:40.757-0500] {dag.py:4180} INFO - Setting next_dagrun for example_short_circuit_decorator to None, run_after=None
[2024-11-12T15:10:41.287-0500] {processor.py:208} INFO - Processing /home/patrick/.cache/pypoetry/virtualenvs/airflow-DG3uFiME-py3.10/lib/python3.10/site-packages/airflow/example_dags/example_short_circuit_decorator.py took 3.999 seconds
[2024-11-12T15:29:49.840-0500] {processor.py:186} INFO - Started process (PID=50737) to work on /home/patrick/.cache/pypoetry/virtualenvs/airflow-DG3uFiME-py3.10/lib/python3.10/site-packages/airflow/example_dags/example_short_circuit_decorator.py
[2024-11-12T15:29:49.842-0500] {processor.py:914} INFO - Processing file /home/patrick/.cache/pypoetry/virtualenvs/airflow-DG3uFiME-py3.10/lib/python3.10/site-packages/airflow/example_dags/example_short_circuit_decorator.py for tasks to queue
[2024-11-12T15:29:49.844-0500] {logging_mixin.py:190} INFO - [2024-11-12T15:29:49.844-0500] {dagbag.py:588} INFO - Filling up the DagBag from /home/patrick/.cache/pypoetry/virtualenvs/airflow-DG3uFiME-py3.10/lib/python3.10/site-packages/airflow/example_dags/example_short_circuit_decorator.py
[2024-11-12T15:29:49.854-0500] {processor.py:925} INFO - DAG(s) 'example_short_circuit_decorator' retrieved from /home/patrick/.cache/pypoetry/virtualenvs/airflow-DG3uFiME-py3.10/lib/python3.10/site-packages/airflow/example_dags/example_short_circuit_decorator.py
[2024-11-12T15:29:50.641-0500] {logging_mixin.py:190} INFO - [2024-11-12T15:29:50.640-0500] {dag.py:3239} INFO - Sync 1 DAGs
[2024-11-12T15:29:50.691-0500] {logging_mixin.py:190} INFO - [2024-11-12T15:29:50.690-0500] {dag.py:4180} INFO - Setting next_dagrun for example_short_circuit_decorator to None, run_after=None
[2024-11-12T15:29:51.158-0500] {processor.py:208} INFO - Processing /home/patrick/.cache/pypoetry/virtualenvs/airflow-DG3uFiME-py3.10/lib/python3.10/site-packages/airflow/example_dags/example_short_circuit_decorator.py took 1.322 seconds
