[2024-11-12T15:09:23.441-0500] {processor.py:186} INFO - Started process (PID=44906) to work on /home/patrick/.cache/pypoetry/virtualenvs/airflow-DG3uFiME-py3.10/lib/python3.10/site-packages/airflow/example_dags/example_inlet_event_extra.py
[2024-11-12T15:09:23.442-0500] {processor.py:914} INFO - Processing file /home/patrick/.cache/pypoetry/virtualenvs/airflow-DG3uFiME-py3.10/lib/python3.10/site-packages/airflow/example_dags/example_inlet_event_extra.py for tasks to queue
[2024-11-12T15:09:23.445-0500] {logging_mixin.py:190} INFO - [2024-11-12T15:09:23.444-0500] {dagbag.py:588} INFO - Filling up the DagBag from /home/patrick/.cache/pypoetry/virtualenvs/airflow-DG3uFiME-py3.10/lib/python3.10/site-packages/airflow/example_dags/example_inlet_event_extra.py
[2024-11-12T15:09:23.464-0500] {processor.py:925} INFO - DAG(s) 'read_dataset_event', 'read_dataset_event_from_classic' retrieved from /home/patrick/.cache/pypoetry/virtualenvs/airflow-DG3uFiME-py3.10/lib/python3.10/site-packages/airflow/example_dags/example_inlet_event_extra.py
[2024-11-12T15:09:24.744-0500] {logging_mixin.py:190} INFO - [2024-11-12T15:09:24.744-0500] {override.py:1911} INFO - Created Permission View: can read on DAG:read_dataset_event
[2024-11-12T15:09:25.092-0500] {logging_mixin.py:190} INFO - [2024-11-12T15:09:25.092-0500] {override.py:1911} INFO - Created Permission View: can delete on DAG:read_dataset_event
[2024-11-12T15:09:25.444-0500] {logging_mixin.py:190} INFO - [2024-11-12T15:09:25.444-0500] {override.py:1911} INFO - Created Permission View: can edit on DAG:read_dataset_event
[2024-11-12T15:09:25.877-0500] {logging_mixin.py:190} INFO - [2024-11-12T15:09:25.877-0500] {override.py:1911} INFO - Created Permission View: can read on DAG Run:read_dataset_event
[2024-11-12T15:09:26.209-0500] {logging_mixin.py:190} INFO - [2024-11-12T15:09:26.209-0500] {override.py:1911} INFO - Created Permission View: can create on DAG Run:read_dataset_event
[2024-11-12T15:09:26.560-0500] {logging_mixin.py:190} INFO - [2024-11-12T15:09:26.560-0500] {override.py:1911} INFO - Created Permission View: can delete on DAG Run:read_dataset_event
[2024-11-12T15:09:26.889-0500] {logging_mixin.py:190} INFO - [2024-11-12T15:09:26.889-0500] {override.py:1911} INFO - Created Permission View: menu access on DAG Run:read_dataset_event
[2024-11-12T15:09:27.500-0500] {logging_mixin.py:190} INFO - [2024-11-12T15:09:27.499-0500] {override.py:1911} INFO - Created Permission View: can read on DAG:read_dataset_event_from_classic
[2024-11-12T15:09:27.823-0500] {logging_mixin.py:190} INFO - [2024-11-12T15:09:27.823-0500] {override.py:1911} INFO - Created Permission View: can delete on DAG:read_dataset_event_from_classic
[2024-11-12T15:09:28.149-0500] {logging_mixin.py:190} INFO - [2024-11-12T15:09:28.149-0500] {override.py:1911} INFO - Created Permission View: can edit on DAG:read_dataset_event_from_classic
[2024-11-12T15:09:28.594-0500] {logging_mixin.py:190} INFO - [2024-11-12T15:09:28.593-0500] {override.py:1911} INFO - Created Permission View: can read on DAG Run:read_dataset_event_from_classic
[2024-11-12T15:09:28.923-0500] {logging_mixin.py:190} INFO - [2024-11-12T15:09:28.922-0500] {override.py:1911} INFO - Created Permission View: can create on DAG Run:read_dataset_event_from_classic
[2024-11-12T15:09:29.259-0500] {logging_mixin.py:190} INFO - [2024-11-12T15:09:29.259-0500] {override.py:1911} INFO - Created Permission View: can delete on DAG Run:read_dataset_event_from_classic
[2024-11-12T15:09:29.591-0500] {logging_mixin.py:190} INFO - [2024-11-12T15:09:29.591-0500] {override.py:1911} INFO - Created Permission View: menu access on DAG Run:read_dataset_event_from_classic
[2024-11-12T15:09:29.592-0500] {logging_mixin.py:190} INFO - [2024-11-12T15:09:29.592-0500] {dag.py:3239} INFO - Sync 2 DAGs
[2024-11-12T15:09:29.713-0500] {logging_mixin.py:190} INFO - [2024-11-12T15:09:29.713-0500] {dag.py:3262} INFO - Creating ORM DAG for read_dataset_event_from_classic
[2024-11-12T15:09:29.714-0500] {logging_mixin.py:190} INFO - [2024-11-12T15:09:29.714-0500] {dag.py:3262} INFO - Creating ORM DAG for read_dataset_event
[2024-11-12T15:09:29.797-0500] {logging_mixin.py:190} INFO - [2024-11-12T15:09:29.796-0500] {dag.py:4180} INFO - Setting next_dagrun for read_dataset_event to 2024-11-11 00:00:00+00:00, run_after=2024-11-12 00:00:00+00:00
[2024-11-12T15:09:29.798-0500] {logging_mixin.py:190} INFO - [2024-11-12T15:09:29.798-0500] {dag.py:4180} INFO - Setting next_dagrun for read_dataset_event_from_classic to 2024-11-11 00:00:00+00:00, run_after=2024-11-12 00:00:00+00:00
[2024-11-12T15:09:30.355-0500] {processor.py:208} INFO - Processing /home/patrick/.cache/pypoetry/virtualenvs/airflow-DG3uFiME-py3.10/lib/python3.10/site-packages/airflow/example_dags/example_inlet_event_extra.py took 6.918 seconds
[2024-11-12T15:29:23.624-0500] {processor.py:186} INFO - Started process (PID=50502) to work on /home/patrick/.cache/pypoetry/virtualenvs/airflow-DG3uFiME-py3.10/lib/python3.10/site-packages/airflow/example_dags/example_inlet_event_extra.py
[2024-11-12T15:29:23.626-0500] {processor.py:914} INFO - Processing file /home/patrick/.cache/pypoetry/virtualenvs/airflow-DG3uFiME-py3.10/lib/python3.10/site-packages/airflow/example_dags/example_inlet_event_extra.py for tasks to queue
[2024-11-12T15:29:23.629-0500] {logging_mixin.py:190} INFO - [2024-11-12T15:29:23.629-0500] {dagbag.py:588} INFO - Filling up the DagBag from /home/patrick/.cache/pypoetry/virtualenvs/airflow-DG3uFiME-py3.10/lib/python3.10/site-packages/airflow/example_dags/example_inlet_event_extra.py
[2024-11-12T15:29:23.639-0500] {processor.py:925} INFO - DAG(s) 'read_dataset_event_from_classic', 'read_dataset_event' retrieved from /home/patrick/.cache/pypoetry/virtualenvs/airflow-DG3uFiME-py3.10/lib/python3.10/site-packages/airflow/example_dags/example_inlet_event_extra.py
[2024-11-12T15:29:24.554-0500] {logging_mixin.py:190} INFO - [2024-11-12T15:29:24.554-0500] {dag.py:3239} INFO - Sync 2 DAGs
[2024-11-12T15:29:24.683-0500] {logging_mixin.py:190} INFO - [2024-11-12T15:29:24.682-0500] {dag.py:4180} INFO - Setting next_dagrun for read_dataset_event to 2024-11-11 00:00:00+00:00, run_after=2024-11-12 00:00:00+00:00
[2024-11-12T15:29:24.717-0500] {logging_mixin.py:190} INFO - [2024-11-12T15:29:24.716-0500] {dag.py:4180} INFO - Setting next_dagrun for read_dataset_event_from_classic to 2024-11-11 00:00:00+00:00, run_after=2024-11-12 00:00:00+00:00
[2024-11-12T15:29:25.210-0500] {processor.py:208} INFO - Processing /home/patrick/.cache/pypoetry/virtualenvs/airflow-DG3uFiME-py3.10/lib/python3.10/site-packages/airflow/example_dags/example_inlet_event_extra.py took 1.590 seconds
