[2024-11-12T15:11:12.065-0500] {processor.py:186} INFO - Started process (PID=45536) to work on /home/patrick/.cache/pypoetry/virtualenvs/airflow-DG3uFiME-py3.10/lib/python3.10/site-packages/airflow/example_dags/example_dynamic_task_mapping.py
[2024-11-12T15:11:12.066-0500] {processor.py:914} INFO - Processing file /home/patrick/.cache/pypoetry/virtualenvs/airflow-DG3uFiME-py3.10/lib/python3.10/site-packages/airflow/example_dags/example_dynamic_task_mapping.py for tasks to queue
[2024-11-12T15:11:12.069-0500] {logging_mixin.py:190} INFO - [2024-11-12T15:11:12.068-0500] {dagbag.py:588} INFO - Filling up the DagBag from /home/patrick/.cache/pypoetry/virtualenvs/airflow-DG3uFiME-py3.10/lib/python3.10/site-packages/airflow/example_dags/example_dynamic_task_mapping.py
[2024-11-12T15:11:12.076-0500] {processor.py:925} INFO - DAG(s) 'example_dynamic_task_mapping' retrieved from /home/patrick/.cache/pypoetry/virtualenvs/airflow-DG3uFiME-py3.10/lib/python3.10/site-packages/airflow/example_dags/example_dynamic_task_mapping.py
[2024-11-12T15:11:13.408-0500] {logging_mixin.py:190} INFO - [2024-11-12T15:11:13.407-0500] {override.py:1911} INFO - Created Permission View: can read on DAG:example_dynamic_task_mapping
[2024-11-12T15:11:13.725-0500] {logging_mixin.py:190} INFO - [2024-11-12T15:11:13.724-0500] {override.py:1911} INFO - Created Permission View: can delete on DAG:example_dynamic_task_mapping
[2024-11-12T15:11:14.055-0500] {logging_mixin.py:190} INFO - [2024-11-12T15:11:14.054-0500] {override.py:1911} INFO - Created Permission View: can edit on DAG:example_dynamic_task_mapping
[2024-11-12T15:11:14.505-0500] {logging_mixin.py:190} INFO - [2024-11-12T15:11:14.504-0500] {override.py:1911} INFO - Created Permission View: can read on DAG Run:example_dynamic_task_mapping
[2024-11-12T15:11:14.828-0500] {logging_mixin.py:190} INFO - [2024-11-12T15:11:14.827-0500] {override.py:1911} INFO - Created Permission View: can create on DAG Run:example_dynamic_task_mapping
[2024-11-12T15:11:15.158-0500] {logging_mixin.py:190} INFO - [2024-11-12T15:11:15.157-0500] {override.py:1911} INFO - Created Permission View: can delete on DAG Run:example_dynamic_task_mapping
[2024-11-12T15:11:15.504-0500] {logging_mixin.py:190} INFO - [2024-11-12T15:11:15.504-0500] {override.py:1911} INFO - Created Permission View: menu access on DAG Run:example_dynamic_task_mapping
[2024-11-12T15:11:15.505-0500] {logging_mixin.py:190} INFO - [2024-11-12T15:11:15.505-0500] {dag.py:3239} INFO - Sync 1 DAGs
[2024-11-12T15:11:15.620-0500] {logging_mixin.py:190} INFO - [2024-11-12T15:11:15.619-0500] {dag.py:3262} INFO - Creating ORM DAG for example_dynamic_task_mapping
[2024-11-12T15:11:15.621-0500] {logging_mixin.py:190} INFO - [2024-11-12T15:11:15.620-0500] {dag.py:4180} INFO - Setting next_dagrun for example_dynamic_task_mapping to None, run_after=None
[2024-11-12T15:11:16.145-0500] {processor.py:208} INFO - Processing /home/patrick/.cache/pypoetry/virtualenvs/airflow-DG3uFiME-py3.10/lib/python3.10/site-packages/airflow/example_dags/example_dynamic_task_mapping.py took 4.084 seconds
[2024-11-12T15:30:01.998-0500] {processor.py:186} INFO - Started process (PID=50948) to work on /home/patrick/.cache/pypoetry/virtualenvs/airflow-DG3uFiME-py3.10/lib/python3.10/site-packages/airflow/example_dags/example_dynamic_task_mapping.py
[2024-11-12T15:30:02.001-0500] {processor.py:914} INFO - Processing file /home/patrick/.cache/pypoetry/virtualenvs/airflow-DG3uFiME-py3.10/lib/python3.10/site-packages/airflow/example_dags/example_dynamic_task_mapping.py for tasks to queue
[2024-11-12T15:30:02.005-0500] {logging_mixin.py:190} INFO - [2024-11-12T15:30:02.005-0500] {dagbag.py:588} INFO - Filling up the DagBag from /home/patrick/.cache/pypoetry/virtualenvs/airflow-DG3uFiME-py3.10/lib/python3.10/site-packages/airflow/example_dags/example_dynamic_task_mapping.py
[2024-11-12T15:30:02.013-0500] {processor.py:925} INFO - DAG(s) 'example_dynamic_task_mapping' retrieved from /home/patrick/.cache/pypoetry/virtualenvs/airflow-DG3uFiME-py3.10/lib/python3.10/site-packages/airflow/example_dags/example_dynamic_task_mapping.py
[2024-11-12T15:30:02.567-0500] {logging_mixin.py:190} INFO - [2024-11-12T15:30:02.567-0500] {process_utils.py:266} INFO - Waiting up to 5 seconds for processes to exit...
