[2024-11-12T15:11:06.909-0500] {processor.py:186} INFO - Started process (PID=45498) to work on /home/patrick/.cache/pypoetry/virtualenvs/airflow-DG3uFiME-py3.10/lib/python3.10/site-packages/airflow/example_dags/example_branch_python_dop_operator_3.py
[2024-11-12T15:11:06.910-0500] {processor.py:914} INFO - Processing file /home/patrick/.cache/pypoetry/virtualenvs/airflow-DG3uFiME-py3.10/lib/python3.10/site-packages/airflow/example_dags/example_branch_python_dop_operator_3.py for tasks to queue
[2024-11-12T15:11:06.912-0500] {logging_mixin.py:190} INFO - [2024-11-12T15:11:06.912-0500] {dagbag.py:588} INFO - Filling up the DagBag from /home/patrick/.cache/pypoetry/virtualenvs/airflow-DG3uFiME-py3.10/lib/python3.10/site-packages/airflow/example_dags/example_branch_python_dop_operator_3.py
[2024-11-12T15:11:06.921-0500] {processor.py:925} INFO - DAG(s) 'example_branch_dop_operator_v3' retrieved from /home/patrick/.cache/pypoetry/virtualenvs/airflow-DG3uFiME-py3.10/lib/python3.10/site-packages/airflow/example_dags/example_branch_python_dop_operator_3.py
[2024-11-12T15:11:08.169-0500] {logging_mixin.py:190} INFO - [2024-11-12T15:11:08.168-0500] {override.py:1911} INFO - Created Permission View: can read on DAG:example_branch_dop_operator_v3
[2024-11-12T15:11:08.485-0500] {logging_mixin.py:190} INFO - [2024-11-12T15:11:08.485-0500] {override.py:1911} INFO - Created Permission View: can delete on DAG:example_branch_dop_operator_v3
[2024-11-12T15:11:08.793-0500] {logging_mixin.py:190} INFO - [2024-11-12T15:11:08.793-0500] {override.py:1911} INFO - Created Permission View: can edit on DAG:example_branch_dop_operator_v3
[2024-11-12T15:11:09.195-0500] {logging_mixin.py:190} INFO - [2024-11-12T15:11:09.194-0500] {override.py:1911} INFO - Created Permission View: can read on DAG Run:example_branch_dop_operator_v3
[2024-11-12T15:11:09.486-0500] {logging_mixin.py:190} INFO - [2024-11-12T15:11:09.486-0500] {override.py:1911} INFO - Created Permission View: can create on DAG Run:example_branch_dop_operator_v3
[2024-11-12T15:11:09.778-0500] {logging_mixin.py:190} INFO - [2024-11-12T15:11:09.778-0500] {override.py:1911} INFO - Created Permission View: can delete on DAG Run:example_branch_dop_operator_v3
[2024-11-12T15:11:10.069-0500] {logging_mixin.py:190} INFO - [2024-11-12T15:11:10.068-0500] {override.py:1911} INFO - Created Permission View: menu access on DAG Run:example_branch_dop_operator_v3
[2024-11-12T15:11:10.070-0500] {logging_mixin.py:190} INFO - [2024-11-12T15:11:10.069-0500] {dag.py:3239} INFO - Sync 1 DAGs
[2024-11-12T15:11:10.175-0500] {logging_mixin.py:190} INFO - [2024-11-12T15:11:10.175-0500] {dag.py:3262} INFO - Creating ORM DAG for example_branch_dop_operator_v3
[2024-11-12T15:11:10.248-0500] {logging_mixin.py:190} INFO - [2024-11-12T15:11:10.248-0500] {dag.py:4180} INFO - Setting next_dagrun for example_branch_dop_operator_v3 to 2024-11-12 20:10:00+00:00, run_after=2024-11-12 20:11:00+00:00
[2024-11-12T15:11:10.815-0500] {processor.py:208} INFO - Processing /home/patrick/.cache/pypoetry/virtualenvs/airflow-DG3uFiME-py3.10/lib/python3.10/site-packages/airflow/example_dags/example_branch_python_dop_operator_3.py took 3.911 seconds
[2024-11-12T15:29:59.782-0500] {processor.py:186} INFO - Started process (PID=50860) to work on /home/patrick/.cache/pypoetry/virtualenvs/airflow-DG3uFiME-py3.10/lib/python3.10/site-packages/airflow/example_dags/example_branch_python_dop_operator_3.py
[2024-11-12T15:29:59.783-0500] {processor.py:914} INFO - Processing file /home/patrick/.cache/pypoetry/virtualenvs/airflow-DG3uFiME-py3.10/lib/python3.10/site-packages/airflow/example_dags/example_branch_python_dop_operator_3.py for tasks to queue
[2024-11-12T15:29:59.785-0500] {logging_mixin.py:190} INFO - [2024-11-12T15:29:59.785-0500] {dagbag.py:588} INFO - Filling up the DagBag from /home/patrick/.cache/pypoetry/virtualenvs/airflow-DG3uFiME-py3.10/lib/python3.10/site-packages/airflow/example_dags/example_branch_python_dop_operator_3.py
[2024-11-12T15:29:59.792-0500] {processor.py:925} INFO - DAG(s) 'example_branch_dop_operator_v3' retrieved from /home/patrick/.cache/pypoetry/virtualenvs/airflow-DG3uFiME-py3.10/lib/python3.10/site-packages/airflow/example_dags/example_branch_python_dop_operator_3.py
[2024-11-12T15:30:00.666-0500] {logging_mixin.py:190} INFO - [2024-11-12T15:30:00.666-0500] {dag.py:3239} INFO - Sync 1 DAGs
[2024-11-12T15:30:00.787-0500] {logging_mixin.py:190} INFO - [2024-11-12T15:30:00.787-0500] {dag.py:4180} INFO - Setting next_dagrun for example_branch_dop_operator_v3 to 2024-11-12 20:29:00+00:00, run_after=2024-11-12 20:30:00+00:00
[2024-11-12T15:30:01.260-0500] {processor.py:208} INFO - Processing /home/patrick/.cache/pypoetry/virtualenvs/airflow-DG3uFiME-py3.10/lib/python3.10/site-packages/airflow/example_dags/example_branch_python_dop_operator_3.py took 1.483 seconds
