[2024-11-12T15:09:49.594-0500] {processor.py:186} INFO - Started process (PID=45073) to work on /home/patrick/.cache/pypoetry/virtualenvs/airflow-DG3uFiME-py3.10/lib/python3.10/site-packages/airflow/example_dags/example_dataset_alias_with_no_taskflow.py
[2024-11-12T15:09:49.595-0500] {processor.py:914} INFO - Processing file /home/patrick/.cache/pypoetry/virtualenvs/airflow-DG3uFiME-py3.10/lib/python3.10/site-packages/airflow/example_dags/example_dataset_alias_with_no_taskflow.py for tasks to queue
[2024-11-12T15:09:49.597-0500] {logging_mixin.py:190} INFO - [2024-11-12T15:09:49.597-0500] {dagbag.py:588} INFO - Filling up the DagBag from /home/patrick/.cache/pypoetry/virtualenvs/airflow-DG3uFiME-py3.10/lib/python3.10/site-packages/airflow/example_dags/example_dataset_alias_with_no_taskflow.py
[2024-11-12T15:09:50.419-0500] {processor.py:925} INFO - DAG(s) 'dataset_alias_example_alias_consumer_with_no_taskflow', 'dataset_s3_bucket_consumer_with_no_taskflow', 'dataset_s3_bucket_producer_with_no_taskflow', 'dataset_alias_example_alias_producer_with_no_taskflow' retrieved from /home/patrick/.cache/pypoetry/virtualenvs/airflow-DG3uFiME-py3.10/lib/python3.10/site-packages/airflow/example_dags/example_dataset_alias_with_no_taskflow.py
[2024-11-12T15:09:51.085-0500] {logging_mixin.py:190} INFO - [2024-11-12T15:09:51.084-0500] {override.py:1911} INFO - Created Permission View: can read on DAG:dataset_alias_example_alias_consumer_with_no_taskflow
[2024-11-12T15:09:51.399-0500] {logging_mixin.py:190} INFO - [2024-11-12T15:09:51.398-0500] {override.py:1911} INFO - Created Permission View: can delete on DAG:dataset_alias_example_alias_consumer_with_no_taskflow
[2024-11-12T15:09:51.702-0500] {logging_mixin.py:190} INFO - [2024-11-12T15:09:51.701-0500] {override.py:1911} INFO - Created Permission View: can edit on DAG:dataset_alias_example_alias_consumer_with_no_taskflow
[2024-11-12T15:09:52.096-0500] {logging_mixin.py:190} INFO - [2024-11-12T15:09:52.096-0500] {override.py:1911} INFO - Created Permission View: can read on DAG Run:dataset_alias_example_alias_consumer_with_no_taskflow
[2024-11-12T15:09:52.402-0500] {logging_mixin.py:190} INFO - [2024-11-12T15:09:52.402-0500] {override.py:1911} INFO - Created Permission View: can create on DAG Run:dataset_alias_example_alias_consumer_with_no_taskflow
[2024-11-12T15:09:52.706-0500] {logging_mixin.py:190} INFO - [2024-11-12T15:09:52.706-0500] {override.py:1911} INFO - Created Permission View: can delete on DAG Run:dataset_alias_example_alias_consumer_with_no_taskflow
[2024-11-12T15:09:53.018-0500] {logging_mixin.py:190} INFO - [2024-11-12T15:09:53.018-0500] {override.py:1911} INFO - Created Permission View: menu access on DAG Run:dataset_alias_example_alias_consumer_with_no_taskflow
[2024-11-12T15:09:53.581-0500] {logging_mixin.py:190} INFO - [2024-11-12T15:09:53.580-0500] {override.py:1911} INFO - Created Permission View: can read on DAG:dataset_s3_bucket_consumer_with_no_taskflow
[2024-11-12T15:09:53.858-0500] {logging_mixin.py:190} INFO - [2024-11-12T15:09:53.857-0500] {override.py:1911} INFO - Created Permission View: can delete on DAG:dataset_s3_bucket_consumer_with_no_taskflow
[2024-11-12T15:09:54.186-0500] {logging_mixin.py:190} INFO - [2024-11-12T15:09:54.185-0500] {override.py:1911} INFO - Created Permission View: can edit on DAG:dataset_s3_bucket_consumer_with_no_taskflow
[2024-11-12T15:09:54.585-0500] {logging_mixin.py:190} INFO - [2024-11-12T15:09:54.585-0500] {override.py:1911} INFO - Created Permission View: can read on DAG Run:dataset_s3_bucket_consumer_with_no_taskflow
[2024-11-12T15:09:54.888-0500] {logging_mixin.py:190} INFO - [2024-11-12T15:09:54.887-0500] {override.py:1911} INFO - Created Permission View: can create on DAG Run:dataset_s3_bucket_consumer_with_no_taskflow
[2024-11-12T15:09:55.210-0500] {logging_mixin.py:190} INFO - [2024-11-12T15:09:55.210-0500] {override.py:1911} INFO - Created Permission View: can delete on DAG Run:dataset_s3_bucket_consumer_with_no_taskflow
[2024-11-12T15:09:55.528-0500] {logging_mixin.py:190} INFO - [2024-11-12T15:09:55.527-0500] {override.py:1911} INFO - Created Permission View: menu access on DAG Run:dataset_s3_bucket_consumer_with_no_taskflow
[2024-11-12T15:09:56.132-0500] {logging_mixin.py:190} INFO - [2024-11-12T15:09:56.132-0500] {override.py:1911} INFO - Created Permission View: can read on DAG:dataset_s3_bucket_producer_with_no_taskflow
[2024-11-12T15:09:56.432-0500] {logging_mixin.py:190} INFO - [2024-11-12T15:09:56.432-0500] {override.py:1911} INFO - Created Permission View: can delete on DAG:dataset_s3_bucket_producer_with_no_taskflow
[2024-11-12T15:09:56.769-0500] {logging_mixin.py:190} INFO - [2024-11-12T15:09:56.769-0500] {override.py:1911} INFO - Created Permission View: can edit on DAG:dataset_s3_bucket_producer_with_no_taskflow
[2024-11-12T15:09:57.186-0500] {logging_mixin.py:190} INFO - [2024-11-12T15:09:57.186-0500] {override.py:1911} INFO - Created Permission View: can read on DAG Run:dataset_s3_bucket_producer_with_no_taskflow
[2024-11-12T15:09:57.523-0500] {logging_mixin.py:190} INFO - [2024-11-12T15:09:57.523-0500] {override.py:1911} INFO - Created Permission View: can create on DAG Run:dataset_s3_bucket_producer_with_no_taskflow
[2024-11-12T15:09:57.846-0500] {logging_mixin.py:190} INFO - [2024-11-12T15:09:57.845-0500] {override.py:1911} INFO - Created Permission View: can delete on DAG Run:dataset_s3_bucket_producer_with_no_taskflow
[2024-11-12T15:09:58.169-0500] {logging_mixin.py:190} INFO - [2024-11-12T15:09:58.169-0500] {override.py:1911} INFO - Created Permission View: menu access on DAG Run:dataset_s3_bucket_producer_with_no_taskflow
[2024-11-12T15:09:58.846-0500] {logging_mixin.py:190} INFO - [2024-11-12T15:09:58.846-0500] {override.py:1911} INFO - Created Permission View: can read on DAG:dataset_alias_example_alias_producer_with_no_taskflow
[2024-11-12T15:09:59.188-0500] {logging_mixin.py:190} INFO - [2024-11-12T15:09:59.188-0500] {override.py:1911} INFO - Created Permission View: can delete on DAG:dataset_alias_example_alias_producer_with_no_taskflow
[2024-11-12T15:09:59.486-0500] {logging_mixin.py:190} INFO - [2024-11-12T15:09:59.486-0500] {override.py:1911} INFO - Created Permission View: can edit on DAG:dataset_alias_example_alias_producer_with_no_taskflow
[2024-11-12T15:09:59.882-0500] {logging_mixin.py:190} INFO - [2024-11-12T15:09:59.881-0500] {override.py:1911} INFO - Created Permission View: can read on DAG Run:dataset_alias_example_alias_producer_with_no_taskflow
[2024-11-12T15:10:00.182-0500] {logging_mixin.py:190} INFO - [2024-11-12T15:10:00.181-0500] {override.py:1911} INFO - Created Permission View: can create on DAG Run:dataset_alias_example_alias_producer_with_no_taskflow
[2024-11-12T15:10:00.491-0500] {logging_mixin.py:190} INFO - [2024-11-12T15:10:00.490-0500] {override.py:1911} INFO - Created Permission View: can delete on DAG Run:dataset_alias_example_alias_producer_with_no_taskflow
[2024-11-12T15:10:00.810-0500] {logging_mixin.py:190} INFO - [2024-11-12T15:10:00.809-0500] {override.py:1911} INFO - Created Permission View: menu access on DAG Run:dataset_alias_example_alias_producer_with_no_taskflow
[2024-11-12T15:10:00.813-0500] {logging_mixin.py:190} INFO - [2024-11-12T15:10:00.813-0500] {dag.py:3239} INFO - Sync 4 DAGs
[2024-11-12T15:10:00.924-0500] {logging_mixin.py:190} INFO - [2024-11-12T15:10:00.924-0500] {dag.py:3262} INFO - Creating ORM DAG for dataset_s3_bucket_consumer_with_no_taskflow
[2024-11-12T15:10:00.926-0500] {logging_mixin.py:190} INFO - [2024-11-12T15:10:00.925-0500] {dag.py:3262} INFO - Creating ORM DAG for dataset_alias_example_alias_producer_with_no_taskflow
[2024-11-12T15:10:00.927-0500] {logging_mixin.py:190} INFO - [2024-11-12T15:10:00.927-0500] {dag.py:3262} INFO - Creating ORM DAG for dataset_alias_example_alias_consumer_with_no_taskflow
[2024-11-12T15:10:00.928-0500] {logging_mixin.py:190} INFO - [2024-11-12T15:10:00.928-0500] {dag.py:3262} INFO - Creating ORM DAG for dataset_s3_bucket_producer_with_no_taskflow
[2024-11-12T15:10:01.004-0500] {logging_mixin.py:190} INFO - [2024-11-12T15:10:01.004-0500] {dag.py:4180} INFO - Setting next_dagrun for dataset_alias_example_alias_consumer_with_no_taskflow to None, run_after=None
[2024-11-12T15:10:01.005-0500] {logging_mixin.py:190} INFO - [2024-11-12T15:10:01.005-0500] {dag.py:4180} INFO - Setting next_dagrun for dataset_alias_example_alias_producer_with_no_taskflow to None, run_after=None
[2024-11-12T15:10:01.006-0500] {logging_mixin.py:190} INFO - [2024-11-12T15:10:01.006-0500] {dag.py:4180} INFO - Setting next_dagrun for dataset_s3_bucket_consumer_with_no_taskflow to None, run_after=None
[2024-11-12T15:10:01.007-0500] {logging_mixin.py:190} INFO - [2024-11-12T15:10:01.007-0500] {dag.py:4180} INFO - Setting next_dagrun for dataset_s3_bucket_producer_with_no_taskflow to None, run_after=None
[2024-11-12T15:10:01.797-0500] {processor.py:208} INFO - Processing /home/patrick/.cache/pypoetry/virtualenvs/airflow-DG3uFiME-py3.10/lib/python3.10/site-packages/airflow/example_dags/example_dataset_alias_with_no_taskflow.py took 12.209 seconds
[2024-11-12T15:29:35.841-0500] {processor.py:186} INFO - Started process (PID=50614) to work on /home/patrick/.cache/pypoetry/virtualenvs/airflow-DG3uFiME-py3.10/lib/python3.10/site-packages/airflow/example_dags/example_dataset_alias_with_no_taskflow.py
[2024-11-12T15:29:35.842-0500] {processor.py:914} INFO - Processing file /home/patrick/.cache/pypoetry/virtualenvs/airflow-DG3uFiME-py3.10/lib/python3.10/site-packages/airflow/example_dags/example_dataset_alias_with_no_taskflow.py for tasks to queue
[2024-11-12T15:29:35.843-0500] {logging_mixin.py:190} INFO - [2024-11-12T15:29:35.843-0500] {dagbag.py:588} INFO - Filling up the DagBag from /home/patrick/.cache/pypoetry/virtualenvs/airflow-DG3uFiME-py3.10/lib/python3.10/site-packages/airflow/example_dags/example_dataset_alias_with_no_taskflow.py
[2024-11-12T15:29:36.854-0500] {processor.py:925} INFO - DAG(s) 'dataset_alias_example_alias_consumer_with_no_taskflow', 'dataset_s3_bucket_consumer_with_no_taskflow', 'dataset_s3_bucket_producer_with_no_taskflow', 'dataset_alias_example_alias_producer_with_no_taskflow' retrieved from /home/patrick/.cache/pypoetry/virtualenvs/airflow-DG3uFiME-py3.10/lib/python3.10/site-packages/airflow/example_dags/example_dataset_alias_with_no_taskflow.py
[2024-11-12T15:29:37.395-0500] {logging_mixin.py:190} INFO - [2024-11-12T15:29:37.395-0500] {dag.py:3239} INFO - Sync 4 DAGs
[2024-11-12T15:29:37.525-0500] {logging_mixin.py:190} INFO - [2024-11-12T15:29:37.524-0500] {dag.py:4180} INFO - Setting next_dagrun for dataset_alias_example_alias_consumer_with_no_taskflow to None, run_after=None
[2024-11-12T15:29:37.564-0500] {logging_mixin.py:190} INFO - [2024-11-12T15:29:37.564-0500] {dag.py:4180} INFO - Setting next_dagrun for dataset_alias_example_alias_producer_with_no_taskflow to None, run_after=None
[2024-11-12T15:29:37.602-0500] {logging_mixin.py:190} INFO - [2024-11-12T15:29:37.601-0500] {dag.py:4180} INFO - Setting next_dagrun for dataset_s3_bucket_consumer_with_no_taskflow to None, run_after=None
[2024-11-12T15:29:37.640-0500] {logging_mixin.py:190} INFO - [2024-11-12T15:29:37.640-0500] {dag.py:4180} INFO - Setting next_dagrun for dataset_s3_bucket_producer_with_no_taskflow to None, run_after=None
[2024-11-12T15:29:38.228-0500] {processor.py:208} INFO - Processing /home/patrick/.cache/pypoetry/virtualenvs/airflow-DG3uFiME-py3.10/lib/python3.10/site-packages/airflow/example_dags/example_dataset_alias_with_no_taskflow.py took 2.392 seconds
