[2024-11-12T15:10:41.622-0500] {processor.py:186} INFO - Started process (PID=45349) to work on /home/patrick/.cache/pypoetry/virtualenvs/airflow-DG3uFiME-py3.10/lib/python3.10/site-packages/airflow/example_dags/tutorial_taskflow_api.py
[2024-11-12T15:10:41.624-0500] {processor.py:914} INFO - Processing file /home/patrick/.cache/pypoetry/virtualenvs/airflow-DG3uFiME-py3.10/lib/python3.10/site-packages/airflow/example_dags/tutorial_taskflow_api.py for tasks to queue
[2024-11-12T15:10:41.626-0500] {logging_mixin.py:190} INFO - [2024-11-12T15:10:41.626-0500] {dagbag.py:588} INFO - Filling up the DagBag from /home/patrick/.cache/pypoetry/virtualenvs/airflow-DG3uFiME-py3.10/lib/python3.10/site-packages/airflow/example_dags/tutorial_taskflow_api.py
[2024-11-12T15:10:41.634-0500] {processor.py:925} INFO - DAG(s) 'tutorial_taskflow_api' retrieved from /home/patrick/.cache/pypoetry/virtualenvs/airflow-DG3uFiME-py3.10/lib/python3.10/site-packages/airflow/example_dags/tutorial_taskflow_api.py
[2024-11-12T15:10:43.017-0500] {logging_mixin.py:190} INFO - [2024-11-12T15:10:43.017-0500] {override.py:1911} INFO - Created Permission View: can read on DAG:tutorial_taskflow_api
[2024-11-12T15:10:43.338-0500] {logging_mixin.py:190} INFO - [2024-11-12T15:10:43.337-0500] {override.py:1911} INFO - Created Permission View: can delete on DAG:tutorial_taskflow_api
[2024-11-12T15:10:43.674-0500] {logging_mixin.py:190} INFO - [2024-11-12T15:10:43.673-0500] {override.py:1911} INFO - Created Permission View: can edit on DAG:tutorial_taskflow_api
[2024-11-12T15:10:44.100-0500] {logging_mixin.py:190} INFO - [2024-11-12T15:10:44.100-0500] {override.py:1911} INFO - Created Permission View: can read on DAG Run:tutorial_taskflow_api
[2024-11-12T15:10:44.402-0500] {logging_mixin.py:190} INFO - [2024-11-12T15:10:44.402-0500] {override.py:1911} INFO - Created Permission View: can create on DAG Run:tutorial_taskflow_api
[2024-11-12T15:10:44.744-0500] {logging_mixin.py:190} INFO - [2024-11-12T15:10:44.744-0500] {override.py:1911} INFO - Created Permission View: can delete on DAG Run:tutorial_taskflow_api
[2024-11-12T15:10:45.044-0500] {logging_mixin.py:190} INFO - [2024-11-12T15:10:45.044-0500] {override.py:1911} INFO - Created Permission View: menu access on DAG Run:tutorial_taskflow_api
[2024-11-12T15:10:45.046-0500] {logging_mixin.py:190} INFO - [2024-11-12T15:10:45.046-0500] {dag.py:3239} INFO - Sync 1 DAGs
[2024-11-12T15:10:45.172-0500] {logging_mixin.py:190} INFO - [2024-11-12T15:10:45.172-0500] {dag.py:3262} INFO - Creating ORM DAG for tutorial_taskflow_api
[2024-11-12T15:10:45.176-0500] {logging_mixin.py:190} INFO - [2024-11-12T15:10:45.176-0500] {dag.py:4180} INFO - Setting next_dagrun for tutorial_taskflow_api to None, run_after=None
[2024-11-12T15:10:45.722-0500] {processor.py:208} INFO - Processing /home/patrick/.cache/pypoetry/virtualenvs/airflow-DG3uFiME-py3.10/lib/python3.10/site-packages/airflow/example_dags/tutorial_taskflow_api.py took 4.104 seconds
[2024-11-12T15:29:51.454-0500] {processor.py:186} INFO - Started process (PID=50755) to work on /home/patrick/.cache/pypoetry/virtualenvs/airflow-DG3uFiME-py3.10/lib/python3.10/site-packages/airflow/example_dags/tutorial_taskflow_api.py
[2024-11-12T15:29:51.455-0500] {processor.py:914} INFO - Processing file /home/patrick/.cache/pypoetry/virtualenvs/airflow-DG3uFiME-py3.10/lib/python3.10/site-packages/airflow/example_dags/tutorial_taskflow_api.py for tasks to queue
[2024-11-12T15:29:51.457-0500] {logging_mixin.py:190} INFO - [2024-11-12T15:29:51.457-0500] {dagbag.py:588} INFO - Filling up the DagBag from /home/patrick/.cache/pypoetry/virtualenvs/airflow-DG3uFiME-py3.10/lib/python3.10/site-packages/airflow/example_dags/tutorial_taskflow_api.py
[2024-11-12T15:29:51.464-0500] {processor.py:925} INFO - DAG(s) 'tutorial_taskflow_api' retrieved from /home/patrick/.cache/pypoetry/virtualenvs/airflow-DG3uFiME-py3.10/lib/python3.10/site-packages/airflow/example_dags/tutorial_taskflow_api.py
[2024-11-12T15:29:52.290-0500] {logging_mixin.py:190} INFO - [2024-11-12T15:29:52.290-0500] {dag.py:3239} INFO - Sync 1 DAGs
[2024-11-12T15:29:52.342-0500] {logging_mixin.py:190} INFO - [2024-11-12T15:29:52.342-0500] {dag.py:4180} INFO - Setting next_dagrun for tutorial_taskflow_api to None, run_after=None
[2024-11-12T15:29:52.845-0500] {processor.py:208} INFO - Processing /home/patrick/.cache/pypoetry/virtualenvs/airflow-DG3uFiME-py3.10/lib/python3.10/site-packages/airflow/example_dags/tutorial_taskflow_api.py took 1.395 seconds
