[2024-11-12T15:10:25.616-0500] {processor.py:186} INFO - Started process (PID=45250) to work on /home/patrick/.cache/pypoetry/virtualenvs/airflow-DG3uFiME-py3.10/lib/python3.10/site-packages/airflow/example_dags/tutorial_taskflow_templates.py
[2024-11-12T15:10:25.617-0500] {processor.py:914} INFO - Processing file /home/patrick/.cache/pypoetry/virtualenvs/airflow-DG3uFiME-py3.10/lib/python3.10/site-packages/airflow/example_dags/tutorial_taskflow_templates.py for tasks to queue
[2024-11-12T15:10:25.619-0500] {logging_mixin.py:190} INFO - [2024-11-12T15:10:25.619-0500] {dagbag.py:588} INFO - Filling up the DagBag from /home/patrick/.cache/pypoetry/virtualenvs/airflow-DG3uFiME-py3.10/lib/python3.10/site-packages/airflow/example_dags/tutorial_taskflow_templates.py
[2024-11-12T15:10:25.632-0500] {processor.py:925} INFO - DAG(s) 'tutorial_taskflow_templates' retrieved from /home/patrick/.cache/pypoetry/virtualenvs/airflow-DG3uFiME-py3.10/lib/python3.10/site-packages/airflow/example_dags/tutorial_taskflow_templates.py
[2024-11-12T15:10:26.918-0500] {logging_mixin.py:190} INFO - [2024-11-12T15:10:26.917-0500] {override.py:1911} INFO - Created Permission View: can read on DAG:tutorial_taskflow_templates
[2024-11-12T15:10:27.246-0500] {logging_mixin.py:190} INFO - [2024-11-12T15:10:27.245-0500] {override.py:1911} INFO - Created Permission View: can delete on DAG:tutorial_taskflow_templates
[2024-11-12T15:10:27.595-0500] {logging_mixin.py:190} INFO - [2024-11-12T15:10:27.595-0500] {override.py:1911} INFO - Created Permission View: can edit on DAG:tutorial_taskflow_templates
[2024-11-12T15:10:28.007-0500] {logging_mixin.py:190} INFO - [2024-11-12T15:10:28.007-0500] {override.py:1911} INFO - Created Permission View: can read on DAG Run:tutorial_taskflow_templates
[2024-11-12T15:10:28.337-0500] {logging_mixin.py:190} INFO - [2024-11-12T15:10:28.336-0500] {override.py:1911} INFO - Created Permission View: can create on DAG Run:tutorial_taskflow_templates
[2024-11-12T15:10:28.649-0500] {logging_mixin.py:190} INFO - [2024-11-12T15:10:28.649-0500] {override.py:1911} INFO - Created Permission View: can delete on DAG Run:tutorial_taskflow_templates
[2024-11-12T15:10:28.962-0500] {logging_mixin.py:190} INFO - [2024-11-12T15:10:28.961-0500] {override.py:1911} INFO - Created Permission View: menu access on DAG Run:tutorial_taskflow_templates
[2024-11-12T15:10:28.963-0500] {logging_mixin.py:190} INFO - [2024-11-12T15:10:28.963-0500] {dag.py:3239} INFO - Sync 1 DAGs
[2024-11-12T15:10:29.072-0500] {logging_mixin.py:190} INFO - [2024-11-12T15:10:29.071-0500] {dag.py:3262} INFO - Creating ORM DAG for tutorial_taskflow_templates
[2024-11-12T15:10:29.156-0500] {logging_mixin.py:190} INFO - [2024-11-12T15:10:29.155-0500] {dag.py:4180} INFO - Setting next_dagrun for tutorial_taskflow_templates to 2024-11-11 00:00:00+00:00, run_after=2024-11-12 00:00:00+00:00
[2024-11-12T15:10:29.677-0500] {processor.py:208} INFO - Processing /home/patrick/.cache/pypoetry/virtualenvs/airflow-DG3uFiME-py3.10/lib/python3.10/site-packages/airflow/example_dags/tutorial_taskflow_templates.py took 4.066 seconds
[2024-11-12T15:29:44.674-0500] {processor.py:186} INFO - Started process (PID=50685) to work on /home/patrick/.cache/pypoetry/virtualenvs/airflow-DG3uFiME-py3.10/lib/python3.10/site-packages/airflow/example_dags/tutorial_taskflow_templates.py
[2024-11-12T15:29:44.676-0500] {processor.py:914} INFO - Processing file /home/patrick/.cache/pypoetry/virtualenvs/airflow-DG3uFiME-py3.10/lib/python3.10/site-packages/airflow/example_dags/tutorial_taskflow_templates.py for tasks to queue
[2024-11-12T15:29:44.678-0500] {logging_mixin.py:190} INFO - [2024-11-12T15:29:44.678-0500] {dagbag.py:588} INFO - Filling up the DagBag from /home/patrick/.cache/pypoetry/virtualenvs/airflow-DG3uFiME-py3.10/lib/python3.10/site-packages/airflow/example_dags/tutorial_taskflow_templates.py
[2024-11-12T15:29:44.689-0500] {processor.py:925} INFO - DAG(s) 'tutorial_taskflow_templates' retrieved from /home/patrick/.cache/pypoetry/virtualenvs/airflow-DG3uFiME-py3.10/lib/python3.10/site-packages/airflow/example_dags/tutorial_taskflow_templates.py
[2024-11-12T15:29:45.589-0500] {logging_mixin.py:190} INFO - [2024-11-12T15:29:45.589-0500] {dag.py:3239} INFO - Sync 1 DAGs
[2024-11-12T15:29:45.707-0500] {logging_mixin.py:190} INFO - [2024-11-12T15:29:45.707-0500] {dag.py:4180} INFO - Setting next_dagrun for tutorial_taskflow_templates to 2024-11-11 00:00:00+00:00, run_after=2024-11-12 00:00:00+00:00
[2024-11-12T15:29:46.603-0500] {processor.py:208} INFO - Processing /home/patrick/.cache/pypoetry/virtualenvs/airflow-DG3uFiME-py3.10/lib/python3.10/site-packages/airflow/example_dags/tutorial_taskflow_templates.py took 1.934 seconds
